<?xml version="1.0" encoding="UTF-8"?>
<testsuite xmlns:xsi="http://www.w3.org/2001/XMLSchema-instance" xsi:noNamespaceSchemaLocation="https://maven.apache.org/surefire/maven-failsafe-plugin/xsd/failsafe-test-report-3.0.xsd" version="3.0" name="com.epam.brest.dao.ExpenseDaoJDBCImplTestIT" time="0.1" tests="6" errors="0" skipped="0" failures="0">
  <properties>
    <property name="sun.desktop" value="gnome"/>
    <property name="awt.toolkit" value="sun.awt.X11.XToolkit"/>
    <property name="java.specification.version" value="11"/>
    <property name="sun.cpu.isalist" value=""/>
    <property name="sun.jnu.encoding" value="UTF-8"/>
    <property name="java.class.path" value="/home/medievil/development/Dzmitry-Kalustau-EH/dao/target/test-classes:/home/medievil/development/Dzmitry-Kalustau-EH/dao/target/classes:/home/medievil/development/Dzmitry-Kalustau-EH/dao-api/target/dao-api-1.0-SNAPSHOT.jar:/home/medievil/development/Dzmitry-Kalustau-EH/model/target/model-1.0-SNAPSHOT.jar:/home/medievil/.m2/repository/com/fasterxml/jackson/core/jackson-databind/2.13.0/jackson-databind-2.13.0.jar:/home/medievil/.m2/repository/com/fasterxml/jackson/core/jackson-annotations/2.13.0/jackson-annotations-2.13.0.jar:/home/medievil/.m2/repository/com/fasterxml/jackson/core/jackson-core/2.13.0/jackson-core-2.13.0.jar:/home/medievil/.m2/repository/com/fasterxml/jackson/datatype/jackson-datatype-jsr310/2.13.0/jackson-datatype-jsr310-2.13.0.jar:/home/medievil/development/Dzmitry-Kalustau-EH/test-db/target/test-db-1.0-SNAPSHOT.jar:/home/medievil/.m2/repository/com/h2database/h2/1.4.200/h2-1.4.200.jar:/home/medievil/.m2/repository/org/springframework/spring-context/5.3.4/spring-context-5.3.4.jar:/home/medievil/.m2/repository/org/springframework/spring-aop/5.3.4/spring-aop-5.3.4.jar:/home/medievil/.m2/repository/org/springframework/spring-beans/5.3.4/spring-beans-5.3.4.jar:/home/medievil/.m2/repository/org/springframework/spring-core/5.3.4/spring-core-5.3.4.jar:/home/medievil/.m2/repository/org/springframework/spring-jcl/5.3.4/spring-jcl-5.3.4.jar:/home/medievil/.m2/repository/org/springframework/spring-expression/5.3.4/spring-expression-5.3.4.jar:/home/medievil/.m2/repository/org/springframework/spring-jdbc/5.3.4/spring-jdbc-5.3.4.jar:/home/medievil/.m2/repository/org/springframework/spring-tx/5.3.4/spring-tx-5.3.4.jar:/home/medievil/.m2/repository/org/springframework/spring-test/5.3.4/spring-test-5.3.4.jar:/home/medievil/.m2/repository/org/apache/logging/log4j/log4j-api/2.14.1/log4j-api-2.14.1.jar:/home/medievil/.m2/repository/org/apache/logging/log4j/log4j-core/2.14.1/log4j-core-2.14.1.jar:/home/medievil/.m2/repository/org/junit/jupiter/junit-jupiter-engine/5.4.0/junit-jupiter-engine-5.4.0.jar:/home/medievil/.m2/repository/org/apiguardian/apiguardian-api/1.0.0/apiguardian-api-1.0.0.jar:/home/medievil/.m2/repository/org/junit/platform/junit-platform-engine/1.4.0/junit-platform-engine-1.4.0.jar:/home/medievil/.m2/repository/org/opentest4j/opentest4j/1.1.1/opentest4j-1.1.1.jar:/home/medievil/.m2/repository/org/junit/platform/junit-platform-commons/1.4.0/junit-platform-commons-1.4.0.jar:/home/medievil/.m2/repository/org/junit/jupiter/junit-jupiter-api/5.4.0/junit-jupiter-api-5.4.0.jar:/home/medievil/.m2/repository/org/mockito/mockito-core/4.1.0/mockito-core-4.1.0.jar:/home/medievil/.m2/repository/net/bytebuddy/byte-buddy/1.12.1/byte-buddy-1.12.1.jar:/home/medievil/.m2/repository/net/bytebuddy/byte-buddy-agent/1.12.1/byte-buddy-agent-1.12.1.jar:/home/medievil/.m2/repository/org/objenesis/objenesis/3.2/objenesis-3.2.jar:/home/medievil/.m2/repository/org/mockito/mockito-junit-jupiter/4.1.0/mockito-junit-jupiter-4.1.0.jar:"/>
    <property name="java.vm.vendor" value="Ubuntu"/>
    <property name="sun.arch.data.model" value="64"/>
    <property name="java.vendor.url" value="https://ubuntu.com/"/>
    <property name="user.timezone" value="Europe/Minsk"/>
    <property name="java.vm.specification.version" value="11"/>
    <property name="os.name" value="Linux"/>
    <property name="sun.java.launcher" value="SUN_STANDARD"/>
    <property name="user.country" value="RU"/>
    <property name="sun.boot.library.path" value="/usr/lib/jvm/java-11-openjdk-amd64/lib"/>
    <property name="sun.java.command" value="/home/medievil/development/Dzmitry-Kalustau-EH/dao/target/surefire/surefirebooter6852524758358354517.jar /home/medievil/development/Dzmitry-Kalustau-EH/dao/target/surefire 2021-12-12T15-20-49_019-jvmRun1 surefire9114516866815391392tmp surefire_02224524162974516849tmp"/>
    <property name="jdk.debug" value="release"/>
    <property name="surefire.test.class.path" value="/home/medievil/development/Dzmitry-Kalustau-EH/dao/target/test-classes:/home/medievil/development/Dzmitry-Kalustau-EH/dao/target/classes:/home/medievil/development/Dzmitry-Kalustau-EH/dao-api/target/dao-api-1.0-SNAPSHOT.jar:/home/medievil/development/Dzmitry-Kalustau-EH/model/target/model-1.0-SNAPSHOT.jar:/home/medievil/.m2/repository/com/fasterxml/jackson/core/jackson-databind/2.13.0/jackson-databind-2.13.0.jar:/home/medievil/.m2/repository/com/fasterxml/jackson/core/jackson-annotations/2.13.0/jackson-annotations-2.13.0.jar:/home/medievil/.m2/repository/com/fasterxml/jackson/core/jackson-core/2.13.0/jackson-core-2.13.0.jar:/home/medievil/.m2/repository/com/fasterxml/jackson/datatype/jackson-datatype-jsr310/2.13.0/jackson-datatype-jsr310-2.13.0.jar:/home/medievil/development/Dzmitry-Kalustau-EH/test-db/target/test-db-1.0-SNAPSHOT.jar:/home/medievil/.m2/repository/com/h2database/h2/1.4.200/h2-1.4.200.jar:/home/medievil/.m2/repository/org/springframework/spring-context/5.3.4/spring-context-5.3.4.jar:/home/medievil/.m2/repository/org/springframework/spring-aop/5.3.4/spring-aop-5.3.4.jar:/home/medievil/.m2/repository/org/springframework/spring-beans/5.3.4/spring-beans-5.3.4.jar:/home/medievil/.m2/repository/org/springframework/spring-core/5.3.4/spring-core-5.3.4.jar:/home/medievil/.m2/repository/org/springframework/spring-jcl/5.3.4/spring-jcl-5.3.4.jar:/home/medievil/.m2/repository/org/springframework/spring-expression/5.3.4/spring-expression-5.3.4.jar:/home/medievil/.m2/repository/org/springframework/spring-jdbc/5.3.4/spring-jdbc-5.3.4.jar:/home/medievil/.m2/repository/org/springframework/spring-tx/5.3.4/spring-tx-5.3.4.jar:/home/medievil/.m2/repository/org/springframework/spring-test/5.3.4/spring-test-5.3.4.jar:/home/medievil/.m2/repository/org/apache/logging/log4j/log4j-api/2.14.1/log4j-api-2.14.1.jar:/home/medievil/.m2/repository/org/apache/logging/log4j/log4j-core/2.14.1/log4j-core-2.14.1.jar:/home/medievil/.m2/repository/org/junit/jupiter/junit-jupiter-engine/5.4.0/junit-jupiter-engine-5.4.0.jar:/home/medievil/.m2/repository/org/apiguardian/apiguardian-api/1.0.0/apiguardian-api-1.0.0.jar:/home/medievil/.m2/repository/org/junit/platform/junit-platform-engine/1.4.0/junit-platform-engine-1.4.0.jar:/home/medievil/.m2/repository/org/opentest4j/opentest4j/1.1.1/opentest4j-1.1.1.jar:/home/medievil/.m2/repository/org/junit/platform/junit-platform-commons/1.4.0/junit-platform-commons-1.4.0.jar:/home/medievil/.m2/repository/org/junit/jupiter/junit-jupiter-api/5.4.0/junit-jupiter-api-5.4.0.jar:/home/medievil/.m2/repository/org/mockito/mockito-core/4.1.0/mockito-core-4.1.0.jar:/home/medievil/.m2/repository/net/bytebuddy/byte-buddy/1.12.1/byte-buddy-1.12.1.jar:/home/medievil/.m2/repository/net/bytebuddy/byte-buddy-agent/1.12.1/byte-buddy-agent-1.12.1.jar:/home/medievil/.m2/repository/org/objenesis/objenesis/3.2/objenesis-3.2.jar:/home/medievil/.m2/repository/org/mockito/mockito-junit-jupiter/4.1.0/mockito-junit-jupiter-4.1.0.jar:"/>
    <property name="sun.cpu.endian" value="little"/>
    <property name="user.home" value="/home/medievil"/>
    <property name="user.language" value="ru"/>
    <property name="java.specification.vendor" value="Oracle Corporation"/>
    <property name="java.version.date" value="2021-04-20"/>
    <property name="java.home" value="/usr/lib/jvm/java-11-openjdk-amd64"/>
    <property name="file.separator" value="/"/>
    <property name="basedir" value="/home/medievil/development/Dzmitry-Kalustau-EH/dao"/>
    <property name="java.vm.compressedOopsMode" value="Zero based"/>
    <property name="line.separator" value="&#10;"/>
    <property name="java.specification.name" value="Java Platform API Specification"/>
    <property name="java.vm.specification.vendor" value="Oracle Corporation"/>
    <property name="java.awt.graphicsenv" value="sun.awt.X11GraphicsEnvironment"/>
    <property name="surefire.real.class.path" value="/home/medievil/development/Dzmitry-Kalustau-EH/dao/target/surefire/surefirebooter6852524758358354517.jar"/>
    <property name="sun.management.compiler" value="HotSpot 64-Bit Tiered Compilers"/>
    <property name="java.runtime.version" value="11.0.11+9-Ubuntu-0ubuntu2.20.04"/>
    <property name="user.name" value="medievil"/>
    <property name="path.separator" value=":"/>
    <property name="os.version" value="5.11.0-41-generic"/>
    <property name="java.runtime.name" value="OpenJDK Runtime Environment"/>
    <property name="file.encoding" value="UTF-8"/>
    <property name="java.vm.name" value="OpenJDK 64-Bit Server VM"/>
    <property name="localRepository" value="/home/medievil/.m2/repository"/>
    <property name="java.vendor.url.bug" value="https://bugs.launchpad.net/ubuntu/+source/openjdk-lts"/>
    <property name="java.io.tmpdir" value="/tmp"/>
    <property name="java.version" value="11.0.11"/>
    <property name="user.dir" value="/home/medievil/development/Dzmitry-Kalustau-EH/dao"/>
    <property name="os.arch" value="amd64"/>
    <property name="java.vm.specification.name" value="Java Virtual Machine Specification"/>
    <property name="java.awt.printerjob" value="sun.print.PSPrinterJob"/>
    <property name="sun.os.patch.level" value="unknown"/>
    <property name="java.library.path" value="/usr/java/packages/lib:/usr/lib/x86_64-linux-gnu/jni:/lib/x86_64-linux-gnu:/usr/lib/x86_64-linux-gnu:/usr/lib/jni:/lib:/usr/lib"/>
    <property name="java.vm.info" value="mixed mode, sharing"/>
    <property name="java.vendor" value="Ubuntu"/>
    <property name="java.vm.version" value="11.0.11+9-Ubuntu-0ubuntu2.20.04"/>
    <property name="sun.io.unicode.encoding" value="UnicodeLittle"/>
    <property name="java.class.version" value="55.0"/>
  </properties>
  <testcase name="testFindAllExpenses" classname="com.epam.brest.dao.ExpenseDaoJDBCImplTestIT" time="0.019">
    <system-out><![CDATA[15:20:52 DEBUG BootstrapUtils       Instantiating CacheAwareContextLoaderDelegate from class [org.springframework.test.context.cache.DefaultCacheAwareContextLoaderDelegate]
15:20:52 DEBUG BootstrapUtils       Instantiating BootstrapContext using constructor [public org.springframework.test.context.support.DefaultBootstrapContext(java.lang.Class,org.springframework.test.context.CacheAwareContextLoaderDelegate)]
15:20:52 DEBUG BootstrapUtils       Instantiating TestContextBootstrapper for test class [com.epam.brest.dao.ExpenseDaoJDBCImplTestIT] from class [org.springframework.test.context.support.DefaultTestContextBootstrapper]
15:20:52 DEBUG ngSmartContextLoader Delegating to GenericXmlContextLoader to process context configuration [ContextConfigurationAttributes@756b58a7 declaringClass = 'com.epam.brest.dao.ExpenseDaoJDBCImplTestIT', classes = '{}', locations = '{classpath*:test-db.xml, classpath*:test-jdbc-conf.xml}', inheritLocations = true, initializers = '{}', inheritInitializers = true, name = [null], contextLoaderClass = 'org.springframework.test.context.ContextLoader'].
15:20:52 DEBUG ActiveProfilesUtils  Could not find an 'annotation declaring class' for annotation type [org.springframework.test.context.ActiveProfiles] and class [com.epam.brest.dao.ExpenseDaoJDBCImplTestIT]
15:20:52 DEBUG tContextBootstrapper @TestExecutionListeners is not present for class [com.epam.brest.dao.ExpenseDaoJDBCImplTestIT]: using defaults.
15:20:52 INFO  tContextBootstrapper Loaded default TestExecutionListener class names from location [META-INF/spring.factories]: [org.springframework.test.context.web.ServletTestExecutionListener, org.springframework.test.context.support.DirtiesContextBeforeModesTestExecutionListener, org.springframework.test.context.event.ApplicationEventsTestExecutionListener, org.springframework.test.context.support.DependencyInjectionTestExecutionListener, org.springframework.test.context.support.DirtiesContextTestExecutionListener, org.springframework.test.context.transaction.TransactionalTestExecutionListener, org.springframework.test.context.jdbc.SqlScriptsTestExecutionListener, org.springframework.test.context.event.EventPublishingTestExecutionListener]
15:20:52 DEBUG tContextBootstrapper Skipping candidate TestExecutionListener [org.springframework.test.context.web.ServletTestExecutionListener] due to a missing dependency. Specify custom listener classes or make the default listener classes and their required dependencies available. Offending class: [javax/servlet/ServletContext]
15:20:52 INFO  tContextBootstrapper Using TestExecutionListeners: [org.springframework.test.context.support.DirtiesContextBeforeModesTestExecutionListener@2cc04358, org.springframework.test.context.event.ApplicationEventsTestExecutionListener@68b58644, org.springframework.test.context.support.DependencyInjectionTestExecutionListener@45e22def, org.springframework.test.context.support.DirtiesContextTestExecutionListener@6ae3fb94, org.springframework.test.context.transaction.TransactionalTestExecutionListener@4417af13, org.springframework.test.context.jdbc.SqlScriptsTestExecutionListener@d48673, org.springframework.test.context.event.EventPublishingTestExecutionListener@548d5ed3]
15:20:52 DEBUG estExecutionListener Before test class: context [DefaultTestContext@21c7208d testClass = ExpenseDaoJDBCImplTestIT, testInstance = [null], testMethod = [null], testException = [null], mergedContextConfiguration = [MergedContextConfiguration@58516c91 testClass = ExpenseDaoJDBCImplTestIT, locations = '{classpath*:test-db.xml, classpath*:test-jdbc-conf.xml}', classes = '{}', contextInitializerClasses = '[]', activeProfiles = '{}', propertySourceLocations = '{}', propertySourceProperties = '{}', contextCustomizers = set[[empty]], contextLoader = 'org.springframework.test.context.support.DelegatingSmartContextLoader', parent = [null]], attributes = map[[empty]]], class annotated with @DirtiesContext [false] with mode [null].
15:20:52 DEBUG ontextLoaderDelegate Retrieved ApplicationContext [1831141281] from cache with key [[MergedContextConfiguration@58516c91 testClass = ExpenseDaoJDBCImplTestIT, locations = '{classpath*:test-db.xml, classpath*:test-jdbc-conf.xml}', classes = '{}', contextInitializerClasses = '[]', activeProfiles = '{}', propertySourceLocations = '{}', propertySourceProperties = '{}', contextCustomizers = set[[empty]], contextLoader = 'org.springframework.test.context.support.DelegatingSmartContextLoader', parent = [null]]]
15:20:52 DEBUG DefaultContextCache  Spring test ApplicationContext cache statistics: [DefaultContextCache@d56aaa6 size = 1, maxSize = 32, parentContextCount = 0, hitCount = 57, missCount = 1]
15:20:52 DEBUG ontextLoaderDelegate Retrieved ApplicationContext [1831141281] from cache with key [[MergedContextConfiguration@58516c91 testClass = ExpenseDaoJDBCImplTestIT, locations = '{classpath*:test-db.xml, classpath*:test-jdbc-conf.xml}', classes = '{}', contextInitializerClasses = '[]', activeProfiles = '{}', propertySourceLocations = '{}', propertySourceProperties = '{}', contextCustomizers = set[[empty]], contextLoader = 'org.springframework.test.context.support.DelegatingSmartContextLoader', parent = [null]]]
15:20:52 DEBUG DefaultContextCache  Spring test ApplicationContext cache statistics: [DefaultContextCache@d56aaa6 size = 1, maxSize = 32, parentContextCount = 0, hitCount = 58, missCount = 1]
15:20:52 DEBUG estExecutionListener Performing dependency injection for test context [[DefaultTestContext@21c7208d testClass = ExpenseDaoJDBCImplTestIT, testInstance = com.epam.brest.dao.ExpenseDaoJDBCImplTestIT@42d73c61, testMethod = [null], testException = [null], mergedContextConfiguration = [MergedContextConfiguration@58516c91 testClass = ExpenseDaoJDBCImplTestIT, locations = '{classpath*:test-db.xml, classpath*:test-jdbc-conf.xml}', classes = '{}', contextInitializerClasses = '[]', activeProfiles = '{}', propertySourceLocations = '{}', propertySourceProperties = '{}', contextCustomizers = set[[empty]], contextLoader = 'org.springframework.test.context.support.DelegatingSmartContextLoader', parent = [null]], attributes = map['org.springframework.test.context.event.ApplicationEventsTestExecutionListener.recordApplicationEvents' -> false]]].
15:20:52 DEBUG ontextLoaderDelegate Retrieved ApplicationContext [1831141281] from cache with key [[MergedContextConfiguration@58516c91 testClass = ExpenseDaoJDBCImplTestIT, locations = '{classpath*:test-db.xml, classpath*:test-jdbc-conf.xml}', classes = '{}', contextInitializerClasses = '[]', activeProfiles = '{}', propertySourceLocations = '{}', propertySourceProperties = '{}', contextCustomizers = set[[empty]], contextLoader = 'org.springframework.test.context.support.DelegatingSmartContextLoader', parent = [null]]]
15:20:52 DEBUG DefaultContextCache  Spring test ApplicationContext cache statistics: [DefaultContextCache@d56aaa6 size = 1, maxSize = 32, parentContextCount = 0, hitCount = 59, missCount = 1]
15:20:52 DEBUG ontextLoaderDelegate Retrieved ApplicationContext [1831141281] from cache with key [[MergedContextConfiguration@58516c91 testClass = ExpenseDaoJDBCImplTestIT, locations = '{classpath*:test-db.xml, classpath*:test-jdbc-conf.xml}', classes = '{}', contextInitializerClasses = '[]', activeProfiles = '{}', propertySourceLocations = '{}', propertySourceProperties = '{}', contextCustomizers = set[[empty]], contextLoader = 'org.springframework.test.context.support.DelegatingSmartContextLoader', parent = [null]]]
15:20:52 DEBUG DefaultContextCache  Spring test ApplicationContext cache statistics: [DefaultContextCache@d56aaa6 size = 1, maxSize = 32, parentContextCount = 0, hitCount = 60, missCount = 1]
15:20:52 DEBUG estExecutionListener Before test method: context [DefaultTestContext@21c7208d testClass = ExpenseDaoJDBCImplTestIT, testInstance = com.epam.brest.dao.ExpenseDaoJDBCImplTestIT@42d73c61, testMethod = testFindAllExpenses@ExpenseDaoJDBCImplTestIT, testException = [null], mergedContextConfiguration = [MergedContextConfiguration@58516c91 testClass = ExpenseDaoJDBCImplTestIT, locations = '{classpath*:test-db.xml, classpath*:test-jdbc-conf.xml}', classes = '{}', contextInitializerClasses = '[]', activeProfiles = '{}', propertySourceLocations = '{}', propertySourceProperties = '{}', contextCustomizers = set[[empty]], contextLoader = 'org.springframework.test.context.support.DelegatingSmartContextLoader', parent = [null]], attributes = map['org.springframework.test.context.event.ApplicationEventsTestExecutionListener.recordApplicationEvents' -> false]], class annotated with @DirtiesContext [false] with mode [null], method annotated with @DirtiesContext [false] with mode [null].
15:20:52 DEBUG estExecutionListener Explicit transaction definition [PROPAGATION_REQUIRED,ISOLATION_DEFAULT] found for test context [DefaultTestContext@21c7208d testClass = ExpenseDaoJDBCImplTestIT, testInstance = com.epam.brest.dao.ExpenseDaoJDBCImplTestIT@42d73c61, testMethod = testFindAllExpenses@ExpenseDaoJDBCImplTestIT, testException = [null], mergedContextConfiguration = [MergedContextConfiguration@58516c91 testClass = ExpenseDaoJDBCImplTestIT, locations = '{classpath*:test-db.xml, classpath*:test-jdbc-conf.xml}', classes = '{}', contextInitializerClasses = '[]', activeProfiles = '{}', propertySourceLocations = '{}', propertySourceProperties = '{}', contextCustomizers = set[[empty]], contextLoader = 'org.springframework.test.context.support.DelegatingSmartContextLoader', parent = [null]], attributes = map['org.springframework.test.context.event.ApplicationEventsTestExecutionListener.recordApplicationEvents' -> false]]
15:20:52 DEBUG ontextLoaderDelegate Retrieved ApplicationContext [1831141281] from cache with key [[MergedContextConfiguration@58516c91 testClass = ExpenseDaoJDBCImplTestIT, locations = '{classpath*:test-db.xml, classpath*:test-jdbc-conf.xml}', classes = '{}', contextInitializerClasses = '[]', activeProfiles = '{}', propertySourceLocations = '{}', propertySourceProperties = '{}', contextCustomizers = set[[empty]], contextLoader = 'org.springframework.test.context.support.DelegatingSmartContextLoader', parent = [null]]]
15:20:52 DEBUG DefaultContextCache  Spring test ApplicationContext cache statistics: [DefaultContextCache@d56aaa6 size = 1, maxSize = 32, parentContextCount = 0, hitCount = 61, missCount = 1]
15:20:52 DEBUG estExecutionListener Retrieved default @Rollback(true) for test class [com.epam.brest.dao.ExpenseDaoJDBCImplTestIT].
15:20:52 DEBUG estExecutionListener No method-level @Rollback override: using default rollback [true] for test context [DefaultTestContext@21c7208d testClass = ExpenseDaoJDBCImplTestIT, testInstance = com.epam.brest.dao.ExpenseDaoJDBCImplTestIT@42d73c61, testMethod = testFindAllExpenses@ExpenseDaoJDBCImplTestIT, testException = [null], mergedContextConfiguration = [MergedContextConfiguration@58516c91 testClass = ExpenseDaoJDBCImplTestIT, locations = '{classpath*:test-db.xml, classpath*:test-jdbc-conf.xml}', classes = '{}', contextInitializerClasses = '[]', activeProfiles = '{}', propertySourceLocations = '{}', propertySourceProperties = '{}', contextCustomizers = set[[empty]], contextLoader = 'org.springframework.test.context.support.DelegatingSmartContextLoader', parent = [null]], attributes = map['org.springframework.test.context.event.ApplicationEventsTestExecutionListener.recordApplicationEvents' -> false]].
15:20:52 DEBUG rmTransactionManager Creating new transaction with name [com.epam.brest.dao.ExpenseDaoJDBCImplTestIT.testFindAllExpenses]: PROPAGATION_REQUIRED,ISOLATION_DEFAULT
15:20:52 DEBUG verManagerDataSource Creating new JDBC DriverManager Connection to [jdbc:h2:mem:test-db;MODE=MySQL;DB_CLOSE_DELAY=-1]
15:20:52 DEBUG ceTransactionManager Acquired Connection [conn8: url=jdbc:h2:mem:test-db user=SA] for JDBC transaction
15:20:52 DEBUG ceTransactionManager Switching JDBC Connection [conn8: url=jdbc:h2:mem:test-db user=SA] to manual commit
15:20:52 INFO  TransactionContext   Began transaction (1) for test context [DefaultTestContext@21c7208d testClass = ExpenseDaoJDBCImplTestIT, testInstance = com.epam.brest.dao.ExpenseDaoJDBCImplTestIT@42d73c61, testMethod = testFindAllExpenses@ExpenseDaoJDBCImplTestIT, testException = [null], mergedContextConfiguration = [MergedContextConfiguration@58516c91 testClass = ExpenseDaoJDBCImplTestIT, locations = '{classpath*:test-db.xml, classpath*:test-jdbc-conf.xml}', classes = '{}', contextInitializerClasses = '[]', activeProfiles = '{}', propertySourceLocations = '{}', propertySourceProperties = '{}', contextCustomizers = set[[empty]], contextLoader = 'org.springframework.test.context.support.DelegatingSmartContextLoader', parent = [null]], attributes = map['org.springframework.test.context.event.ApplicationEventsTestExecutionListener.recordApplicationEvents' -> false]]; transaction manager [org.springframework.jdbc.datasource.DataSourceTransactionManager@7495699f]; rollback [true]
15:20:52 DEBUG ontextLoaderDelegate Retrieved ApplicationContext [1831141281] from cache with key [[MergedContextConfiguration@58516c91 testClass = ExpenseDaoJDBCImplTestIT, locations = '{classpath*:test-db.xml, classpath*:test-jdbc-conf.xml}', classes = '{}', contextInitializerClasses = '[]', activeProfiles = '{}', propertySourceLocations = '{}', propertySourceProperties = '{}', contextCustomizers = set[[empty]], contextLoader = 'org.springframework.test.context.support.DelegatingSmartContextLoader', parent = [null]]]
15:20:52 DEBUG DefaultContextCache  Spring test ApplicationContext cache statistics: [DefaultContextCache@d56aaa6 size = 1, maxSize = 32, parentContextCount = 0, hitCount = 62, missCount = 1]
15:20:52 DEBUG ontextLoaderDelegate Retrieved ApplicationContext [1831141281] from cache with key [[MergedContextConfiguration@58516c91 testClass = ExpenseDaoJDBCImplTestIT, locations = '{classpath*:test-db.xml, classpath*:test-jdbc-conf.xml}', classes = '{}', contextInitializerClasses = '[]', activeProfiles = '{}', propertySourceLocations = '{}', propertySourceProperties = '{}', contextCustomizers = set[[empty]], contextLoader = 'org.springframework.test.context.support.DelegatingSmartContextLoader', parent = [null]]]
15:20:52 DEBUG DefaultContextCache  Spring test ApplicationContext cache statistics: [DefaultContextCache@d56aaa6 size = 1, maxSize = 32, parentContextCount = 0, hitCount = 63, missCount = 1]
15:20:52 DEBUG nseDaoJDBCImplTestIT Execute IT test findAllExpenses()
15:20:52 DEBUG ExpenseDaoJDBCImpl   Find all expenses
15:20:52 DEBUG JdbcTemplate         Executing prepared SQL query
15:20:52 DEBUG JdbcTemplate         Executing prepared SQL statement [SELECT * FROM expense]
15:20:52 DEBUG ontextLoaderDelegate Retrieved ApplicationContext [1831141281] from cache with key [[MergedContextConfiguration@58516c91 testClass = ExpenseDaoJDBCImplTestIT, locations = '{classpath*:test-db.xml, classpath*:test-jdbc-conf.xml}', classes = '{}', contextInitializerClasses = '[]', activeProfiles = '{}', propertySourceLocations = '{}', propertySourceProperties = '{}', contextCustomizers = set[[empty]], contextLoader = 'org.springframework.test.context.support.DelegatingSmartContextLoader', parent = [null]]]
15:20:52 DEBUG DefaultContextCache  Spring test ApplicationContext cache statistics: [DefaultContextCache@d56aaa6 size = 1, maxSize = 32, parentContextCount = 0, hitCount = 64, missCount = 1]
15:20:52 DEBUG ontextLoaderDelegate Retrieved ApplicationContext [1831141281] from cache with key [[MergedContextConfiguration@58516c91 testClass = ExpenseDaoJDBCImplTestIT, locations = '{classpath*:test-db.xml, classpath*:test-jdbc-conf.xml}', classes = '{}', contextInitializerClasses = '[]', activeProfiles = '{}', propertySourceLocations = '{}', propertySourceProperties = '{}', contextCustomizers = set[[empty]], contextLoader = 'org.springframework.test.context.support.DelegatingSmartContextLoader', parent = [null]]]
15:20:52 DEBUG DefaultContextCache  Spring test ApplicationContext cache statistics: [DefaultContextCache@d56aaa6 size = 1, maxSize = 32, parentContextCount = 0, hitCount = 65, missCount = 1]
15:20:52 DEBUG rmTransactionManager Initiating transaction rollback
15:20:52 DEBUG ceTransactionManager Rolling back JDBC transaction on Connection [conn8: url=jdbc:h2:mem:test-db user=SA]
15:20:52 DEBUG ceTransactionManager Releasing JDBC Connection [conn8: url=jdbc:h2:mem:test-db user=SA] after transaction
15:20:52 INFO  TransactionContext   Rolled back transaction for test: [DefaultTestContext@21c7208d testClass = ExpenseDaoJDBCImplTestIT, testInstance = com.epam.brest.dao.ExpenseDaoJDBCImplTestIT@42d73c61, testMethod = testFindAllExpenses@ExpenseDaoJDBCImplTestIT, testException = [null], mergedContextConfiguration = [MergedContextConfiguration@58516c91 testClass = ExpenseDaoJDBCImplTestIT, locations = '{classpath*:test-db.xml, classpath*:test-jdbc-conf.xml}', classes = '{}', contextInitializerClasses = '[]', activeProfiles = '{}', propertySourceLocations = '{}', propertySourceProperties = '{}', contextCustomizers = set[[empty]], contextLoader = 'org.springframework.test.context.support.DelegatingSmartContextLoader', parent = [null]], attributes = map['org.springframework.test.context.event.ApplicationEventsTestExecutionListener.recordApplicationEvents' -> false]]
15:20:52 DEBUG estExecutionListener After test method: context [DefaultTestContext@21c7208d testClass = ExpenseDaoJDBCImplTestIT, testInstance = com.epam.brest.dao.ExpenseDaoJDBCImplTestIT@42d73c61, testMethod = testFindAllExpenses@ExpenseDaoJDBCImplTestIT, testException = [null], mergedContextConfiguration = [MergedContextConfiguration@58516c91 testClass = ExpenseDaoJDBCImplTestIT, locations = '{classpath*:test-db.xml, classpath*:test-jdbc-conf.xml}', classes = '{}', contextInitializerClasses = '[]', activeProfiles = '{}', propertySourceLocations = '{}', propertySourceProperties = '{}', contextCustomizers = set[[empty]], contextLoader = 'org.springframework.test.context.support.DelegatingSmartContextLoader', parent = [null]], attributes = map['org.springframework.test.context.event.ApplicationEventsTestExecutionListener.recordApplicationEvents' -> false]], class annotated with @DirtiesContext [false] with mode [null], method annotated with @DirtiesContext [false] with mode [null].
]]></system-out>
  </testcase>
  <testcase name="testCreateIncorrectExpense" classname="com.epam.brest.dao.ExpenseDaoJDBCImplTestIT" time="0.014">
    <system-out><![CDATA[15:20:52 DEBUG ontextLoaderDelegate Retrieved ApplicationContext [1831141281] from cache with key [[MergedContextConfiguration@58516c91 testClass = ExpenseDaoJDBCImplTestIT, locations = '{classpath*:test-db.xml, classpath*:test-jdbc-conf.xml}', classes = '{}', contextInitializerClasses = '[]', activeProfiles = '{}', propertySourceLocations = '{}', propertySourceProperties = '{}', contextCustomizers = set[[empty]], contextLoader = 'org.springframework.test.context.support.DelegatingSmartContextLoader', parent = [null]]]
15:20:52 DEBUG DefaultContextCache  Spring test ApplicationContext cache statistics: [DefaultContextCache@d56aaa6 size = 1, maxSize = 32, parentContextCount = 0, hitCount = 66, missCount = 1]
15:20:52 DEBUG estExecutionListener Performing dependency injection for test context [[DefaultTestContext@21c7208d testClass = ExpenseDaoJDBCImplTestIT, testInstance = com.epam.brest.dao.ExpenseDaoJDBCImplTestIT@7ed9499e, testMethod = [null], testException = [null], mergedContextConfiguration = [MergedContextConfiguration@58516c91 testClass = ExpenseDaoJDBCImplTestIT, locations = '{classpath*:test-db.xml, classpath*:test-jdbc-conf.xml}', classes = '{}', contextInitializerClasses = '[]', activeProfiles = '{}', propertySourceLocations = '{}', propertySourceProperties = '{}', contextCustomizers = set[[empty]], contextLoader = 'org.springframework.test.context.support.DelegatingSmartContextLoader', parent = [null]], attributes = map['org.springframework.test.context.event.ApplicationEventsTestExecutionListener.recordApplicationEvents' -> false]]].
15:20:52 DEBUG ontextLoaderDelegate Retrieved ApplicationContext [1831141281] from cache with key [[MergedContextConfiguration@58516c91 testClass = ExpenseDaoJDBCImplTestIT, locations = '{classpath*:test-db.xml, classpath*:test-jdbc-conf.xml}', classes = '{}', contextInitializerClasses = '[]', activeProfiles = '{}', propertySourceLocations = '{}', propertySourceProperties = '{}', contextCustomizers = set[[empty]], contextLoader = 'org.springframework.test.context.support.DelegatingSmartContextLoader', parent = [null]]]
15:20:52 DEBUG DefaultContextCache  Spring test ApplicationContext cache statistics: [DefaultContextCache@d56aaa6 size = 1, maxSize = 32, parentContextCount = 0, hitCount = 67, missCount = 1]
15:20:52 DEBUG ontextLoaderDelegate Retrieved ApplicationContext [1831141281] from cache with key [[MergedContextConfiguration@58516c91 testClass = ExpenseDaoJDBCImplTestIT, locations = '{classpath*:test-db.xml, classpath*:test-jdbc-conf.xml}', classes = '{}', contextInitializerClasses = '[]', activeProfiles = '{}', propertySourceLocations = '{}', propertySourceProperties = '{}', contextCustomizers = set[[empty]], contextLoader = 'org.springframework.test.context.support.DelegatingSmartContextLoader', parent = [null]]]
15:20:52 DEBUG DefaultContextCache  Spring test ApplicationContext cache statistics: [DefaultContextCache@d56aaa6 size = 1, maxSize = 32, parentContextCount = 0, hitCount = 68, missCount = 1]
15:20:52 DEBUG estExecutionListener Before test method: context [DefaultTestContext@21c7208d testClass = ExpenseDaoJDBCImplTestIT, testInstance = com.epam.brest.dao.ExpenseDaoJDBCImplTestIT@7ed9499e, testMethod = testCreateIncorrectExpense@ExpenseDaoJDBCImplTestIT, testException = [null], mergedContextConfiguration = [MergedContextConfiguration@58516c91 testClass = ExpenseDaoJDBCImplTestIT, locations = '{classpath*:test-db.xml, classpath*:test-jdbc-conf.xml}', classes = '{}', contextInitializerClasses = '[]', activeProfiles = '{}', propertySourceLocations = '{}', propertySourceProperties = '{}', contextCustomizers = set[[empty]], contextLoader = 'org.springframework.test.context.support.DelegatingSmartContextLoader', parent = [null]], attributes = map['org.springframework.test.context.event.ApplicationEventsTestExecutionListener.recordApplicationEvents' -> false]], class annotated with @DirtiesContext [false] with mode [null], method annotated with @DirtiesContext [false] with mode [null].
15:20:52 DEBUG estExecutionListener Explicit transaction definition [PROPAGATION_REQUIRED,ISOLATION_DEFAULT] found for test context [DefaultTestContext@21c7208d testClass = ExpenseDaoJDBCImplTestIT, testInstance = com.epam.brest.dao.ExpenseDaoJDBCImplTestIT@7ed9499e, testMethod = testCreateIncorrectExpense@ExpenseDaoJDBCImplTestIT, testException = [null], mergedContextConfiguration = [MergedContextConfiguration@58516c91 testClass = ExpenseDaoJDBCImplTestIT, locations = '{classpath*:test-db.xml, classpath*:test-jdbc-conf.xml}', classes = '{}', contextInitializerClasses = '[]', activeProfiles = '{}', propertySourceLocations = '{}', propertySourceProperties = '{}', contextCustomizers = set[[empty]], contextLoader = 'org.springframework.test.context.support.DelegatingSmartContextLoader', parent = [null]], attributes = map['org.springframework.test.context.event.ApplicationEventsTestExecutionListener.recordApplicationEvents' -> false]]
15:20:52 DEBUG ontextLoaderDelegate Retrieved ApplicationContext [1831141281] from cache with key [[MergedContextConfiguration@58516c91 testClass = ExpenseDaoJDBCImplTestIT, locations = '{classpath*:test-db.xml, classpath*:test-jdbc-conf.xml}', classes = '{}', contextInitializerClasses = '[]', activeProfiles = '{}', propertySourceLocations = '{}', propertySourceProperties = '{}', contextCustomizers = set[[empty]], contextLoader = 'org.springframework.test.context.support.DelegatingSmartContextLoader', parent = [null]]]
15:20:52 DEBUG DefaultContextCache  Spring test ApplicationContext cache statistics: [DefaultContextCache@d56aaa6 size = 1, maxSize = 32, parentContextCount = 0, hitCount = 69, missCount = 1]
15:20:52 DEBUG estExecutionListener Retrieved default @Rollback(true) for test class [com.epam.brest.dao.ExpenseDaoJDBCImplTestIT].
15:20:52 DEBUG estExecutionListener No method-level @Rollback override: using default rollback [true] for test context [DefaultTestContext@21c7208d testClass = ExpenseDaoJDBCImplTestIT, testInstance = com.epam.brest.dao.ExpenseDaoJDBCImplTestIT@7ed9499e, testMethod = testCreateIncorrectExpense@ExpenseDaoJDBCImplTestIT, testException = [null], mergedContextConfiguration = [MergedContextConfiguration@58516c91 testClass = ExpenseDaoJDBCImplTestIT, locations = '{classpath*:test-db.xml, classpath*:test-jdbc-conf.xml}', classes = '{}', contextInitializerClasses = '[]', activeProfiles = '{}', propertySourceLocations = '{}', propertySourceProperties = '{}', contextCustomizers = set[[empty]], contextLoader = 'org.springframework.test.context.support.DelegatingSmartContextLoader', parent = [null]], attributes = map['org.springframework.test.context.event.ApplicationEventsTestExecutionListener.recordApplicationEvents' -> false]].
15:20:52 DEBUG rmTransactionManager Creating new transaction with name [com.epam.brest.dao.ExpenseDaoJDBCImplTestIT.testCreateIncorrectExpense]: PROPAGATION_REQUIRED,ISOLATION_DEFAULT
15:20:52 DEBUG verManagerDataSource Creating new JDBC DriverManager Connection to [jdbc:h2:mem:test-db;MODE=MySQL;DB_CLOSE_DELAY=-1]
15:20:52 DEBUG ceTransactionManager Acquired Connection [conn9: url=jdbc:h2:mem:test-db user=SA] for JDBC transaction
15:20:52 DEBUG ceTransactionManager Switching JDBC Connection [conn9: url=jdbc:h2:mem:test-db user=SA] to manual commit
15:20:52 INFO  TransactionContext   Began transaction (1) for test context [DefaultTestContext@21c7208d testClass = ExpenseDaoJDBCImplTestIT, testInstance = com.epam.brest.dao.ExpenseDaoJDBCImplTestIT@7ed9499e, testMethod = testCreateIncorrectExpense@ExpenseDaoJDBCImplTestIT, testException = [null], mergedContextConfiguration = [MergedContextConfiguration@58516c91 testClass = ExpenseDaoJDBCImplTestIT, locations = '{classpath*:test-db.xml, classpath*:test-jdbc-conf.xml}', classes = '{}', contextInitializerClasses = '[]', activeProfiles = '{}', propertySourceLocations = '{}', propertySourceProperties = '{}', contextCustomizers = set[[empty]], contextLoader = 'org.springframework.test.context.support.DelegatingSmartContextLoader', parent = [null]], attributes = map['org.springframework.test.context.event.ApplicationEventsTestExecutionListener.recordApplicationEvents' -> false]]; transaction manager [org.springframework.jdbc.datasource.DataSourceTransactionManager@7495699f]; rollback [true]
15:20:52 DEBUG ontextLoaderDelegate Retrieved ApplicationContext [1831141281] from cache with key [[MergedContextConfiguration@58516c91 testClass = ExpenseDaoJDBCImplTestIT, locations = '{classpath*:test-db.xml, classpath*:test-jdbc-conf.xml}', classes = '{}', contextInitializerClasses = '[]', activeProfiles = '{}', propertySourceLocations = '{}', propertySourceProperties = '{}', contextCustomizers = set[[empty]], contextLoader = 'org.springframework.test.context.support.DelegatingSmartContextLoader', parent = [null]]]
15:20:52 DEBUG DefaultContextCache  Spring test ApplicationContext cache statistics: [DefaultContextCache@d56aaa6 size = 1, maxSize = 32, parentContextCount = 0, hitCount = 70, missCount = 1]
15:20:52 DEBUG ontextLoaderDelegate Retrieved ApplicationContext [1831141281] from cache with key [[MergedContextConfiguration@58516c91 testClass = ExpenseDaoJDBCImplTestIT, locations = '{classpath*:test-db.xml, classpath*:test-jdbc-conf.xml}', classes = '{}', contextInitializerClasses = '[]', activeProfiles = '{}', propertySourceLocations = '{}', propertySourceProperties = '{}', contextCustomizers = set[[empty]], contextLoader = 'org.springframework.test.context.support.DelegatingSmartContextLoader', parent = [null]]]
15:20:52 DEBUG DefaultContextCache  Spring test ApplicationContext cache statistics: [DefaultContextCache@d56aaa6 size = 1, maxSize = 32, parentContextCount = 0, hitCount = 71, missCount = 1]
15:20:52 DEBUG nseDaoJDBCImplTestIT Execute IT test createIncorrectExpense()
15:20:52 DEBUG ExpenseDaoJDBCImpl   Create expense com.epam.brest.model.Expense@10ef5fa0
15:20:52 DEBUG ExpenseDaoJDBCImpl   Check for the passed categoryId = 50
15:20:52 DEBUG JdbcTemplate         Executing prepared SQL query
15:20:52 DEBUG JdbcTemplate         Executing prepared SQL statement [SELECT c.category_id, c.category_name FROM category c ORDER BY c.category_id]
15:20:52 ERROR ExpenseDaoJDBCImpl   such categoryId = 50 with expenseId = null does not exists
15:20:52 DEBUG ontextLoaderDelegate Retrieved ApplicationContext [1831141281] from cache with key [[MergedContextConfiguration@58516c91 testClass = ExpenseDaoJDBCImplTestIT, locations = '{classpath*:test-db.xml, classpath*:test-jdbc-conf.xml}', classes = '{}', contextInitializerClasses = '[]', activeProfiles = '{}', propertySourceLocations = '{}', propertySourceProperties = '{}', contextCustomizers = set[[empty]], contextLoader = 'org.springframework.test.context.support.DelegatingSmartContextLoader', parent = [null]]]
15:20:52 DEBUG DefaultContextCache  Spring test ApplicationContext cache statistics: [DefaultContextCache@d56aaa6 size = 1, maxSize = 32, parentContextCount = 0, hitCount = 72, missCount = 1]
15:20:52 DEBUG ontextLoaderDelegate Retrieved ApplicationContext [1831141281] from cache with key [[MergedContextConfiguration@58516c91 testClass = ExpenseDaoJDBCImplTestIT, locations = '{classpath*:test-db.xml, classpath*:test-jdbc-conf.xml}', classes = '{}', contextInitializerClasses = '[]', activeProfiles = '{}', propertySourceLocations = '{}', propertySourceProperties = '{}', contextCustomizers = set[[empty]], contextLoader = 'org.springframework.test.context.support.DelegatingSmartContextLoader', parent = [null]]]
15:20:52 DEBUG DefaultContextCache  Spring test ApplicationContext cache statistics: [DefaultContextCache@d56aaa6 size = 1, maxSize = 32, parentContextCount = 0, hitCount = 73, missCount = 1]
15:20:52 DEBUG rmTransactionManager Initiating transaction rollback
15:20:52 DEBUG ceTransactionManager Rolling back JDBC transaction on Connection [conn9: url=jdbc:h2:mem:test-db user=SA]
15:20:52 DEBUG ceTransactionManager Releasing JDBC Connection [conn9: url=jdbc:h2:mem:test-db user=SA] after transaction
15:20:52 INFO  TransactionContext   Rolled back transaction for test: [DefaultTestContext@21c7208d testClass = ExpenseDaoJDBCImplTestIT, testInstance = com.epam.brest.dao.ExpenseDaoJDBCImplTestIT@7ed9499e, testMethod = testCreateIncorrectExpense@ExpenseDaoJDBCImplTestIT, testException = [null], mergedContextConfiguration = [MergedContextConfiguration@58516c91 testClass = ExpenseDaoJDBCImplTestIT, locations = '{classpath*:test-db.xml, classpath*:test-jdbc-conf.xml}', classes = '{}', contextInitializerClasses = '[]', activeProfiles = '{}', propertySourceLocations = '{}', propertySourceProperties = '{}', contextCustomizers = set[[empty]], contextLoader = 'org.springframework.test.context.support.DelegatingSmartContextLoader', parent = [null]], attributes = map['org.springframework.test.context.event.ApplicationEventsTestExecutionListener.recordApplicationEvents' -> false]]
15:20:52 DEBUG estExecutionListener After test method: context [DefaultTestContext@21c7208d testClass = ExpenseDaoJDBCImplTestIT, testInstance = com.epam.brest.dao.ExpenseDaoJDBCImplTestIT@7ed9499e, testMethod = testCreateIncorrectExpense@ExpenseDaoJDBCImplTestIT, testException = [null], mergedContextConfiguration = [MergedContextConfiguration@58516c91 testClass = ExpenseDaoJDBCImplTestIT, locations = '{classpath*:test-db.xml, classpath*:test-jdbc-conf.xml}', classes = '{}', contextInitializerClasses = '[]', activeProfiles = '{}', propertySourceLocations = '{}', propertySourceProperties = '{}', contextCustomizers = set[[empty]], contextLoader = 'org.springframework.test.context.support.DelegatingSmartContextLoader', parent = [null]], attributes = map['org.springframework.test.context.event.ApplicationEventsTestExecutionListener.recordApplicationEvents' -> false]], class annotated with @DirtiesContext [false] with mode [null], method annotated with @DirtiesContext [false] with mode [null].
]]></system-out>
  </testcase>
  <testcase name="testGetExpenseById" classname="com.epam.brest.dao.ExpenseDaoJDBCImplTestIT" time="0.011">
    <system-out><![CDATA[15:20:52 DEBUG ontextLoaderDelegate Retrieved ApplicationContext [1831141281] from cache with key [[MergedContextConfiguration@58516c91 testClass = ExpenseDaoJDBCImplTestIT, locations = '{classpath*:test-db.xml, classpath*:test-jdbc-conf.xml}', classes = '{}', contextInitializerClasses = '[]', activeProfiles = '{}', propertySourceLocations = '{}', propertySourceProperties = '{}', contextCustomizers = set[[empty]], contextLoader = 'org.springframework.test.context.support.DelegatingSmartContextLoader', parent = [null]]]
15:20:52 DEBUG DefaultContextCache  Spring test ApplicationContext cache statistics: [DefaultContextCache@d56aaa6 size = 1, maxSize = 32, parentContextCount = 0, hitCount = 74, missCount = 1]
15:20:52 DEBUG estExecutionListener Performing dependency injection for test context [[DefaultTestContext@21c7208d testClass = ExpenseDaoJDBCImplTestIT, testInstance = com.epam.brest.dao.ExpenseDaoJDBCImplTestIT@b25b095, testMethod = [null], testException = [null], mergedContextConfiguration = [MergedContextConfiguration@58516c91 testClass = ExpenseDaoJDBCImplTestIT, locations = '{classpath*:test-db.xml, classpath*:test-jdbc-conf.xml}', classes = '{}', contextInitializerClasses = '[]', activeProfiles = '{}', propertySourceLocations = '{}', propertySourceProperties = '{}', contextCustomizers = set[[empty]], contextLoader = 'org.springframework.test.context.support.DelegatingSmartContextLoader', parent = [null]], attributes = map['org.springframework.test.context.event.ApplicationEventsTestExecutionListener.recordApplicationEvents' -> false]]].
15:20:52 DEBUG ontextLoaderDelegate Retrieved ApplicationContext [1831141281] from cache with key [[MergedContextConfiguration@58516c91 testClass = ExpenseDaoJDBCImplTestIT, locations = '{classpath*:test-db.xml, classpath*:test-jdbc-conf.xml}', classes = '{}', contextInitializerClasses = '[]', activeProfiles = '{}', propertySourceLocations = '{}', propertySourceProperties = '{}', contextCustomizers = set[[empty]], contextLoader = 'org.springframework.test.context.support.DelegatingSmartContextLoader', parent = [null]]]
15:20:52 DEBUG DefaultContextCache  Spring test ApplicationContext cache statistics: [DefaultContextCache@d56aaa6 size = 1, maxSize = 32, parentContextCount = 0, hitCount = 75, missCount = 1]
15:20:52 DEBUG ontextLoaderDelegate Retrieved ApplicationContext [1831141281] from cache with key [[MergedContextConfiguration@58516c91 testClass = ExpenseDaoJDBCImplTestIT, locations = '{classpath*:test-db.xml, classpath*:test-jdbc-conf.xml}', classes = '{}', contextInitializerClasses = '[]', activeProfiles = '{}', propertySourceLocations = '{}', propertySourceProperties = '{}', contextCustomizers = set[[empty]], contextLoader = 'org.springframework.test.context.support.DelegatingSmartContextLoader', parent = [null]]]
15:20:52 DEBUG DefaultContextCache  Spring test ApplicationContext cache statistics: [DefaultContextCache@d56aaa6 size = 1, maxSize = 32, parentContextCount = 0, hitCount = 76, missCount = 1]
15:20:52 DEBUG estExecutionListener Before test method: context [DefaultTestContext@21c7208d testClass = ExpenseDaoJDBCImplTestIT, testInstance = com.epam.brest.dao.ExpenseDaoJDBCImplTestIT@b25b095, testMethod = testGetExpenseById@ExpenseDaoJDBCImplTestIT, testException = [null], mergedContextConfiguration = [MergedContextConfiguration@58516c91 testClass = ExpenseDaoJDBCImplTestIT, locations = '{classpath*:test-db.xml, classpath*:test-jdbc-conf.xml}', classes = '{}', contextInitializerClasses = '[]', activeProfiles = '{}', propertySourceLocations = '{}', propertySourceProperties = '{}', contextCustomizers = set[[empty]], contextLoader = 'org.springframework.test.context.support.DelegatingSmartContextLoader', parent = [null]], attributes = map['org.springframework.test.context.event.ApplicationEventsTestExecutionListener.recordApplicationEvents' -> false]], class annotated with @DirtiesContext [false] with mode [null], method annotated with @DirtiesContext [false] with mode [null].
15:20:52 DEBUG estExecutionListener Explicit transaction definition [PROPAGATION_REQUIRED,ISOLATION_DEFAULT] found for test context [DefaultTestContext@21c7208d testClass = ExpenseDaoJDBCImplTestIT, testInstance = com.epam.brest.dao.ExpenseDaoJDBCImplTestIT@b25b095, testMethod = testGetExpenseById@ExpenseDaoJDBCImplTestIT, testException = [null], mergedContextConfiguration = [MergedContextConfiguration@58516c91 testClass = ExpenseDaoJDBCImplTestIT, locations = '{classpath*:test-db.xml, classpath*:test-jdbc-conf.xml}', classes = '{}', contextInitializerClasses = '[]', activeProfiles = '{}', propertySourceLocations = '{}', propertySourceProperties = '{}', contextCustomizers = set[[empty]], contextLoader = 'org.springframework.test.context.support.DelegatingSmartContextLoader', parent = [null]], attributes = map['org.springframework.test.context.event.ApplicationEventsTestExecutionListener.recordApplicationEvents' -> false]]
15:20:52 DEBUG ontextLoaderDelegate Retrieved ApplicationContext [1831141281] from cache with key [[MergedContextConfiguration@58516c91 testClass = ExpenseDaoJDBCImplTestIT, locations = '{classpath*:test-db.xml, classpath*:test-jdbc-conf.xml}', classes = '{}', contextInitializerClasses = '[]', activeProfiles = '{}', propertySourceLocations = '{}', propertySourceProperties = '{}', contextCustomizers = set[[empty]], contextLoader = 'org.springframework.test.context.support.DelegatingSmartContextLoader', parent = [null]]]
15:20:52 DEBUG DefaultContextCache  Spring test ApplicationContext cache statistics: [DefaultContextCache@d56aaa6 size = 1, maxSize = 32, parentContextCount = 0, hitCount = 77, missCount = 1]
15:20:52 DEBUG estExecutionListener Retrieved default @Rollback(true) for test class [com.epam.brest.dao.ExpenseDaoJDBCImplTestIT].
15:20:52 DEBUG estExecutionListener No method-level @Rollback override: using default rollback [true] for test context [DefaultTestContext@21c7208d testClass = ExpenseDaoJDBCImplTestIT, testInstance = com.epam.brest.dao.ExpenseDaoJDBCImplTestIT@b25b095, testMethod = testGetExpenseById@ExpenseDaoJDBCImplTestIT, testException = [null], mergedContextConfiguration = [MergedContextConfiguration@58516c91 testClass = ExpenseDaoJDBCImplTestIT, locations = '{classpath*:test-db.xml, classpath*:test-jdbc-conf.xml}', classes = '{}', contextInitializerClasses = '[]', activeProfiles = '{}', propertySourceLocations = '{}', propertySourceProperties = '{}', contextCustomizers = set[[empty]], contextLoader = 'org.springframework.test.context.support.DelegatingSmartContextLoader', parent = [null]], attributes = map['org.springframework.test.context.event.ApplicationEventsTestExecutionListener.recordApplicationEvents' -> false]].
15:20:52 DEBUG rmTransactionManager Creating new transaction with name [com.epam.brest.dao.ExpenseDaoJDBCImplTestIT.testGetExpenseById]: PROPAGATION_REQUIRED,ISOLATION_DEFAULT
15:20:52 DEBUG verManagerDataSource Creating new JDBC DriverManager Connection to [jdbc:h2:mem:test-db;MODE=MySQL;DB_CLOSE_DELAY=-1]
15:20:52 DEBUG ceTransactionManager Acquired Connection [conn10: url=jdbc:h2:mem:test-db user=SA] for JDBC transaction
15:20:52 DEBUG ceTransactionManager Switching JDBC Connection [conn10: url=jdbc:h2:mem:test-db user=SA] to manual commit
15:20:52 INFO  TransactionContext   Began transaction (1) for test context [DefaultTestContext@21c7208d testClass = ExpenseDaoJDBCImplTestIT, testInstance = com.epam.brest.dao.ExpenseDaoJDBCImplTestIT@b25b095, testMethod = testGetExpenseById@ExpenseDaoJDBCImplTestIT, testException = [null], mergedContextConfiguration = [MergedContextConfiguration@58516c91 testClass = ExpenseDaoJDBCImplTestIT, locations = '{classpath*:test-db.xml, classpath*:test-jdbc-conf.xml}', classes = '{}', contextInitializerClasses = '[]', activeProfiles = '{}', propertySourceLocations = '{}', propertySourceProperties = '{}', contextCustomizers = set[[empty]], contextLoader = 'org.springframework.test.context.support.DelegatingSmartContextLoader', parent = [null]], attributes = map['org.springframework.test.context.event.ApplicationEventsTestExecutionListener.recordApplicationEvents' -> false]]; transaction manager [org.springframework.jdbc.datasource.DataSourceTransactionManager@7495699f]; rollback [true]
15:20:52 DEBUG ontextLoaderDelegate Retrieved ApplicationContext [1831141281] from cache with key [[MergedContextConfiguration@58516c91 testClass = ExpenseDaoJDBCImplTestIT, locations = '{classpath*:test-db.xml, classpath*:test-jdbc-conf.xml}', classes = '{}', contextInitializerClasses = '[]', activeProfiles = '{}', propertySourceLocations = '{}', propertySourceProperties = '{}', contextCustomizers = set[[empty]], contextLoader = 'org.springframework.test.context.support.DelegatingSmartContextLoader', parent = [null]]]
15:20:52 DEBUG DefaultContextCache  Spring test ApplicationContext cache statistics: [DefaultContextCache@d56aaa6 size = 1, maxSize = 32, parentContextCount = 0, hitCount = 78, missCount = 1]
15:20:52 DEBUG ontextLoaderDelegate Retrieved ApplicationContext [1831141281] from cache with key [[MergedContextConfiguration@58516c91 testClass = ExpenseDaoJDBCImplTestIT, locations = '{classpath*:test-db.xml, classpath*:test-jdbc-conf.xml}', classes = '{}', contextInitializerClasses = '[]', activeProfiles = '{}', propertySourceLocations = '{}', propertySourceProperties = '{}', contextCustomizers = set[[empty]], contextLoader = 'org.springframework.test.context.support.DelegatingSmartContextLoader', parent = [null]]]
15:20:52 DEBUG DefaultContextCache  Spring test ApplicationContext cache statistics: [DefaultContextCache@d56aaa6 size = 1, maxSize = 32, parentContextCount = 0, hitCount = 79, missCount = 1]
15:20:52 DEBUG nseDaoJDBCImplTestIT Execute IT test getExpenseById()
15:20:52 DEBUG ExpenseDaoJDBCImpl   Find all expenses
15:20:52 DEBUG JdbcTemplate         Executing prepared SQL query
15:20:52 DEBUG JdbcTemplate         Executing prepared SQL statement [SELECT * FROM expense]
15:20:52 DEBUG ExpenseDaoJDBCImpl   Get expense by id = 1
15:20:52 DEBUG JdbcTemplate         Executing prepared SQL query
15:20:52 DEBUG JdbcTemplate         Executing prepared SQL statement [SELECT * FROM expense WHERE expense_id = ?]
15:20:52 DEBUG ontextLoaderDelegate Retrieved ApplicationContext [1831141281] from cache with key [[MergedContextConfiguration@58516c91 testClass = ExpenseDaoJDBCImplTestIT, locations = '{classpath*:test-db.xml, classpath*:test-jdbc-conf.xml}', classes = '{}', contextInitializerClasses = '[]', activeProfiles = '{}', propertySourceLocations = '{}', propertySourceProperties = '{}', contextCustomizers = set[[empty]], contextLoader = 'org.springframework.test.context.support.DelegatingSmartContextLoader', parent = [null]]]
15:20:52 DEBUG DefaultContextCache  Spring test ApplicationContext cache statistics: [DefaultContextCache@d56aaa6 size = 1, maxSize = 32, parentContextCount = 0, hitCount = 80, missCount = 1]
15:20:52 DEBUG ontextLoaderDelegate Retrieved ApplicationContext [1831141281] from cache with key [[MergedContextConfiguration@58516c91 testClass = ExpenseDaoJDBCImplTestIT, locations = '{classpath*:test-db.xml, classpath*:test-jdbc-conf.xml}', classes = '{}', contextInitializerClasses = '[]', activeProfiles = '{}', propertySourceLocations = '{}', propertySourceProperties = '{}', contextCustomizers = set[[empty]], contextLoader = 'org.springframework.test.context.support.DelegatingSmartContextLoader', parent = [null]]]
15:20:52 DEBUG DefaultContextCache  Spring test ApplicationContext cache statistics: [DefaultContextCache@d56aaa6 size = 1, maxSize = 32, parentContextCount = 0, hitCount = 81, missCount = 1]
15:20:52 DEBUG rmTransactionManager Initiating transaction rollback
15:20:52 DEBUG ceTransactionManager Rolling back JDBC transaction on Connection [conn10: url=jdbc:h2:mem:test-db user=SA]
15:20:52 DEBUG ceTransactionManager Releasing JDBC Connection [conn10: url=jdbc:h2:mem:test-db user=SA] after transaction
15:20:52 INFO  TransactionContext   Rolled back transaction for test: [DefaultTestContext@21c7208d testClass = ExpenseDaoJDBCImplTestIT, testInstance = com.epam.brest.dao.ExpenseDaoJDBCImplTestIT@b25b095, testMethod = testGetExpenseById@ExpenseDaoJDBCImplTestIT, testException = [null], mergedContextConfiguration = [MergedContextConfiguration@58516c91 testClass = ExpenseDaoJDBCImplTestIT, locations = '{classpath*:test-db.xml, classpath*:test-jdbc-conf.xml}', classes = '{}', contextInitializerClasses = '[]', activeProfiles = '{}', propertySourceLocations = '{}', propertySourceProperties = '{}', contextCustomizers = set[[empty]], contextLoader = 'org.springframework.test.context.support.DelegatingSmartContextLoader', parent = [null]], attributes = map['org.springframework.test.context.event.ApplicationEventsTestExecutionListener.recordApplicationEvents' -> false]]
15:20:52 DEBUG estExecutionListener After test method: context [DefaultTestContext@21c7208d testClass = ExpenseDaoJDBCImplTestIT, testInstance = com.epam.brest.dao.ExpenseDaoJDBCImplTestIT@b25b095, testMethod = testGetExpenseById@ExpenseDaoJDBCImplTestIT, testException = [null], mergedContextConfiguration = [MergedContextConfiguration@58516c91 testClass = ExpenseDaoJDBCImplTestIT, locations = '{classpath*:test-db.xml, classpath*:test-jdbc-conf.xml}', classes = '{}', contextInitializerClasses = '[]', activeProfiles = '{}', propertySourceLocations = '{}', propertySourceProperties = '{}', contextCustomizers = set[[empty]], contextLoader = 'org.springframework.test.context.support.DelegatingSmartContextLoader', parent = [null]], attributes = map['org.springframework.test.context.event.ApplicationEventsTestExecutionListener.recordApplicationEvents' -> false]], class annotated with @DirtiesContext [false] with mode [null], method annotated with @DirtiesContext [false] with mode [null].
]]></system-out>
  </testcase>
  <testcase name="testCreate" classname="com.epam.brest.dao.ExpenseDaoJDBCImplTestIT" time="0.009">
    <system-out><![CDATA[15:20:52 DEBUG ontextLoaderDelegate Retrieved ApplicationContext [1831141281] from cache with key [[MergedContextConfiguration@58516c91 testClass = ExpenseDaoJDBCImplTestIT, locations = '{classpath*:test-db.xml, classpath*:test-jdbc-conf.xml}', classes = '{}', contextInitializerClasses = '[]', activeProfiles = '{}', propertySourceLocations = '{}', propertySourceProperties = '{}', contextCustomizers = set[[empty]], contextLoader = 'org.springframework.test.context.support.DelegatingSmartContextLoader', parent = [null]]]
15:20:52 DEBUG DefaultContextCache  Spring test ApplicationContext cache statistics: [DefaultContextCache@d56aaa6 size = 1, maxSize = 32, parentContextCount = 0, hitCount = 82, missCount = 1]
15:20:52 DEBUG estExecutionListener Performing dependency injection for test context [[DefaultTestContext@21c7208d testClass = ExpenseDaoJDBCImplTestIT, testInstance = com.epam.brest.dao.ExpenseDaoJDBCImplTestIT@571a9686, testMethod = [null], testException = [null], mergedContextConfiguration = [MergedContextConfiguration@58516c91 testClass = ExpenseDaoJDBCImplTestIT, locations = '{classpath*:test-db.xml, classpath*:test-jdbc-conf.xml}', classes = '{}', contextInitializerClasses = '[]', activeProfiles = '{}', propertySourceLocations = '{}', propertySourceProperties = '{}', contextCustomizers = set[[empty]], contextLoader = 'org.springframework.test.context.support.DelegatingSmartContextLoader', parent = [null]], attributes = map['org.springframework.test.context.event.ApplicationEventsTestExecutionListener.recordApplicationEvents' -> false]]].
15:20:52 DEBUG ontextLoaderDelegate Retrieved ApplicationContext [1831141281] from cache with key [[MergedContextConfiguration@58516c91 testClass = ExpenseDaoJDBCImplTestIT, locations = '{classpath*:test-db.xml, classpath*:test-jdbc-conf.xml}', classes = '{}', contextInitializerClasses = '[]', activeProfiles = '{}', propertySourceLocations = '{}', propertySourceProperties = '{}', contextCustomizers = set[[empty]], contextLoader = 'org.springframework.test.context.support.DelegatingSmartContextLoader', parent = [null]]]
15:20:52 DEBUG DefaultContextCache  Spring test ApplicationContext cache statistics: [DefaultContextCache@d56aaa6 size = 1, maxSize = 32, parentContextCount = 0, hitCount = 83, missCount = 1]
15:20:52 DEBUG ontextLoaderDelegate Retrieved ApplicationContext [1831141281] from cache with key [[MergedContextConfiguration@58516c91 testClass = ExpenseDaoJDBCImplTestIT, locations = '{classpath*:test-db.xml, classpath*:test-jdbc-conf.xml}', classes = '{}', contextInitializerClasses = '[]', activeProfiles = '{}', propertySourceLocations = '{}', propertySourceProperties = '{}', contextCustomizers = set[[empty]], contextLoader = 'org.springframework.test.context.support.DelegatingSmartContextLoader', parent = [null]]]
15:20:52 DEBUG DefaultContextCache  Spring test ApplicationContext cache statistics: [DefaultContextCache@d56aaa6 size = 1, maxSize = 32, parentContextCount = 0, hitCount = 84, missCount = 1]
15:20:52 DEBUG estExecutionListener Before test method: context [DefaultTestContext@21c7208d testClass = ExpenseDaoJDBCImplTestIT, testInstance = com.epam.brest.dao.ExpenseDaoJDBCImplTestIT@571a9686, testMethod = testCreate@ExpenseDaoJDBCImplTestIT, testException = [null], mergedContextConfiguration = [MergedContextConfiguration@58516c91 testClass = ExpenseDaoJDBCImplTestIT, locations = '{classpath*:test-db.xml, classpath*:test-jdbc-conf.xml}', classes = '{}', contextInitializerClasses = '[]', activeProfiles = '{}', propertySourceLocations = '{}', propertySourceProperties = '{}', contextCustomizers = set[[empty]], contextLoader = 'org.springframework.test.context.support.DelegatingSmartContextLoader', parent = [null]], attributes = map['org.springframework.test.context.event.ApplicationEventsTestExecutionListener.recordApplicationEvents' -> false]], class annotated with @DirtiesContext [false] with mode [null], method annotated with @DirtiesContext [false] with mode [null].
15:20:52 DEBUG estExecutionListener Explicit transaction definition [PROPAGATION_REQUIRED,ISOLATION_DEFAULT] found for test context [DefaultTestContext@21c7208d testClass = ExpenseDaoJDBCImplTestIT, testInstance = com.epam.brest.dao.ExpenseDaoJDBCImplTestIT@571a9686, testMethod = testCreate@ExpenseDaoJDBCImplTestIT, testException = [null], mergedContextConfiguration = [MergedContextConfiguration@58516c91 testClass = ExpenseDaoJDBCImplTestIT, locations = '{classpath*:test-db.xml, classpath*:test-jdbc-conf.xml}', classes = '{}', contextInitializerClasses = '[]', activeProfiles = '{}', propertySourceLocations = '{}', propertySourceProperties = '{}', contextCustomizers = set[[empty]], contextLoader = 'org.springframework.test.context.support.DelegatingSmartContextLoader', parent = [null]], attributes = map['org.springframework.test.context.event.ApplicationEventsTestExecutionListener.recordApplicationEvents' -> false]]
15:20:52 DEBUG ontextLoaderDelegate Retrieved ApplicationContext [1831141281] from cache with key [[MergedContextConfiguration@58516c91 testClass = ExpenseDaoJDBCImplTestIT, locations = '{classpath*:test-db.xml, classpath*:test-jdbc-conf.xml}', classes = '{}', contextInitializerClasses = '[]', activeProfiles = '{}', propertySourceLocations = '{}', propertySourceProperties = '{}', contextCustomizers = set[[empty]], contextLoader = 'org.springframework.test.context.support.DelegatingSmartContextLoader', parent = [null]]]
15:20:52 DEBUG DefaultContextCache  Spring test ApplicationContext cache statistics: [DefaultContextCache@d56aaa6 size = 1, maxSize = 32, parentContextCount = 0, hitCount = 85, missCount = 1]
15:20:52 DEBUG estExecutionListener Retrieved default @Rollback(true) for test class [com.epam.brest.dao.ExpenseDaoJDBCImplTestIT].
15:20:52 DEBUG estExecutionListener No method-level @Rollback override: using default rollback [true] for test context [DefaultTestContext@21c7208d testClass = ExpenseDaoJDBCImplTestIT, testInstance = com.epam.brest.dao.ExpenseDaoJDBCImplTestIT@571a9686, testMethod = testCreate@ExpenseDaoJDBCImplTestIT, testException = [null], mergedContextConfiguration = [MergedContextConfiguration@58516c91 testClass = ExpenseDaoJDBCImplTestIT, locations = '{classpath*:test-db.xml, classpath*:test-jdbc-conf.xml}', classes = '{}', contextInitializerClasses = '[]', activeProfiles = '{}', propertySourceLocations = '{}', propertySourceProperties = '{}', contextCustomizers = set[[empty]], contextLoader = 'org.springframework.test.context.support.DelegatingSmartContextLoader', parent = [null]], attributes = map['org.springframework.test.context.event.ApplicationEventsTestExecutionListener.recordApplicationEvents' -> false]].
15:20:52 DEBUG rmTransactionManager Creating new transaction with name [com.epam.brest.dao.ExpenseDaoJDBCImplTestIT.testCreate]: PROPAGATION_REQUIRED,ISOLATION_DEFAULT
15:20:52 DEBUG verManagerDataSource Creating new JDBC DriverManager Connection to [jdbc:h2:mem:test-db;MODE=MySQL;DB_CLOSE_DELAY=-1]
15:20:52 DEBUG ceTransactionManager Acquired Connection [conn11: url=jdbc:h2:mem:test-db user=SA] for JDBC transaction
15:20:52 DEBUG ceTransactionManager Switching JDBC Connection [conn11: url=jdbc:h2:mem:test-db user=SA] to manual commit
15:20:52 INFO  TransactionContext   Began transaction (1) for test context [DefaultTestContext@21c7208d testClass = ExpenseDaoJDBCImplTestIT, testInstance = com.epam.brest.dao.ExpenseDaoJDBCImplTestIT@571a9686, testMethod = testCreate@ExpenseDaoJDBCImplTestIT, testException = [null], mergedContextConfiguration = [MergedContextConfiguration@58516c91 testClass = ExpenseDaoJDBCImplTestIT, locations = '{classpath*:test-db.xml, classpath*:test-jdbc-conf.xml}', classes = '{}', contextInitializerClasses = '[]', activeProfiles = '{}', propertySourceLocations = '{}', propertySourceProperties = '{}', contextCustomizers = set[[empty]], contextLoader = 'org.springframework.test.context.support.DelegatingSmartContextLoader', parent = [null]], attributes = map['org.springframework.test.context.event.ApplicationEventsTestExecutionListener.recordApplicationEvents' -> false]]; transaction manager [org.springframework.jdbc.datasource.DataSourceTransactionManager@7495699f]; rollback [true]
15:20:52 DEBUG ontextLoaderDelegate Retrieved ApplicationContext [1831141281] from cache with key [[MergedContextConfiguration@58516c91 testClass = ExpenseDaoJDBCImplTestIT, locations = '{classpath*:test-db.xml, classpath*:test-jdbc-conf.xml}', classes = '{}', contextInitializerClasses = '[]', activeProfiles = '{}', propertySourceLocations = '{}', propertySourceProperties = '{}', contextCustomizers = set[[empty]], contextLoader = 'org.springframework.test.context.support.DelegatingSmartContextLoader', parent = [null]]]
15:20:52 DEBUG DefaultContextCache  Spring test ApplicationContext cache statistics: [DefaultContextCache@d56aaa6 size = 1, maxSize = 32, parentContextCount = 0, hitCount = 86, missCount = 1]
15:20:52 DEBUG ontextLoaderDelegate Retrieved ApplicationContext [1831141281] from cache with key [[MergedContextConfiguration@58516c91 testClass = ExpenseDaoJDBCImplTestIT, locations = '{classpath*:test-db.xml, classpath*:test-jdbc-conf.xml}', classes = '{}', contextInitializerClasses = '[]', activeProfiles = '{}', propertySourceLocations = '{}', propertySourceProperties = '{}', contextCustomizers = set[[empty]], contextLoader = 'org.springframework.test.context.support.DelegatingSmartContextLoader', parent = [null]]]
15:20:52 DEBUG DefaultContextCache  Spring test ApplicationContext cache statistics: [DefaultContextCache@d56aaa6 size = 1, maxSize = 32, parentContextCount = 0, hitCount = 87, missCount = 1]
15:20:52 DEBUG nseDaoJDBCImplTestIT Execute IT test create()
15:20:52 DEBUG ExpenseDaoJDBCImpl   Find all expenses
15:20:52 DEBUG JdbcTemplate         Executing prepared SQL query
15:20:52 DEBUG JdbcTemplate         Executing prepared SQL statement [SELECT * FROM expense]
15:20:52 DEBUG ExpenseDaoJDBCImpl   Create expense com.epam.brest.model.Expense@2f651f93
15:20:52 DEBUG ExpenseDaoJDBCImpl   Check for the passed categoryId = 1
15:20:52 DEBUG JdbcTemplate         Executing prepared SQL query
15:20:52 DEBUG JdbcTemplate         Executing prepared SQL statement [SELECT c.category_id, c.category_name FROM category c ORDER BY c.category_id]
15:20:52 DEBUG JdbcTemplate         Executing SQL update and returning generated keys
15:20:52 DEBUG JdbcTemplate         Executing prepared SQL statement [INSERT INTO expense(date, category_id, price) VALUES (?, ?, ?)]
15:20:52 DEBUG ExpenseDaoJDBCImpl   Find all expenses
15:20:52 DEBUG JdbcTemplate         Executing prepared SQL query
15:20:52 DEBUG JdbcTemplate         Executing prepared SQL statement [SELECT * FROM expense]
15:20:52 DEBUG ontextLoaderDelegate Retrieved ApplicationContext [1831141281] from cache with key [[MergedContextConfiguration@58516c91 testClass = ExpenseDaoJDBCImplTestIT, locations = '{classpath*:test-db.xml, classpath*:test-jdbc-conf.xml}', classes = '{}', contextInitializerClasses = '[]', activeProfiles = '{}', propertySourceLocations = '{}', propertySourceProperties = '{}', contextCustomizers = set[[empty]], contextLoader = 'org.springframework.test.context.support.DelegatingSmartContextLoader', parent = [null]]]
15:20:52 DEBUG DefaultContextCache  Spring test ApplicationContext cache statistics: [DefaultContextCache@d56aaa6 size = 1, maxSize = 32, parentContextCount = 0, hitCount = 88, missCount = 1]
15:20:52 DEBUG ontextLoaderDelegate Retrieved ApplicationContext [1831141281] from cache with key [[MergedContextConfiguration@58516c91 testClass = ExpenseDaoJDBCImplTestIT, locations = '{classpath*:test-db.xml, classpath*:test-jdbc-conf.xml}', classes = '{}', contextInitializerClasses = '[]', activeProfiles = '{}', propertySourceLocations = '{}', propertySourceProperties = '{}', contextCustomizers = set[[empty]], contextLoader = 'org.springframework.test.context.support.DelegatingSmartContextLoader', parent = [null]]]
15:20:52 DEBUG DefaultContextCache  Spring test ApplicationContext cache statistics: [DefaultContextCache@d56aaa6 size = 1, maxSize = 32, parentContextCount = 0, hitCount = 89, missCount = 1]
15:20:52 DEBUG rmTransactionManager Initiating transaction rollback
15:20:52 DEBUG ceTransactionManager Rolling back JDBC transaction on Connection [conn11: url=jdbc:h2:mem:test-db user=SA]
15:20:52 DEBUG ceTransactionManager Releasing JDBC Connection [conn11: url=jdbc:h2:mem:test-db user=SA] after transaction
15:20:52 INFO  TransactionContext   Rolled back transaction for test: [DefaultTestContext@21c7208d testClass = ExpenseDaoJDBCImplTestIT, testInstance = com.epam.brest.dao.ExpenseDaoJDBCImplTestIT@571a9686, testMethod = testCreate@ExpenseDaoJDBCImplTestIT, testException = [null], mergedContextConfiguration = [MergedContextConfiguration@58516c91 testClass = ExpenseDaoJDBCImplTestIT, locations = '{classpath*:test-db.xml, classpath*:test-jdbc-conf.xml}', classes = '{}', contextInitializerClasses = '[]', activeProfiles = '{}', propertySourceLocations = '{}', propertySourceProperties = '{}', contextCustomizers = set[[empty]], contextLoader = 'org.springframework.test.context.support.DelegatingSmartContextLoader', parent = [null]], attributes = map['org.springframework.test.context.event.ApplicationEventsTestExecutionListener.recordApplicationEvents' -> false]]
15:20:52 DEBUG estExecutionListener After test method: context [DefaultTestContext@21c7208d testClass = ExpenseDaoJDBCImplTestIT, testInstance = com.epam.brest.dao.ExpenseDaoJDBCImplTestIT@571a9686, testMethod = testCreate@ExpenseDaoJDBCImplTestIT, testException = [null], mergedContextConfiguration = [MergedContextConfiguration@58516c91 testClass = ExpenseDaoJDBCImplTestIT, locations = '{classpath*:test-db.xml, classpath*:test-jdbc-conf.xml}', classes = '{}', contextInitializerClasses = '[]', activeProfiles = '{}', propertySourceLocations = '{}', propertySourceProperties = '{}', contextCustomizers = set[[empty]], contextLoader = 'org.springframework.test.context.support.DelegatingSmartContextLoader', parent = [null]], attributes = map['org.springframework.test.context.event.ApplicationEventsTestExecutionListener.recordApplicationEvents' -> false]], class annotated with @DirtiesContext [false] with mode [null], method annotated with @DirtiesContext [false] with mode [null].
]]></system-out>
  </testcase>
  <testcase name="testDelete" classname="com.epam.brest.dao.ExpenseDaoJDBCImplTestIT" time="0.012">
    <system-out><![CDATA[15:20:52 DEBUG ontextLoaderDelegate Retrieved ApplicationContext [1831141281] from cache with key [[MergedContextConfiguration@58516c91 testClass = ExpenseDaoJDBCImplTestIT, locations = '{classpath*:test-db.xml, classpath*:test-jdbc-conf.xml}', classes = '{}', contextInitializerClasses = '[]', activeProfiles = '{}', propertySourceLocations = '{}', propertySourceProperties = '{}', contextCustomizers = set[[empty]], contextLoader = 'org.springframework.test.context.support.DelegatingSmartContextLoader', parent = [null]]]
15:20:52 DEBUG DefaultContextCache  Spring test ApplicationContext cache statistics: [DefaultContextCache@d56aaa6 size = 1, maxSize = 32, parentContextCount = 0, hitCount = 90, missCount = 1]
15:20:52 DEBUG estExecutionListener Performing dependency injection for test context [[DefaultTestContext@21c7208d testClass = ExpenseDaoJDBCImplTestIT, testInstance = com.epam.brest.dao.ExpenseDaoJDBCImplTestIT@6c575325, testMethod = [null], testException = [null], mergedContextConfiguration = [MergedContextConfiguration@58516c91 testClass = ExpenseDaoJDBCImplTestIT, locations = '{classpath*:test-db.xml, classpath*:test-jdbc-conf.xml}', classes = '{}', contextInitializerClasses = '[]', activeProfiles = '{}', propertySourceLocations = '{}', propertySourceProperties = '{}', contextCustomizers = set[[empty]], contextLoader = 'org.springframework.test.context.support.DelegatingSmartContextLoader', parent = [null]], attributes = map['org.springframework.test.context.event.ApplicationEventsTestExecutionListener.recordApplicationEvents' -> false]]].
15:20:52 DEBUG ontextLoaderDelegate Retrieved ApplicationContext [1831141281] from cache with key [[MergedContextConfiguration@58516c91 testClass = ExpenseDaoJDBCImplTestIT, locations = '{classpath*:test-db.xml, classpath*:test-jdbc-conf.xml}', classes = '{}', contextInitializerClasses = '[]', activeProfiles = '{}', propertySourceLocations = '{}', propertySourceProperties = '{}', contextCustomizers = set[[empty]], contextLoader = 'org.springframework.test.context.support.DelegatingSmartContextLoader', parent = [null]]]
15:20:52 DEBUG DefaultContextCache  Spring test ApplicationContext cache statistics: [DefaultContextCache@d56aaa6 size = 1, maxSize = 32, parentContextCount = 0, hitCount = 91, missCount = 1]
15:20:52 DEBUG ontextLoaderDelegate Retrieved ApplicationContext [1831141281] from cache with key [[MergedContextConfiguration@58516c91 testClass = ExpenseDaoJDBCImplTestIT, locations = '{classpath*:test-db.xml, classpath*:test-jdbc-conf.xml}', classes = '{}', contextInitializerClasses = '[]', activeProfiles = '{}', propertySourceLocations = '{}', propertySourceProperties = '{}', contextCustomizers = set[[empty]], contextLoader = 'org.springframework.test.context.support.DelegatingSmartContextLoader', parent = [null]]]
15:20:52 DEBUG DefaultContextCache  Spring test ApplicationContext cache statistics: [DefaultContextCache@d56aaa6 size = 1, maxSize = 32, parentContextCount = 0, hitCount = 92, missCount = 1]
15:20:52 DEBUG estExecutionListener Before test method: context [DefaultTestContext@21c7208d testClass = ExpenseDaoJDBCImplTestIT, testInstance = com.epam.brest.dao.ExpenseDaoJDBCImplTestIT@6c575325, testMethod = testDelete@ExpenseDaoJDBCImplTestIT, testException = [null], mergedContextConfiguration = [MergedContextConfiguration@58516c91 testClass = ExpenseDaoJDBCImplTestIT, locations = '{classpath*:test-db.xml, classpath*:test-jdbc-conf.xml}', classes = '{}', contextInitializerClasses = '[]', activeProfiles = '{}', propertySourceLocations = '{}', propertySourceProperties = '{}', contextCustomizers = set[[empty]], contextLoader = 'org.springframework.test.context.support.DelegatingSmartContextLoader', parent = [null]], attributes = map['org.springframework.test.context.event.ApplicationEventsTestExecutionListener.recordApplicationEvents' -> false]], class annotated with @DirtiesContext [false] with mode [null], method annotated with @DirtiesContext [false] with mode [null].
15:20:52 DEBUG estExecutionListener Explicit transaction definition [PROPAGATION_REQUIRED,ISOLATION_DEFAULT] found for test context [DefaultTestContext@21c7208d testClass = ExpenseDaoJDBCImplTestIT, testInstance = com.epam.brest.dao.ExpenseDaoJDBCImplTestIT@6c575325, testMethod = testDelete@ExpenseDaoJDBCImplTestIT, testException = [null], mergedContextConfiguration = [MergedContextConfiguration@58516c91 testClass = ExpenseDaoJDBCImplTestIT, locations = '{classpath*:test-db.xml, classpath*:test-jdbc-conf.xml}', classes = '{}', contextInitializerClasses = '[]', activeProfiles = '{}', propertySourceLocations = '{}', propertySourceProperties = '{}', contextCustomizers = set[[empty]], contextLoader = 'org.springframework.test.context.support.DelegatingSmartContextLoader', parent = [null]], attributes = map['org.springframework.test.context.event.ApplicationEventsTestExecutionListener.recordApplicationEvents' -> false]]
15:20:52 DEBUG ontextLoaderDelegate Retrieved ApplicationContext [1831141281] from cache with key [[MergedContextConfiguration@58516c91 testClass = ExpenseDaoJDBCImplTestIT, locations = '{classpath*:test-db.xml, classpath*:test-jdbc-conf.xml}', classes = '{}', contextInitializerClasses = '[]', activeProfiles = '{}', propertySourceLocations = '{}', propertySourceProperties = '{}', contextCustomizers = set[[empty]], contextLoader = 'org.springframework.test.context.support.DelegatingSmartContextLoader', parent = [null]]]
15:20:52 DEBUG DefaultContextCache  Spring test ApplicationContext cache statistics: [DefaultContextCache@d56aaa6 size = 1, maxSize = 32, parentContextCount = 0, hitCount = 93, missCount = 1]
15:20:52 DEBUG estExecutionListener Retrieved default @Rollback(true) for test class [com.epam.brest.dao.ExpenseDaoJDBCImplTestIT].
15:20:52 DEBUG estExecutionListener No method-level @Rollback override: using default rollback [true] for test context [DefaultTestContext@21c7208d testClass = ExpenseDaoJDBCImplTestIT, testInstance = com.epam.brest.dao.ExpenseDaoJDBCImplTestIT@6c575325, testMethod = testDelete@ExpenseDaoJDBCImplTestIT, testException = [null], mergedContextConfiguration = [MergedContextConfiguration@58516c91 testClass = ExpenseDaoJDBCImplTestIT, locations = '{classpath*:test-db.xml, classpath*:test-jdbc-conf.xml}', classes = '{}', contextInitializerClasses = '[]', activeProfiles = '{}', propertySourceLocations = '{}', propertySourceProperties = '{}', contextCustomizers = set[[empty]], contextLoader = 'org.springframework.test.context.support.DelegatingSmartContextLoader', parent = [null]], attributes = map['org.springframework.test.context.event.ApplicationEventsTestExecutionListener.recordApplicationEvents' -> false]].
15:20:52 DEBUG rmTransactionManager Creating new transaction with name [com.epam.brest.dao.ExpenseDaoJDBCImplTestIT.testDelete]: PROPAGATION_REQUIRED,ISOLATION_DEFAULT
15:20:52 DEBUG verManagerDataSource Creating new JDBC DriverManager Connection to [jdbc:h2:mem:test-db;MODE=MySQL;DB_CLOSE_DELAY=-1]
15:20:52 DEBUG ceTransactionManager Acquired Connection [conn12: url=jdbc:h2:mem:test-db user=SA] for JDBC transaction
15:20:52 DEBUG ceTransactionManager Switching JDBC Connection [conn12: url=jdbc:h2:mem:test-db user=SA] to manual commit
15:20:52 INFO  TransactionContext   Began transaction (1) for test context [DefaultTestContext@21c7208d testClass = ExpenseDaoJDBCImplTestIT, testInstance = com.epam.brest.dao.ExpenseDaoJDBCImplTestIT@6c575325, testMethod = testDelete@ExpenseDaoJDBCImplTestIT, testException = [null], mergedContextConfiguration = [MergedContextConfiguration@58516c91 testClass = ExpenseDaoJDBCImplTestIT, locations = '{classpath*:test-db.xml, classpath*:test-jdbc-conf.xml}', classes = '{}', contextInitializerClasses = '[]', activeProfiles = '{}', propertySourceLocations = '{}', propertySourceProperties = '{}', contextCustomizers = set[[empty]], contextLoader = 'org.springframework.test.context.support.DelegatingSmartContextLoader', parent = [null]], attributes = map['org.springframework.test.context.event.ApplicationEventsTestExecutionListener.recordApplicationEvents' -> false]]; transaction manager [org.springframework.jdbc.datasource.DataSourceTransactionManager@7495699f]; rollback [true]
15:20:52 DEBUG ontextLoaderDelegate Retrieved ApplicationContext [1831141281] from cache with key [[MergedContextConfiguration@58516c91 testClass = ExpenseDaoJDBCImplTestIT, locations = '{classpath*:test-db.xml, classpath*:test-jdbc-conf.xml}', classes = '{}', contextInitializerClasses = '[]', activeProfiles = '{}', propertySourceLocations = '{}', propertySourceProperties = '{}', contextCustomizers = set[[empty]], contextLoader = 'org.springframework.test.context.support.DelegatingSmartContextLoader', parent = [null]]]
15:20:52 DEBUG DefaultContextCache  Spring test ApplicationContext cache statistics: [DefaultContextCache@d56aaa6 size = 1, maxSize = 32, parentContextCount = 0, hitCount = 94, missCount = 1]
15:20:52 DEBUG ontextLoaderDelegate Retrieved ApplicationContext [1831141281] from cache with key [[MergedContextConfiguration@58516c91 testClass = ExpenseDaoJDBCImplTestIT, locations = '{classpath*:test-db.xml, classpath*:test-jdbc-conf.xml}', classes = '{}', contextInitializerClasses = '[]', activeProfiles = '{}', propertySourceLocations = '{}', propertySourceProperties = '{}', contextCustomizers = set[[empty]], contextLoader = 'org.springframework.test.context.support.DelegatingSmartContextLoader', parent = [null]]]
15:20:52 DEBUG DefaultContextCache  Spring test ApplicationContext cache statistics: [DefaultContextCache@d56aaa6 size = 1, maxSize = 32, parentContextCount = 0, hitCount = 95, missCount = 1]
15:20:52 DEBUG nseDaoJDBCImplTestIT Execute IT test delete()
15:20:52 DEBUG ExpenseDaoJDBCImpl   Create expense com.epam.brest.model.Expense@736309a9
15:20:52 DEBUG ExpenseDaoJDBCImpl   Check for the passed categoryId = 1
15:20:52 DEBUG JdbcTemplate         Executing prepared SQL query
15:20:52 DEBUG JdbcTemplate         Executing prepared SQL statement [SELECT c.category_id, c.category_name FROM category c ORDER BY c.category_id]
15:20:52 DEBUG JdbcTemplate         Executing SQL update and returning generated keys
15:20:52 DEBUG JdbcTemplate         Executing prepared SQL statement [INSERT INTO expense(date, category_id, price) VALUES (?, ?, ?)]
15:20:52 DEBUG ExpenseDaoJDBCImpl   Find all expenses
15:20:52 DEBUG JdbcTemplate         Executing prepared SQL query
15:20:52 DEBUG JdbcTemplate         Executing prepared SQL statement [SELECT * FROM expense]
15:20:52 DEBUG ExpenseDaoJDBCImpl   Delete expense by id = 10
15:20:52 DEBUG JdbcTemplate         Executing prepared SQL update
15:20:52 DEBUG JdbcTemplate         Executing prepared SQL statement [DELETE FROM expense WHERE expense_id = ?]
15:20:52 DEBUG ExpenseDaoJDBCImpl   Find all expenses
15:20:52 DEBUG JdbcTemplate         Executing prepared SQL query
15:20:52 DEBUG JdbcTemplate         Executing prepared SQL statement [SELECT * FROM expense]
15:20:52 DEBUG ontextLoaderDelegate Retrieved ApplicationContext [1831141281] from cache with key [[MergedContextConfiguration@58516c91 testClass = ExpenseDaoJDBCImplTestIT, locations = '{classpath*:test-db.xml, classpath*:test-jdbc-conf.xml}', classes = '{}', contextInitializerClasses = '[]', activeProfiles = '{}', propertySourceLocations = '{}', propertySourceProperties = '{}', contextCustomizers = set[[empty]], contextLoader = 'org.springframework.test.context.support.DelegatingSmartContextLoader', parent = [null]]]
15:20:52 DEBUG DefaultContextCache  Spring test ApplicationContext cache statistics: [DefaultContextCache@d56aaa6 size = 1, maxSize = 32, parentContextCount = 0, hitCount = 96, missCount = 1]
15:20:52 DEBUG ontextLoaderDelegate Retrieved ApplicationContext [1831141281] from cache with key [[MergedContextConfiguration@58516c91 testClass = ExpenseDaoJDBCImplTestIT, locations = '{classpath*:test-db.xml, classpath*:test-jdbc-conf.xml}', classes = '{}', contextInitializerClasses = '[]', activeProfiles = '{}', propertySourceLocations = '{}', propertySourceProperties = '{}', contextCustomizers = set[[empty]], contextLoader = 'org.springframework.test.context.support.DelegatingSmartContextLoader', parent = [null]]]
15:20:52 DEBUG DefaultContextCache  Spring test ApplicationContext cache statistics: [DefaultContextCache@d56aaa6 size = 1, maxSize = 32, parentContextCount = 0, hitCount = 97, missCount = 1]
15:20:52 DEBUG rmTransactionManager Initiating transaction rollback
15:20:52 DEBUG ceTransactionManager Rolling back JDBC transaction on Connection [conn12: url=jdbc:h2:mem:test-db user=SA]
15:20:52 DEBUG ceTransactionManager Releasing JDBC Connection [conn12: url=jdbc:h2:mem:test-db user=SA] after transaction
15:20:52 INFO  TransactionContext   Rolled back transaction for test: [DefaultTestContext@21c7208d testClass = ExpenseDaoJDBCImplTestIT, testInstance = com.epam.brest.dao.ExpenseDaoJDBCImplTestIT@6c575325, testMethod = testDelete@ExpenseDaoJDBCImplTestIT, testException = [null], mergedContextConfiguration = [MergedContextConfiguration@58516c91 testClass = ExpenseDaoJDBCImplTestIT, locations = '{classpath*:test-db.xml, classpath*:test-jdbc-conf.xml}', classes = '{}', contextInitializerClasses = '[]', activeProfiles = '{}', propertySourceLocations = '{}', propertySourceProperties = '{}', contextCustomizers = set[[empty]], contextLoader = 'org.springframework.test.context.support.DelegatingSmartContextLoader', parent = [null]], attributes = map['org.springframework.test.context.event.ApplicationEventsTestExecutionListener.recordApplicationEvents' -> false]]
15:20:52 DEBUG estExecutionListener After test method: context [DefaultTestContext@21c7208d testClass = ExpenseDaoJDBCImplTestIT, testInstance = com.epam.brest.dao.ExpenseDaoJDBCImplTestIT@6c575325, testMethod = testDelete@ExpenseDaoJDBCImplTestIT, testException = [null], mergedContextConfiguration = [MergedContextConfiguration@58516c91 testClass = ExpenseDaoJDBCImplTestIT, locations = '{classpath*:test-db.xml, classpath*:test-jdbc-conf.xml}', classes = '{}', contextInitializerClasses = '[]', activeProfiles = '{}', propertySourceLocations = '{}', propertySourceProperties = '{}', contextCustomizers = set[[empty]], contextLoader = 'org.springframework.test.context.support.DelegatingSmartContextLoader', parent = [null]], attributes = map['org.springframework.test.context.event.ApplicationEventsTestExecutionListener.recordApplicationEvents' -> false]], class annotated with @DirtiesContext [false] with mode [null], method annotated with @DirtiesContext [false] with mode [null].
]]></system-out>
  </testcase>
  <testcase name="testUpdate" classname="com.epam.brest.dao.ExpenseDaoJDBCImplTestIT" time="0.013">
    <system-out><![CDATA[15:20:52 DEBUG ontextLoaderDelegate Retrieved ApplicationContext [1831141281] from cache with key [[MergedContextConfiguration@58516c91 testClass = ExpenseDaoJDBCImplTestIT, locations = '{classpath*:test-db.xml, classpath*:test-jdbc-conf.xml}', classes = '{}', contextInitializerClasses = '[]', activeProfiles = '{}', propertySourceLocations = '{}', propertySourceProperties = '{}', contextCustomizers = set[[empty]], contextLoader = 'org.springframework.test.context.support.DelegatingSmartContextLoader', parent = [null]]]
15:20:52 DEBUG DefaultContextCache  Spring test ApplicationContext cache statistics: [DefaultContextCache@d56aaa6 size = 1, maxSize = 32, parentContextCount = 0, hitCount = 98, missCount = 1]
15:20:52 DEBUG estExecutionListener Performing dependency injection for test context [[DefaultTestContext@21c7208d testClass = ExpenseDaoJDBCImplTestIT, testInstance = com.epam.brest.dao.ExpenseDaoJDBCImplTestIT@188b6035, testMethod = [null], testException = [null], mergedContextConfiguration = [MergedContextConfiguration@58516c91 testClass = ExpenseDaoJDBCImplTestIT, locations = '{classpath*:test-db.xml, classpath*:test-jdbc-conf.xml}', classes = '{}', contextInitializerClasses = '[]', activeProfiles = '{}', propertySourceLocations = '{}', propertySourceProperties = '{}', contextCustomizers = set[[empty]], contextLoader = 'org.springframework.test.context.support.DelegatingSmartContextLoader', parent = [null]], attributes = map['org.springframework.test.context.event.ApplicationEventsTestExecutionListener.recordApplicationEvents' -> false]]].
15:20:52 DEBUG ontextLoaderDelegate Retrieved ApplicationContext [1831141281] from cache with key [[MergedContextConfiguration@58516c91 testClass = ExpenseDaoJDBCImplTestIT, locations = '{classpath*:test-db.xml, classpath*:test-jdbc-conf.xml}', classes = '{}', contextInitializerClasses = '[]', activeProfiles = '{}', propertySourceLocations = '{}', propertySourceProperties = '{}', contextCustomizers = set[[empty]], contextLoader = 'org.springframework.test.context.support.DelegatingSmartContextLoader', parent = [null]]]
15:20:52 DEBUG DefaultContextCache  Spring test ApplicationContext cache statistics: [DefaultContextCache@d56aaa6 size = 1, maxSize = 32, parentContextCount = 0, hitCount = 99, missCount = 1]
15:20:52 DEBUG ontextLoaderDelegate Retrieved ApplicationContext [1831141281] from cache with key [[MergedContextConfiguration@58516c91 testClass = ExpenseDaoJDBCImplTestIT, locations = '{classpath*:test-db.xml, classpath*:test-jdbc-conf.xml}', classes = '{}', contextInitializerClasses = '[]', activeProfiles = '{}', propertySourceLocations = '{}', propertySourceProperties = '{}', contextCustomizers = set[[empty]], contextLoader = 'org.springframework.test.context.support.DelegatingSmartContextLoader', parent = [null]]]
15:20:52 DEBUG DefaultContextCache  Spring test ApplicationContext cache statistics: [DefaultContextCache@d56aaa6 size = 1, maxSize = 32, parentContextCount = 0, hitCount = 100, missCount = 1]
15:20:52 DEBUG estExecutionListener Before test method: context [DefaultTestContext@21c7208d testClass = ExpenseDaoJDBCImplTestIT, testInstance = com.epam.brest.dao.ExpenseDaoJDBCImplTestIT@188b6035, testMethod = testUpdate@ExpenseDaoJDBCImplTestIT, testException = [null], mergedContextConfiguration = [MergedContextConfiguration@58516c91 testClass = ExpenseDaoJDBCImplTestIT, locations = '{classpath*:test-db.xml, classpath*:test-jdbc-conf.xml}', classes = '{}', contextInitializerClasses = '[]', activeProfiles = '{}', propertySourceLocations = '{}', propertySourceProperties = '{}', contextCustomizers = set[[empty]], contextLoader = 'org.springframework.test.context.support.DelegatingSmartContextLoader', parent = [null]], attributes = map['org.springframework.test.context.event.ApplicationEventsTestExecutionListener.recordApplicationEvents' -> false]], class annotated with @DirtiesContext [false] with mode [null], method annotated with @DirtiesContext [false] with mode [null].
15:20:52 DEBUG estExecutionListener Explicit transaction definition [PROPAGATION_REQUIRED,ISOLATION_DEFAULT] found for test context [DefaultTestContext@21c7208d testClass = ExpenseDaoJDBCImplTestIT, testInstance = com.epam.brest.dao.ExpenseDaoJDBCImplTestIT@188b6035, testMethod = testUpdate@ExpenseDaoJDBCImplTestIT, testException = [null], mergedContextConfiguration = [MergedContextConfiguration@58516c91 testClass = ExpenseDaoJDBCImplTestIT, locations = '{classpath*:test-db.xml, classpath*:test-jdbc-conf.xml}', classes = '{}', contextInitializerClasses = '[]', activeProfiles = '{}', propertySourceLocations = '{}', propertySourceProperties = '{}', contextCustomizers = set[[empty]], contextLoader = 'org.springframework.test.context.support.DelegatingSmartContextLoader', parent = [null]], attributes = map['org.springframework.test.context.event.ApplicationEventsTestExecutionListener.recordApplicationEvents' -> false]]
15:20:52 DEBUG ontextLoaderDelegate Retrieved ApplicationContext [1831141281] from cache with key [[MergedContextConfiguration@58516c91 testClass = ExpenseDaoJDBCImplTestIT, locations = '{classpath*:test-db.xml, classpath*:test-jdbc-conf.xml}', classes = '{}', contextInitializerClasses = '[]', activeProfiles = '{}', propertySourceLocations = '{}', propertySourceProperties = '{}', contextCustomizers = set[[empty]], contextLoader = 'org.springframework.test.context.support.DelegatingSmartContextLoader', parent = [null]]]
15:20:52 DEBUG DefaultContextCache  Spring test ApplicationContext cache statistics: [DefaultContextCache@d56aaa6 size = 1, maxSize = 32, parentContextCount = 0, hitCount = 101, missCount = 1]
15:20:52 DEBUG estExecutionListener Retrieved default @Rollback(true) for test class [com.epam.brest.dao.ExpenseDaoJDBCImplTestIT].
15:20:52 DEBUG estExecutionListener No method-level @Rollback override: using default rollback [true] for test context [DefaultTestContext@21c7208d testClass = ExpenseDaoJDBCImplTestIT, testInstance = com.epam.brest.dao.ExpenseDaoJDBCImplTestIT@188b6035, testMethod = testUpdate@ExpenseDaoJDBCImplTestIT, testException = [null], mergedContextConfiguration = [MergedContextConfiguration@58516c91 testClass = ExpenseDaoJDBCImplTestIT, locations = '{classpath*:test-db.xml, classpath*:test-jdbc-conf.xml}', classes = '{}', contextInitializerClasses = '[]', activeProfiles = '{}', propertySourceLocations = '{}', propertySourceProperties = '{}', contextCustomizers = set[[empty]], contextLoader = 'org.springframework.test.context.support.DelegatingSmartContextLoader', parent = [null]], attributes = map['org.springframework.test.context.event.ApplicationEventsTestExecutionListener.recordApplicationEvents' -> false]].
15:20:52 DEBUG rmTransactionManager Creating new transaction with name [com.epam.brest.dao.ExpenseDaoJDBCImplTestIT.testUpdate]: PROPAGATION_REQUIRED,ISOLATION_DEFAULT
15:20:52 DEBUG verManagerDataSource Creating new JDBC DriverManager Connection to [jdbc:h2:mem:test-db;MODE=MySQL;DB_CLOSE_DELAY=-1]
15:20:52 DEBUG ceTransactionManager Acquired Connection [conn13: url=jdbc:h2:mem:test-db user=SA] for JDBC transaction
15:20:52 DEBUG ceTransactionManager Switching JDBC Connection [conn13: url=jdbc:h2:mem:test-db user=SA] to manual commit
15:20:52 INFO  TransactionContext   Began transaction (1) for test context [DefaultTestContext@21c7208d testClass = ExpenseDaoJDBCImplTestIT, testInstance = com.epam.brest.dao.ExpenseDaoJDBCImplTestIT@188b6035, testMethod = testUpdate@ExpenseDaoJDBCImplTestIT, testException = [null], mergedContextConfiguration = [MergedContextConfiguration@58516c91 testClass = ExpenseDaoJDBCImplTestIT, locations = '{classpath*:test-db.xml, classpath*:test-jdbc-conf.xml}', classes = '{}', contextInitializerClasses = '[]', activeProfiles = '{}', propertySourceLocations = '{}', propertySourceProperties = '{}', contextCustomizers = set[[empty]], contextLoader = 'org.springframework.test.context.support.DelegatingSmartContextLoader', parent = [null]], attributes = map['org.springframework.test.context.event.ApplicationEventsTestExecutionListener.recordApplicationEvents' -> false]]; transaction manager [org.springframework.jdbc.datasource.DataSourceTransactionManager@7495699f]; rollback [true]
15:20:52 DEBUG ontextLoaderDelegate Retrieved ApplicationContext [1831141281] from cache with key [[MergedContextConfiguration@58516c91 testClass = ExpenseDaoJDBCImplTestIT, locations = '{classpath*:test-db.xml, classpath*:test-jdbc-conf.xml}', classes = '{}', contextInitializerClasses = '[]', activeProfiles = '{}', propertySourceLocations = '{}', propertySourceProperties = '{}', contextCustomizers = set[[empty]], contextLoader = 'org.springframework.test.context.support.DelegatingSmartContextLoader', parent = [null]]]
15:20:52 DEBUG DefaultContextCache  Spring test ApplicationContext cache statistics: [DefaultContextCache@d56aaa6 size = 1, maxSize = 32, parentContextCount = 0, hitCount = 102, missCount = 1]
15:20:52 DEBUG ontextLoaderDelegate Retrieved ApplicationContext [1831141281] from cache with key [[MergedContextConfiguration@58516c91 testClass = ExpenseDaoJDBCImplTestIT, locations = '{classpath*:test-db.xml, classpath*:test-jdbc-conf.xml}', classes = '{}', contextInitializerClasses = '[]', activeProfiles = '{}', propertySourceLocations = '{}', propertySourceProperties = '{}', contextCustomizers = set[[empty]], contextLoader = 'org.springframework.test.context.support.DelegatingSmartContextLoader', parent = [null]]]
15:20:52 DEBUG DefaultContextCache  Spring test ApplicationContext cache statistics: [DefaultContextCache@d56aaa6 size = 1, maxSize = 32, parentContextCount = 0, hitCount = 103, missCount = 1]
15:20:52 DEBUG nseDaoJDBCImplTestIT Execute IT test update()
15:20:52 DEBUG ExpenseDaoJDBCImpl   Find all expenses
15:20:52 DEBUG JdbcTemplate         Executing prepared SQL query
15:20:52 DEBUG JdbcTemplate         Executing prepared SQL statement [SELECT * FROM expense]
15:20:52 DEBUG ExpenseDaoJDBCImpl   Update expense com.epam.brest.model.Expense@43da41e
15:20:52 DEBUG JdbcTemplate         Executing prepared SQL update
15:20:52 DEBUG JdbcTemplate         Executing prepared SQL statement [UPDATE expense SET category_id = ?, price = ? WHERE expense_id = ?]
15:20:52 DEBUG ExpenseDaoJDBCImpl   Get expense by id = 1
15:20:52 DEBUG JdbcTemplate         Executing prepared SQL query
15:20:52 DEBUG JdbcTemplate         Executing prepared SQL statement [SELECT * FROM expense WHERE expense_id = ?]
15:20:52 DEBUG ontextLoaderDelegate Retrieved ApplicationContext [1831141281] from cache with key [[MergedContextConfiguration@58516c91 testClass = ExpenseDaoJDBCImplTestIT, locations = '{classpath*:test-db.xml, classpath*:test-jdbc-conf.xml}', classes = '{}', contextInitializerClasses = '[]', activeProfiles = '{}', propertySourceLocations = '{}', propertySourceProperties = '{}', contextCustomizers = set[[empty]], contextLoader = 'org.springframework.test.context.support.DelegatingSmartContextLoader', parent = [null]]]
15:20:52 DEBUG DefaultContextCache  Spring test ApplicationContext cache statistics: [DefaultContextCache@d56aaa6 size = 1, maxSize = 32, parentContextCount = 0, hitCount = 104, missCount = 1]
15:20:52 DEBUG ontextLoaderDelegate Retrieved ApplicationContext [1831141281] from cache with key [[MergedContextConfiguration@58516c91 testClass = ExpenseDaoJDBCImplTestIT, locations = '{classpath*:test-db.xml, classpath*:test-jdbc-conf.xml}', classes = '{}', contextInitializerClasses = '[]', activeProfiles = '{}', propertySourceLocations = '{}', propertySourceProperties = '{}', contextCustomizers = set[[empty]], contextLoader = 'org.springframework.test.context.support.DelegatingSmartContextLoader', parent = [null]]]
15:20:52 DEBUG DefaultContextCache  Spring test ApplicationContext cache statistics: [DefaultContextCache@d56aaa6 size = 1, maxSize = 32, parentContextCount = 0, hitCount = 105, missCount = 1]
15:20:52 DEBUG rmTransactionManager Initiating transaction rollback
15:20:52 DEBUG ceTransactionManager Rolling back JDBC transaction on Connection [conn13: url=jdbc:h2:mem:test-db user=SA]
15:20:52 DEBUG ceTransactionManager Releasing JDBC Connection [conn13: url=jdbc:h2:mem:test-db user=SA] after transaction
15:20:52 INFO  TransactionContext   Rolled back transaction for test: [DefaultTestContext@21c7208d testClass = ExpenseDaoJDBCImplTestIT, testInstance = com.epam.brest.dao.ExpenseDaoJDBCImplTestIT@188b6035, testMethod = testUpdate@ExpenseDaoJDBCImplTestIT, testException = [null], mergedContextConfiguration = [MergedContextConfiguration@58516c91 testClass = ExpenseDaoJDBCImplTestIT, locations = '{classpath*:test-db.xml, classpath*:test-jdbc-conf.xml}', classes = '{}', contextInitializerClasses = '[]', activeProfiles = '{}', propertySourceLocations = '{}', propertySourceProperties = '{}', contextCustomizers = set[[empty]], contextLoader = 'org.springframework.test.context.support.DelegatingSmartContextLoader', parent = [null]], attributes = map['org.springframework.test.context.event.ApplicationEventsTestExecutionListener.recordApplicationEvents' -> false]]
15:20:52 DEBUG estExecutionListener After test method: context [DefaultTestContext@21c7208d testClass = ExpenseDaoJDBCImplTestIT, testInstance = com.epam.brest.dao.ExpenseDaoJDBCImplTestIT@188b6035, testMethod = testUpdate@ExpenseDaoJDBCImplTestIT, testException = [null], mergedContextConfiguration = [MergedContextConfiguration@58516c91 testClass = ExpenseDaoJDBCImplTestIT, locations = '{classpath*:test-db.xml, classpath*:test-jdbc-conf.xml}', classes = '{}', contextInitializerClasses = '[]', activeProfiles = '{}', propertySourceLocations = '{}', propertySourceProperties = '{}', contextCustomizers = set[[empty]], contextLoader = 'org.springframework.test.context.support.DelegatingSmartContextLoader', parent = [null]], attributes = map['org.springframework.test.context.event.ApplicationEventsTestExecutionListener.recordApplicationEvents' -> false]], class annotated with @DirtiesContext [false] with mode [null], method annotated with @DirtiesContext [false] with mode [null].
]]></system-out>
  </testcase>
</testsuite>