<?xml version="1.0" encoding="UTF-8"?>
<testsuite xmlns:xsi="http://www.w3.org/2001/XMLSchema-instance" xsi:noNamespaceSchemaLocation="https://maven.apache.org/surefire/maven-failsafe-plugin/xsd/failsafe-test-report-3.0.xsd" version="3.0" name="com.epam.brest.dao.CategoryDaoJDBCImplTestIT" time="0.878" tests="7" errors="0" skipped="0" failures="0">
  <properties>
    <property name="sun.desktop" value="gnome"/>
    <property name="awt.toolkit" value="sun.awt.X11.XToolkit"/>
    <property name="java.specification.version" value="11"/>
    <property name="sun.cpu.isalist" value=""/>
    <property name="sun.jnu.encoding" value="UTF-8"/>
    <property name="java.class.path" value="/home/medievil/development/Dzmitry-Kalustau-EH/dao/target/test-classes:/home/medievil/development/Dzmitry-Kalustau-EH/dao/target/classes:/home/medievil/development/Dzmitry-Kalustau-EH/dao-api/target/dao-api-1.0-SNAPSHOT.jar:/home/medievil/development/Dzmitry-Kalustau-EH/model/target/model-1.0-SNAPSHOT.jar:/home/medievil/.m2/repository/com/fasterxml/jackson/core/jackson-databind/2.13.0/jackson-databind-2.13.0.jar:/home/medievil/.m2/repository/com/fasterxml/jackson/core/jackson-annotations/2.13.0/jackson-annotations-2.13.0.jar:/home/medievil/.m2/repository/com/fasterxml/jackson/core/jackson-core/2.13.0/jackson-core-2.13.0.jar:/home/medievil/.m2/repository/com/fasterxml/jackson/datatype/jackson-datatype-jsr310/2.13.0/jackson-datatype-jsr310-2.13.0.jar:/home/medievil/development/Dzmitry-Kalustau-EH/test-db/target/test-db-1.0-SNAPSHOT.jar:/home/medievil/.m2/repository/com/h2database/h2/1.4.200/h2-1.4.200.jar:/home/medievil/.m2/repository/org/springframework/spring-context/5.3.4/spring-context-5.3.4.jar:/home/medievil/.m2/repository/org/springframework/spring-aop/5.3.4/spring-aop-5.3.4.jar:/home/medievil/.m2/repository/org/springframework/spring-beans/5.3.4/spring-beans-5.3.4.jar:/home/medievil/.m2/repository/org/springframework/spring-core/5.3.4/spring-core-5.3.4.jar:/home/medievil/.m2/repository/org/springframework/spring-jcl/5.3.4/spring-jcl-5.3.4.jar:/home/medievil/.m2/repository/org/springframework/spring-expression/5.3.4/spring-expression-5.3.4.jar:/home/medievil/.m2/repository/org/springframework/spring-jdbc/5.3.4/spring-jdbc-5.3.4.jar:/home/medievil/.m2/repository/org/springframework/spring-tx/5.3.4/spring-tx-5.3.4.jar:/home/medievil/.m2/repository/org/springframework/spring-test/5.3.4/spring-test-5.3.4.jar:/home/medievil/.m2/repository/org/apache/logging/log4j/log4j-api/2.14.1/log4j-api-2.14.1.jar:/home/medievil/.m2/repository/org/apache/logging/log4j/log4j-core/2.14.1/log4j-core-2.14.1.jar:/home/medievil/.m2/repository/org/junit/jupiter/junit-jupiter-engine/5.4.0/junit-jupiter-engine-5.4.0.jar:/home/medievil/.m2/repository/org/apiguardian/apiguardian-api/1.0.0/apiguardian-api-1.0.0.jar:/home/medievil/.m2/repository/org/junit/platform/junit-platform-engine/1.4.0/junit-platform-engine-1.4.0.jar:/home/medievil/.m2/repository/org/opentest4j/opentest4j/1.1.1/opentest4j-1.1.1.jar:/home/medievil/.m2/repository/org/junit/platform/junit-platform-commons/1.4.0/junit-platform-commons-1.4.0.jar:/home/medievil/.m2/repository/org/junit/jupiter/junit-jupiter-api/5.4.0/junit-jupiter-api-5.4.0.jar:/home/medievil/.m2/repository/org/mockito/mockito-core/4.1.0/mockito-core-4.1.0.jar:/home/medievil/.m2/repository/net/bytebuddy/byte-buddy/1.12.1/byte-buddy-1.12.1.jar:/home/medievil/.m2/repository/net/bytebuddy/byte-buddy-agent/1.12.1/byte-buddy-agent-1.12.1.jar:/home/medievil/.m2/repository/org/objenesis/objenesis/3.2/objenesis-3.2.jar:/home/medievil/.m2/repository/org/mockito/mockito-junit-jupiter/4.1.0/mockito-junit-jupiter-4.1.0.jar:"/>
    <property name="java.vm.vendor" value="Ubuntu"/>
    <property name="sun.arch.data.model" value="64"/>
    <property name="java.vendor.url" value="https://ubuntu.com/"/>
    <property name="user.timezone" value="Europe/Minsk"/>
    <property name="java.vm.specification.version" value="11"/>
    <property name="os.name" value="Linux"/>
    <property name="sun.java.launcher" value="SUN_STANDARD"/>
    <property name="user.country" value="RU"/>
    <property name="sun.boot.library.path" value="/usr/lib/jvm/java-11-openjdk-amd64/lib"/>
    <property name="sun.java.command" value="/home/medievil/development/Dzmitry-Kalustau-EH/dao/target/surefire/surefirebooter14218131393663411150.jar /home/medievil/development/Dzmitry-Kalustau-EH/dao/target/surefire 2021-12-15T16-25-48_977-jvmRun1 surefire17150981760669444531tmp surefire_03143570190859357232tmp"/>
    <property name="jdk.debug" value="release"/>
    <property name="surefire.test.class.path" value="/home/medievil/development/Dzmitry-Kalustau-EH/dao/target/test-classes:/home/medievil/development/Dzmitry-Kalustau-EH/dao/target/classes:/home/medievil/development/Dzmitry-Kalustau-EH/dao-api/target/dao-api-1.0-SNAPSHOT.jar:/home/medievil/development/Dzmitry-Kalustau-EH/model/target/model-1.0-SNAPSHOT.jar:/home/medievil/.m2/repository/com/fasterxml/jackson/core/jackson-databind/2.13.0/jackson-databind-2.13.0.jar:/home/medievil/.m2/repository/com/fasterxml/jackson/core/jackson-annotations/2.13.0/jackson-annotations-2.13.0.jar:/home/medievil/.m2/repository/com/fasterxml/jackson/core/jackson-core/2.13.0/jackson-core-2.13.0.jar:/home/medievil/.m2/repository/com/fasterxml/jackson/datatype/jackson-datatype-jsr310/2.13.0/jackson-datatype-jsr310-2.13.0.jar:/home/medievil/development/Dzmitry-Kalustau-EH/test-db/target/test-db-1.0-SNAPSHOT.jar:/home/medievil/.m2/repository/com/h2database/h2/1.4.200/h2-1.4.200.jar:/home/medievil/.m2/repository/org/springframework/spring-context/5.3.4/spring-context-5.3.4.jar:/home/medievil/.m2/repository/org/springframework/spring-aop/5.3.4/spring-aop-5.3.4.jar:/home/medievil/.m2/repository/org/springframework/spring-beans/5.3.4/spring-beans-5.3.4.jar:/home/medievil/.m2/repository/org/springframework/spring-core/5.3.4/spring-core-5.3.4.jar:/home/medievil/.m2/repository/org/springframework/spring-jcl/5.3.4/spring-jcl-5.3.4.jar:/home/medievil/.m2/repository/org/springframework/spring-expression/5.3.4/spring-expression-5.3.4.jar:/home/medievil/.m2/repository/org/springframework/spring-jdbc/5.3.4/spring-jdbc-5.3.4.jar:/home/medievil/.m2/repository/org/springframework/spring-tx/5.3.4/spring-tx-5.3.4.jar:/home/medievil/.m2/repository/org/springframework/spring-test/5.3.4/spring-test-5.3.4.jar:/home/medievil/.m2/repository/org/apache/logging/log4j/log4j-api/2.14.1/log4j-api-2.14.1.jar:/home/medievil/.m2/repository/org/apache/logging/log4j/log4j-core/2.14.1/log4j-core-2.14.1.jar:/home/medievil/.m2/repository/org/junit/jupiter/junit-jupiter-engine/5.4.0/junit-jupiter-engine-5.4.0.jar:/home/medievil/.m2/repository/org/apiguardian/apiguardian-api/1.0.0/apiguardian-api-1.0.0.jar:/home/medievil/.m2/repository/org/junit/platform/junit-platform-engine/1.4.0/junit-platform-engine-1.4.0.jar:/home/medievil/.m2/repository/org/opentest4j/opentest4j/1.1.1/opentest4j-1.1.1.jar:/home/medievil/.m2/repository/org/junit/platform/junit-platform-commons/1.4.0/junit-platform-commons-1.4.0.jar:/home/medievil/.m2/repository/org/junit/jupiter/junit-jupiter-api/5.4.0/junit-jupiter-api-5.4.0.jar:/home/medievil/.m2/repository/org/mockito/mockito-core/4.1.0/mockito-core-4.1.0.jar:/home/medievil/.m2/repository/net/bytebuddy/byte-buddy/1.12.1/byte-buddy-1.12.1.jar:/home/medievil/.m2/repository/net/bytebuddy/byte-buddy-agent/1.12.1/byte-buddy-agent-1.12.1.jar:/home/medievil/.m2/repository/org/objenesis/objenesis/3.2/objenesis-3.2.jar:/home/medievil/.m2/repository/org/mockito/mockito-junit-jupiter/4.1.0/mockito-junit-jupiter-4.1.0.jar:"/>
    <property name="sun.cpu.endian" value="little"/>
    <property name="user.home" value="/home/medievil"/>
    <property name="user.language" value="ru"/>
    <property name="java.specification.vendor" value="Oracle Corporation"/>
    <property name="java.version.date" value="2021-04-20"/>
    <property name="java.home" value="/usr/lib/jvm/java-11-openjdk-amd64"/>
    <property name="file.separator" value="/"/>
    <property name="basedir" value="/home/medievil/development/Dzmitry-Kalustau-EH/dao"/>
    <property name="java.vm.compressedOopsMode" value="Zero based"/>
    <property name="line.separator" value="&#10;"/>
    <property name="java.specification.name" value="Java Platform API Specification"/>
    <property name="java.vm.specification.vendor" value="Oracle Corporation"/>
    <property name="java.awt.graphicsenv" value="sun.awt.X11GraphicsEnvironment"/>
    <property name="surefire.real.class.path" value="/home/medievil/development/Dzmitry-Kalustau-EH/dao/target/surefire/surefirebooter14218131393663411150.jar"/>
    <property name="sun.management.compiler" value="HotSpot 64-Bit Tiered Compilers"/>
    <property name="java.runtime.version" value="11.0.11+9-Ubuntu-0ubuntu2.20.04"/>
    <property name="user.name" value="medievil"/>
    <property name="path.separator" value=":"/>
    <property name="os.version" value="5.11.0-41-generic"/>
    <property name="java.runtime.name" value="OpenJDK Runtime Environment"/>
    <property name="file.encoding" value="UTF-8"/>
    <property name="java.vm.name" value="OpenJDK 64-Bit Server VM"/>
    <property name="localRepository" value="/home/medievil/.m2/repository"/>
    <property name="java.vendor.url.bug" value="https://bugs.launchpad.net/ubuntu/+source/openjdk-lts"/>
    <property name="java.io.tmpdir" value="/tmp"/>
    <property name="java.version" value="11.0.11"/>
    <property name="user.dir" value="/home/medievil/development/Dzmitry-Kalustau-EH/dao"/>
    <property name="os.arch" value="amd64"/>
    <property name="java.vm.specification.name" value="Java Virtual Machine Specification"/>
    <property name="java.awt.printerjob" value="sun.print.PSPrinterJob"/>
    <property name="sun.os.patch.level" value="unknown"/>
    <property name="java.library.path" value="/usr/java/packages/lib:/usr/lib/x86_64-linux-gnu/jni:/lib/x86_64-linux-gnu:/usr/lib/x86_64-linux-gnu:/usr/lib/jni:/lib:/usr/lib"/>
    <property name="java.vm.info" value="mixed mode, sharing"/>
    <property name="java.vendor" value="Ubuntu"/>
    <property name="java.vm.version" value="11.0.11+9-Ubuntu-0ubuntu2.20.04"/>
    <property name="sun.io.unicode.encoding" value="UnicodeLittle"/>
    <property name="java.class.version" value="55.0"/>
  </properties>
  <testcase name="testFindAll" classname="com.epam.brest.dao.CategoryDaoJDBCImplTestIT" time="0.057">
    <system-out><![CDATA[2021-12-15 16:25:51,705 main DEBUG Apache Log4j Core 2.14.1 initializing configuration org.apache.logging.log4j.core.config.properties.PropertiesConfiguration@6bbe85a8
2021-12-15 16:25:51,707 main DEBUG Installed 1 script engine
2021-12-15 16:25:51,826 main DEBUG Oracle Nashorn version: 11.0.11, language: ECMAScript, threading: Not Thread Safe, compile: true, names: [nashorn, Nashorn, js, JS, JavaScript, javascript, ECMAScript, ecmascript], factory class: jdk.nashorn.api.scripting.NashornScriptEngineFactory
2021-12-15 16:25:51,826 main DEBUG PluginManager 'Core' found 122 plugins
2021-12-15 16:25:51,826 main DEBUG PluginManager 'Level' found 0 plugins
2021-12-15 16:25:51,827 main DEBUG PluginManager 'Lookup' found 16 plugins
2021-12-15 16:25:51,828 main DEBUG Building Plugin[name=AppenderRef, class=org.apache.logging.log4j.core.config.AppenderRef].
2021-12-15 16:25:51,832 main DEBUG PluginManager 'TypeConverter' found 26 plugins
2021-12-15 16:25:51,836 main DEBUG createAppenderRef(ref="STDOUT", level="null", Filter=null)
2021-12-15 16:25:51,836 main DEBUG Building Plugin[name=root, class=org.apache.logging.log4j.core.config.LoggerConfig$RootLogger].
2021-12-15 16:25:51,838 main DEBUG createLogger(additivity="null", level="DEBUG", includeLocation="null", ={STDOUT}, ={}, Configuration(PropertiesConfig), Filter=null)
2021-12-15 16:25:51,839 main DEBUG Building Plugin[name=loggers, class=org.apache.logging.log4j.core.config.LoggersPlugin].
2021-12-15 16:25:51,839 main DEBUG createLoggers(={root})
2021-12-15 16:25:51,839 main DEBUG Building Plugin[name=layout, class=org.apache.logging.log4j.core.layout.PatternLayout].
2021-12-15 16:25:51,841 main DEBUG PatternLayout$Builder(pattern="%d{HH:mm:ss} %-5p %-20.20C{1} %m%n", PatternSelector=null, Configuration(PropertiesConfig), Replace=null, charset="null", alwaysWriteExceptions="null", disableAnsi="null", noConsoleNoAnsi="null", header="null", footer="null")
2021-12-15 16:25:51,842 main DEBUG PluginManager 'Converter' found 44 plugins
2021-12-15 16:25:51,846 main DEBUG Building Plugin[name=appender, class=org.apache.logging.log4j.core.appender.ConsoleAppender].
2021-12-15 16:25:51,849 main DEBUG ConsoleAppender$Builder(target="null", follow="null", direct="null", bufferedIo="null", bufferSize="null", immediateFlush="null", ignoreExceptions="null", PatternLayout(%d{HH:mm:ss} %-5p %-20.20C{1} %m%n), name="STDOUT", Configuration(PropertiesConfig), Filter=null, ={})
2021-12-15 16:25:51,850 main DEBUG Starting OutputStreamManager SYSTEM_OUT.false.false
2021-12-15 16:25:51,850 main DEBUG Building Plugin[name=appenders, class=org.apache.logging.log4j.core.config.AppendersPlugin].
2021-12-15 16:25:51,851 main DEBUG createAppenders(={STDOUT})
2021-12-15 16:25:51,851 main DEBUG Configuration org.apache.logging.log4j.core.config.properties.PropertiesConfiguration@6bbe85a8 initialized
2021-12-15 16:25:51,851 main DEBUG Starting configuration org.apache.logging.log4j.core.config.properties.PropertiesConfiguration@6bbe85a8
2021-12-15 16:25:51,851 main DEBUG Started configuration org.apache.logging.log4j.core.config.properties.PropertiesConfiguration@6bbe85a8 OK.
2021-12-15 16:25:51,852 main DEBUG Shutting down OutputStreamManager SYSTEM_OUT.false.false-1
2021-12-15 16:25:51,852 main DEBUG OutputStream closed
2021-12-15 16:25:51,852 main DEBUG Shut down OutputStreamManager SYSTEM_OUT.false.false-1, all resources released: true
2021-12-15 16:25:51,852 main DEBUG Appender DefaultConsole-1 stopped with status true
2021-12-15 16:25:51,852 main DEBUG Stopped org.apache.logging.log4j.core.config.DefaultConfiguration@55182842 OK
2021-12-15 16:25:51,883 main DEBUG Registering MBean org.apache.logging.log4j2:type=55054057
2021-12-15 16:25:51,885 main DEBUG Registering MBean org.apache.logging.log4j2:type=55054057,component=StatusLogger
2021-12-15 16:25:51,885 main DEBUG Registering MBean org.apache.logging.log4j2:type=55054057,component=ContextSelector
2021-12-15 16:25:51,886 main DEBUG Registering MBean org.apache.logging.log4j2:type=55054057,component=Loggers,name=
2021-12-15 16:25:51,886 main DEBUG Registering MBean org.apache.logging.log4j2:type=55054057,component=Appenders,name=STDOUT
2021-12-15 16:25:51,887 main DEBUG org.apache.logging.log4j.core.util.SystemClock supports precise timestamps.
2021-12-15 16:25:51,887 main DEBUG Reconfiguration complete for context[name=55054057] at URI /home/medievil/development/Dzmitry-Kalustau-EH/dao/target/test-classes/log4j2-test.properties (org.apache.logging.log4j.core.LoggerContext@10b9db7b) with optional ClassLoader: null
2021-12-15 16:25:51,888 main DEBUG Shutdown hook enabled. Registering a new one.
2021-12-15 16:25:51,888 main DEBUG LoggerContext[name=55054057, org.apache.logging.log4j.core.LoggerContext@10b9db7b] started OK.
16:25:51 DEBUG BootstrapUtils       Instantiating CacheAwareContextLoaderDelegate from class [org.springframework.test.context.cache.DefaultCacheAwareContextLoaderDelegate]
16:25:51 DEBUG BootstrapUtils       Instantiating BootstrapContext using constructor [public org.springframework.test.context.support.DefaultBootstrapContext(java.lang.Class,org.springframework.test.context.CacheAwareContextLoaderDelegate)]
16:25:51 DEBUG BootstrapUtils       Instantiating TestContextBootstrapper for test class [com.epam.brest.dao.CategoryDaoJDBCImplTestIT] from class [org.springframework.test.context.support.DefaultTestContextBootstrapper]
16:25:51 DEBUG ngSmartContextLoader Delegating to GenericXmlContextLoader to process context configuration [ContextConfigurationAttributes@20a14b55 declaringClass = 'com.epam.brest.dao.CategoryDaoJDBCImplTestIT', classes = '{}', locations = '{classpath*:test-db.xml, classpath*:test-jdbc-conf.xml}', inheritLocations = true, initializers = '{}', inheritInitializers = true, name = [null], contextLoaderClass = 'org.springframework.test.context.ContextLoader'].
16:25:51 DEBUG ActiveProfilesUtils  Could not find an 'annotation declaring class' for annotation type [org.springframework.test.context.ActiveProfiles] and class [com.epam.brest.dao.CategoryDaoJDBCImplTestIT]
16:25:51 DEBUG tContextBootstrapper @TestExecutionListeners is not present for class [com.epam.brest.dao.CategoryDaoJDBCImplTestIT]: using defaults.
16:25:51 INFO  tContextBootstrapper Loaded default TestExecutionListener class names from location [META-INF/spring.factories]: [org.springframework.test.context.web.ServletTestExecutionListener, org.springframework.test.context.support.DirtiesContextBeforeModesTestExecutionListener, org.springframework.test.context.event.ApplicationEventsTestExecutionListener, org.springframework.test.context.support.DependencyInjectionTestExecutionListener, org.springframework.test.context.support.DirtiesContextTestExecutionListener, org.springframework.test.context.transaction.TransactionalTestExecutionListener, org.springframework.test.context.jdbc.SqlScriptsTestExecutionListener, org.springframework.test.context.event.EventPublishingTestExecutionListener]
16:25:51 DEBUG tContextBootstrapper Skipping candidate TestExecutionListener [org.springframework.test.context.web.ServletTestExecutionListener] due to a missing dependency. Specify custom listener classes or make the default listener classes and their required dependencies available. Offending class: [javax/servlet/ServletContext]
16:25:51 INFO  tContextBootstrapper Using TestExecutionListeners: [org.springframework.test.context.support.DirtiesContextBeforeModesTestExecutionListener@3b956878, org.springframework.test.context.event.ApplicationEventsTestExecutionListener@36546a22, org.springframework.test.context.support.DependencyInjectionTestExecutionListener@285c08c8, org.springframework.test.context.support.DirtiesContextTestExecutionListener@295eaa7c, org.springframework.test.context.transaction.TransactionalTestExecutionListener@3918c187, org.springframework.test.context.jdbc.SqlScriptsTestExecutionListener@2c88b9fc, org.springframework.test.context.event.EventPublishingTestExecutionListener@64dafeed]
16:25:51 DEBUG estExecutionListener Before test class: context [DefaultTestContext@3d484181 testClass = CategoryDaoJDBCImplTestIT, testInstance = [null], testMethod = [null], testException = [null], mergedContextConfiguration = [MergedContextConfiguration@6111ba37 testClass = CategoryDaoJDBCImplTestIT, locations = '{classpath*:test-db.xml, classpath*:test-jdbc-conf.xml}', classes = '{}', contextInitializerClasses = '[]', activeProfiles = '{}', propertySourceLocations = '{}', propertySourceProperties = '{}', contextCustomizers = set[[empty]], contextLoader = 'org.springframework.test.context.support.DelegatingSmartContextLoader', parent = [null]], attributes = map[[empty]]], class annotated with @DirtiesContext [false] with mode [null].
16:25:51 DEBUG ngSmartContextLoader Delegating to GenericXmlContextLoader to load context from [MergedContextConfiguration@6111ba37 testClass = CategoryDaoJDBCImplTestIT, locations = '{classpath*:test-db.xml, classpath*:test-jdbc-conf.xml}', classes = '{}', contextInitializerClasses = '[]', activeProfiles = '{}', propertySourceLocations = '{}', propertySourceProperties = '{}', contextCustomizers = set[[empty]], contextLoader = 'org.springframework.test.context.support.DelegatingSmartContextLoader', parent = [null]].
16:25:51 DEBUG GenericContextLoader Loading ApplicationContext for merged context configuration [[MergedContextConfiguration@6111ba37 testClass = CategoryDaoJDBCImplTestIT, locations = '{classpath*:test-db.xml, classpath*:test-jdbc-conf.xml}', classes = '{}', contextInitializerClasses = '[]', activeProfiles = '{}', propertySourceLocations = '{}', propertySourceProperties = '{}', contextCustomizers = set[[empty]], contextLoader = 'org.springframework.test.context.support.DelegatingSmartContextLoader', parent = [null]]].
16:25:51 DEBUG AbstractEnvironment  Activating profiles []
16:25:52 DEBUG BeanDefinitionReader Loaded 3 bean definitions from URL [jar:file:/home/medievil/development/Dzmitry-Kalustau-EH/test-db/target/test-db-1.0-SNAPSHOT.jar!/test-db.xml]
16:25:52 DEBUG BeanDefinitionReader Loaded 3 bean definitions from URL [file:/home/medievil/development/Dzmitry-Kalustau-EH/dao/target/test-classes/test-jdbc-conf.xml]
16:25:52 DEBUG ctApplicationContext Refreshing org.springframework.context.support.GenericApplicationContext@7e3060d8
16:25:52 DEBUG ingletonBeanRegistry Creating shared instance of singleton bean 'org.springframework.context.annotation.internalConfigurationAnnotationProcessor'
16:25:52 DEBUG ingletonBeanRegistry Creating shared instance of singleton bean 'org.springframework.context.event.internalEventListenerProcessor'
16:25:52 DEBUG ingletonBeanRegistry Creating shared instance of singleton bean 'org.springframework.context.event.internalEventListenerFactory'
16:25:52 DEBUG ingletonBeanRegistry Creating shared instance of singleton bean 'org.springframework.context.annotation.internalAutowiredAnnotationProcessor'
16:25:52 DEBUG ingletonBeanRegistry Creating shared instance of singleton bean 'dataSource'
16:25:52 DEBUG verManagerDataSource Loaded JDBC driver: org.h2.Driver
16:25:52 DEBUG ingletonBeanRegistry Creating shared instance of singleton bean 'transactionManager'
16:25:52 DEBUG ingletonBeanRegistry Creating shared instance of singleton bean 'org.springframework.jdbc.datasource.init.DataSourceInitializer#0'
16:25:52 DEBUG DataSourceUtils      Fetching JDBC Connection from DataSource
16:25:52 DEBUG verManagerDataSource Creating new JDBC DriverManager Connection to [jdbc:h2:mem:test-db;MODE=MySQL;DB_CLOSE_DELAY=-1]
16:25:52 DEBUG ScriptUtils          Executing SQL script from URL [jar:file:/home/medievil/development/Dzmitry-Kalustau-EH/test-db/target/test-db-1.0-SNAPSHOT.jar!/create-db.sql]
16:25:52 DEBUG ScriptUtils          0 returned as update count for SQL: DROP TABLE IF EXISTS category
16:25:52 DEBUG ScriptUtils          0 returned as update count for SQL: DROP TABLE IF EXISTS expense
16:25:52 DEBUG ScriptUtils          0 returned as update count for SQL: CREATE TABLE category ( category_id INT NOT NULL AUTO_INCREMENT, category_name VARCHAR(50) UNIQUE, CONSTRAINT category_pk PRIMARY KEY (category_id) )
16:25:52 DEBUG ScriptUtils          0 returned as update count for SQL: CREATE TABLE expense ( expense_id INT NOT NULL AUTO_INCREMENT, date DATE NOT NULL, category_id INT NOT NULL, price DECIMAL NOT NULL, CONSTRAINT expense_pk PRIMARY KEY (expense_id), CONSTRAINT expense_category_fk FOREIGN KEY (category_id) REFERENCES category (category_id) )
16:25:52 DEBUG ScriptUtils          Executed SQL script from URL [jar:file:/home/medievil/development/Dzmitry-Kalustau-EH/test-db/target/test-db-1.0-SNAPSHOT.jar!/create-db.sql] in 16 ms.
16:25:52 DEBUG ScriptUtils          Executing SQL script from URL [jar:file:/home/medievil/development/Dzmitry-Kalustau-EH/test-db/target/test-db-1.0-SNAPSHOT.jar!/init-db.sql]
16:25:52 DEBUG ScriptUtils          1 returned as update count for SQL: INSERT INTO category(category_id, category_name) VALUES (1, 'Food')
16:25:52 DEBUG ScriptUtils          1 returned as update count for SQL: INSERT INTO category(category_id, category_name) VALUES (2, 'Households')
16:25:52 DEBUG ScriptUtils          1 returned as update count for SQL: INSERT INTO category(category_id, category_name) VALUES (3, 'Car')
16:25:52 DEBUG ScriptUtils          1 returned as update count for SQL: INSERT INTO category(category_id, category_name) VALUES (4, 'Medicine')
16:25:52 DEBUG ScriptUtils          1 returned as update count for SQL: INSERT INTO category(category_id, category_name) VALUES (5, 'Clothes')
16:25:52 DEBUG ScriptUtils          1 returned as update count for SQL: INSERT INTO category(category_id, category_name) VALUES (6, 'Entertainment')
16:25:52 DEBUG ScriptUtils          1 returned as update count for SQL: INSERT INTO expense(expense_id, date, category_id, price) VALUES (1, '2021-10-01', 1, 25.4)
16:25:52 DEBUG ScriptUtils          1 returned as update count for SQL: INSERT INTO expense(expense_id, date, category_id, price) VALUES (2, '2021-10-01', 3, 7)
16:25:52 DEBUG ScriptUtils          1 returned as update count for SQL: INSERT INTO expense(expense_id, date, category_id, price) VALUES (3, '2021-10-02', 5, 60)
16:25:52 DEBUG ScriptUtils          1 returned as update count for SQL: INSERT INTO expense(expense_id, date, category_id, price) VALUES (4, '2021-10-02', 1, 15)
16:25:52 DEBUG ScriptUtils          1 returned as update count for SQL: INSERT INTO expense(expense_id, date, category_id, price) VALUES (5, '2021-10-02', 2, 22.5)
16:25:52 DEBUG ScriptUtils          1 returned as update count for SQL: INSERT INTO expense(expense_id, date, category_id, price) VALUES (6, '2021-10-03', 4, 30)
16:25:52 DEBUG ScriptUtils          1 returned as update count for SQL: INSERT INTO expense(expense_id, date, category_id, price) VALUES (7, '2021-11-04', 1, 50)
16:25:52 DEBUG ScriptUtils          1 returned as update count for SQL: INSERT INTO expense(expense_id, date, category_id, price) VALUES (8, '2021-11-04', 1, 5)
16:25:52 DEBUG ScriptUtils          Executed SQL script from URL [jar:file:/home/medievil/development/Dzmitry-Kalustau-EH/test-db/target/test-db-1.0-SNAPSHOT.jar!/init-db.sql] in 8 ms.
16:25:52 DEBUG ingletonBeanRegistry Creating shared instance of singleton bean 'namedParameterJdbcTemplate'
16:25:52 DEBUG ingletonBeanRegistry Creating shared instance of singleton bean 'categoryDao'
16:25:52 DEBUG ingletonBeanRegistry Creating shared instance of singleton bean 'expenseDao'
16:25:52 DEBUG ontextLoaderDelegate Storing ApplicationContext [2117099736] in cache under key [[MergedContextConfiguration@6111ba37 testClass = CategoryDaoJDBCImplTestIT, locations = '{classpath*:test-db.xml, classpath*:test-jdbc-conf.xml}', classes = '{}', contextInitializerClasses = '[]', activeProfiles = '{}', propertySourceLocations = '{}', propertySourceProperties = '{}', contextCustomizers = set[[empty]], contextLoader = 'org.springframework.test.context.support.DelegatingSmartContextLoader', parent = [null]]]
16:25:52 DEBUG DefaultContextCache  Spring test ApplicationContext cache statistics: [DefaultContextCache@6df3e44c size = 1, maxSize = 32, parentContextCount = 0, hitCount = 0, missCount = 1]
16:25:52 DEBUG estExecutionListener Performing dependency injection for test context [[DefaultTestContext@3d484181 testClass = CategoryDaoJDBCImplTestIT, testInstance = com.epam.brest.dao.CategoryDaoJDBCImplTestIT@58496dc, testMethod = [null], testException = [null], mergedContextConfiguration = [MergedContextConfiguration@6111ba37 testClass = CategoryDaoJDBCImplTestIT, locations = '{classpath*:test-db.xml, classpath*:test-jdbc-conf.xml}', classes = '{}', contextInitializerClasses = '[]', activeProfiles = '{}', propertySourceLocations = '{}', propertySourceProperties = '{}', contextCustomizers = set[[empty]], contextLoader = 'org.springframework.test.context.support.DelegatingSmartContextLoader', parent = [null]], attributes = map['org.springframework.test.context.event.ApplicationEventsTestExecutionListener.recordApplicationEvents' -> false]]].
16:25:52 DEBUG ontextLoaderDelegate Retrieved ApplicationContext [2117099736] from cache with key [[MergedContextConfiguration@6111ba37 testClass = CategoryDaoJDBCImplTestIT, locations = '{classpath*:test-db.xml, classpath*:test-jdbc-conf.xml}', classes = '{}', contextInitializerClasses = '[]', activeProfiles = '{}', propertySourceLocations = '{}', propertySourceProperties = '{}', contextCustomizers = set[[empty]], contextLoader = 'org.springframework.test.context.support.DelegatingSmartContextLoader', parent = [null]]]
16:25:52 DEBUG DefaultContextCache  Spring test ApplicationContext cache statistics: [DefaultContextCache@6df3e44c size = 1, maxSize = 32, parentContextCount = 0, hitCount = 1, missCount = 1]
16:25:52 DEBUG ontextLoaderDelegate Retrieved ApplicationContext [2117099736] from cache with key [[MergedContextConfiguration@6111ba37 testClass = CategoryDaoJDBCImplTestIT, locations = '{classpath*:test-db.xml, classpath*:test-jdbc-conf.xml}', classes = '{}', contextInitializerClasses = '[]', activeProfiles = '{}', propertySourceLocations = '{}', propertySourceProperties = '{}', contextCustomizers = set[[empty]], contextLoader = 'org.springframework.test.context.support.DelegatingSmartContextLoader', parent = [null]]]
16:25:52 DEBUG DefaultContextCache  Spring test ApplicationContext cache statistics: [DefaultContextCache@6df3e44c size = 1, maxSize = 32, parentContextCount = 0, hitCount = 2, missCount = 1]
16:25:52 DEBUG estExecutionListener Before test method: context [DefaultTestContext@3d484181 testClass = CategoryDaoJDBCImplTestIT, testInstance = com.epam.brest.dao.CategoryDaoJDBCImplTestIT@58496dc, testMethod = testFindAll@CategoryDaoJDBCImplTestIT, testException = [null], mergedContextConfiguration = [MergedContextConfiguration@6111ba37 testClass = CategoryDaoJDBCImplTestIT, locations = '{classpath*:test-db.xml, classpath*:test-jdbc-conf.xml}', classes = '{}', contextInitializerClasses = '[]', activeProfiles = '{}', propertySourceLocations = '{}', propertySourceProperties = '{}', contextCustomizers = set[[empty]], contextLoader = 'org.springframework.test.context.support.DelegatingSmartContextLoader', parent = [null]], attributes = map['org.springframework.test.context.event.ApplicationEventsTestExecutionListener.recordApplicationEvents' -> false]], class annotated with @DirtiesContext [false] with mode [null], method annotated with @DirtiesContext [false] with mode [null].
16:25:52 DEBUG estExecutionListener Explicit transaction definition [PROPAGATION_REQUIRED,ISOLATION_DEFAULT] found for test context [DefaultTestContext@3d484181 testClass = CategoryDaoJDBCImplTestIT, testInstance = com.epam.brest.dao.CategoryDaoJDBCImplTestIT@58496dc, testMethod = testFindAll@CategoryDaoJDBCImplTestIT, testException = [null], mergedContextConfiguration = [MergedContextConfiguration@6111ba37 testClass = CategoryDaoJDBCImplTestIT, locations = '{classpath*:test-db.xml, classpath*:test-jdbc-conf.xml}', classes = '{}', contextInitializerClasses = '[]', activeProfiles = '{}', propertySourceLocations = '{}', propertySourceProperties = '{}', contextCustomizers = set[[empty]], contextLoader = 'org.springframework.test.context.support.DelegatingSmartContextLoader', parent = [null]], attributes = map['org.springframework.test.context.event.ApplicationEventsTestExecutionListener.recordApplicationEvents' -> false]]
16:25:52 DEBUG ontextLoaderDelegate Retrieved ApplicationContext [2117099736] from cache with key [[MergedContextConfiguration@6111ba37 testClass = CategoryDaoJDBCImplTestIT, locations = '{classpath*:test-db.xml, classpath*:test-jdbc-conf.xml}', classes = '{}', contextInitializerClasses = '[]', activeProfiles = '{}', propertySourceLocations = '{}', propertySourceProperties = '{}', contextCustomizers = set[[empty]], contextLoader = 'org.springframework.test.context.support.DelegatingSmartContextLoader', parent = [null]]]
16:25:52 DEBUG DefaultContextCache  Spring test ApplicationContext cache statistics: [DefaultContextCache@6df3e44c size = 1, maxSize = 32, parentContextCount = 0, hitCount = 3, missCount = 1]
16:25:52 DEBUG estExecutionListener Retrieved default @Rollback(true) for test class [com.epam.brest.dao.CategoryDaoJDBCImplTestIT].
16:25:52 DEBUG estExecutionListener No method-level @Rollback override: using default rollback [true] for test context [DefaultTestContext@3d484181 testClass = CategoryDaoJDBCImplTestIT, testInstance = com.epam.brest.dao.CategoryDaoJDBCImplTestIT@58496dc, testMethod = testFindAll@CategoryDaoJDBCImplTestIT, testException = [null], mergedContextConfiguration = [MergedContextConfiguration@6111ba37 testClass = CategoryDaoJDBCImplTestIT, locations = '{classpath*:test-db.xml, classpath*:test-jdbc-conf.xml}', classes = '{}', contextInitializerClasses = '[]', activeProfiles = '{}', propertySourceLocations = '{}', propertySourceProperties = '{}', contextCustomizers = set[[empty]], contextLoader = 'org.springframework.test.context.support.DelegatingSmartContextLoader', parent = [null]], attributes = map['org.springframework.test.context.event.ApplicationEventsTestExecutionListener.recordApplicationEvents' -> false]].
16:25:52 DEBUG rmTransactionManager Creating new transaction with name [com.epam.brest.dao.CategoryDaoJDBCImplTestIT.testFindAll]: PROPAGATION_REQUIRED,ISOLATION_DEFAULT
16:25:52 DEBUG verManagerDataSource Creating new JDBC DriverManager Connection to [jdbc:h2:mem:test-db;MODE=MySQL;DB_CLOSE_DELAY=-1]
16:25:52 DEBUG ceTransactionManager Acquired Connection [conn1: url=jdbc:h2:mem:test-db user=SA] for JDBC transaction
16:25:52 DEBUG ceTransactionManager Switching JDBC Connection [conn1: url=jdbc:h2:mem:test-db user=SA] to manual commit
16:25:52 INFO  TransactionContext   Began transaction (1) for test context [DefaultTestContext@3d484181 testClass = CategoryDaoJDBCImplTestIT, testInstance = com.epam.brest.dao.CategoryDaoJDBCImplTestIT@58496dc, testMethod = testFindAll@CategoryDaoJDBCImplTestIT, testException = [null], mergedContextConfiguration = [MergedContextConfiguration@6111ba37 testClass = CategoryDaoJDBCImplTestIT, locations = '{classpath*:test-db.xml, classpath*:test-jdbc-conf.xml}', classes = '{}', contextInitializerClasses = '[]', activeProfiles = '{}', propertySourceLocations = '{}', propertySourceProperties = '{}', contextCustomizers = set[[empty]], contextLoader = 'org.springframework.test.context.support.DelegatingSmartContextLoader', parent = [null]], attributes = map['org.springframework.test.context.event.ApplicationEventsTestExecutionListener.recordApplicationEvents' -> false]]; transaction manager [org.springframework.jdbc.datasource.DataSourceTransactionManager@27a7ef08]; rollback [true]
16:25:52 DEBUG ontextLoaderDelegate Retrieved ApplicationContext [2117099736] from cache with key [[MergedContextConfiguration@6111ba37 testClass = CategoryDaoJDBCImplTestIT, locations = '{classpath*:test-db.xml, classpath*:test-jdbc-conf.xml}', classes = '{}', contextInitializerClasses = '[]', activeProfiles = '{}', propertySourceLocations = '{}', propertySourceProperties = '{}', contextCustomizers = set[[empty]], contextLoader = 'org.springframework.test.context.support.DelegatingSmartContextLoader', parent = [null]]]
16:25:52 DEBUG DefaultContextCache  Spring test ApplicationContext cache statistics: [DefaultContextCache@6df3e44c size = 1, maxSize = 32, parentContextCount = 0, hitCount = 4, missCount = 1]
16:25:52 DEBUG ontextLoaderDelegate Retrieved ApplicationContext [2117099736] from cache with key [[MergedContextConfiguration@6111ba37 testClass = CategoryDaoJDBCImplTestIT, locations = '{classpath*:test-db.xml, classpath*:test-jdbc-conf.xml}', classes = '{}', contextInitializerClasses = '[]', activeProfiles = '{}', propertySourceLocations = '{}', propertySourceProperties = '{}', contextCustomizers = set[[empty]], contextLoader = 'org.springframework.test.context.support.DelegatingSmartContextLoader', parent = [null]]]
16:25:52 DEBUG DefaultContextCache  Spring test ApplicationContext cache statistics: [DefaultContextCache@6df3e44c size = 1, maxSize = 32, parentContextCount = 0, hitCount = 5, missCount = 1]
16:25:52 DEBUG oryDaoJDBCImplTestIT Execute IT test: findAll()
16:25:52 DEBUG CategoryDaoJDBCImpl  Start: findAllCategories()
16:25:52 DEBUG JdbcTemplate         Executing prepared SQL query
16:25:52 DEBUG JdbcTemplate         Executing prepared SQL statement [SELECT c.category_id, c.category_name FROM category c ORDER BY c.category_id]
16:25:52 DEBUG ontextLoaderDelegate Retrieved ApplicationContext [2117099736] from cache with key [[MergedContextConfiguration@6111ba37 testClass = CategoryDaoJDBCImplTestIT, locations = '{classpath*:test-db.xml, classpath*:test-jdbc-conf.xml}', classes = '{}', contextInitializerClasses = '[]', activeProfiles = '{}', propertySourceLocations = '{}', propertySourceProperties = '{}', contextCustomizers = set[[empty]], contextLoader = 'org.springframework.test.context.support.DelegatingSmartContextLoader', parent = [null]]]
16:25:52 DEBUG DefaultContextCache  Spring test ApplicationContext cache statistics: [DefaultContextCache@6df3e44c size = 1, maxSize = 32, parentContextCount = 0, hitCount = 6, missCount = 1]
16:25:52 DEBUG ontextLoaderDelegate Retrieved ApplicationContext [2117099736] from cache with key [[MergedContextConfiguration@6111ba37 testClass = CategoryDaoJDBCImplTestIT, locations = '{classpath*:test-db.xml, classpath*:test-jdbc-conf.xml}', classes = '{}', contextInitializerClasses = '[]', activeProfiles = '{}', propertySourceLocations = '{}', propertySourceProperties = '{}', contextCustomizers = set[[empty]], contextLoader = 'org.springframework.test.context.support.DelegatingSmartContextLoader', parent = [null]]]
16:25:52 DEBUG DefaultContextCache  Spring test ApplicationContext cache statistics: [DefaultContextCache@6df3e44c size = 1, maxSize = 32, parentContextCount = 0, hitCount = 7, missCount = 1]
16:25:52 DEBUG rmTransactionManager Initiating transaction rollback
16:25:52 DEBUG ceTransactionManager Rolling back JDBC transaction on Connection [conn1: url=jdbc:h2:mem:test-db user=SA]
16:25:52 DEBUG ceTransactionManager Releasing JDBC Connection [conn1: url=jdbc:h2:mem:test-db user=SA] after transaction
16:25:52 INFO  TransactionContext   Rolled back transaction for test: [DefaultTestContext@3d484181 testClass = CategoryDaoJDBCImplTestIT, testInstance = com.epam.brest.dao.CategoryDaoJDBCImplTestIT@58496dc, testMethod = testFindAll@CategoryDaoJDBCImplTestIT, testException = [null], mergedContextConfiguration = [MergedContextConfiguration@6111ba37 testClass = CategoryDaoJDBCImplTestIT, locations = '{classpath*:test-db.xml, classpath*:test-jdbc-conf.xml}', classes = '{}', contextInitializerClasses = '[]', activeProfiles = '{}', propertySourceLocations = '{}', propertySourceProperties = '{}', contextCustomizers = set[[empty]], contextLoader = 'org.springframework.test.context.support.DelegatingSmartContextLoader', parent = [null]], attributes = map['org.springframework.test.context.event.ApplicationEventsTestExecutionListener.recordApplicationEvents' -> false]]
16:25:52 DEBUG estExecutionListener After test method: context [DefaultTestContext@3d484181 testClass = CategoryDaoJDBCImplTestIT, testInstance = com.epam.brest.dao.CategoryDaoJDBCImplTestIT@58496dc, testMethod = testFindAll@CategoryDaoJDBCImplTestIT, testException = [null], mergedContextConfiguration = [MergedContextConfiguration@6111ba37 testClass = CategoryDaoJDBCImplTestIT, locations = '{classpath*:test-db.xml, classpath*:test-jdbc-conf.xml}', classes = '{}', contextInitializerClasses = '[]', activeProfiles = '{}', propertySourceLocations = '{}', propertySourceProperties = '{}', contextCustomizers = set[[empty]], contextLoader = 'org.springframework.test.context.support.DelegatingSmartContextLoader', parent = [null]], attributes = map['org.springframework.test.context.event.ApplicationEventsTestExecutionListener.recordApplicationEvents' -> false]], class annotated with @DirtiesContext [false] with mode [null], method annotated with @DirtiesContext [false] with mode [null].
]]></system-out>
    <system-err><![CDATA[Warning: Nashorn engine is planned to be removed from a future JDK release
]]></system-err>
  </testcase>
  <testcase name="testCount" classname="com.epam.brest.dao.CategoryDaoJDBCImplTestIT" time="0.034">
    <system-out><![CDATA[16:25:52 DEBUG ontextLoaderDelegate Retrieved ApplicationContext [2117099736] from cache with key [[MergedContextConfiguration@6111ba37 testClass = CategoryDaoJDBCImplTestIT, locations = '{classpath*:test-db.xml, classpath*:test-jdbc-conf.xml}', classes = '{}', contextInitializerClasses = '[]', activeProfiles = '{}', propertySourceLocations = '{}', propertySourceProperties = '{}', contextCustomizers = set[[empty]], contextLoader = 'org.springframework.test.context.support.DelegatingSmartContextLoader', parent = [null]]]
16:25:52 DEBUG DefaultContextCache  Spring test ApplicationContext cache statistics: [DefaultContextCache@6df3e44c size = 1, maxSize = 32, parentContextCount = 0, hitCount = 8, missCount = 1]
16:25:52 DEBUG estExecutionListener Performing dependency injection for test context [[DefaultTestContext@3d484181 testClass = CategoryDaoJDBCImplTestIT, testInstance = com.epam.brest.dao.CategoryDaoJDBCImplTestIT@66ad7bf0, testMethod = [null], testException = [null], mergedContextConfiguration = [MergedContextConfiguration@6111ba37 testClass = CategoryDaoJDBCImplTestIT, locations = '{classpath*:test-db.xml, classpath*:test-jdbc-conf.xml}', classes = '{}', contextInitializerClasses = '[]', activeProfiles = '{}', propertySourceLocations = '{}', propertySourceProperties = '{}', contextCustomizers = set[[empty]], contextLoader = 'org.springframework.test.context.support.DelegatingSmartContextLoader', parent = [null]], attributes = map['org.springframework.test.context.event.ApplicationEventsTestExecutionListener.recordApplicationEvents' -> false]]].
16:25:52 DEBUG ontextLoaderDelegate Retrieved ApplicationContext [2117099736] from cache with key [[MergedContextConfiguration@6111ba37 testClass = CategoryDaoJDBCImplTestIT, locations = '{classpath*:test-db.xml, classpath*:test-jdbc-conf.xml}', classes = '{}', contextInitializerClasses = '[]', activeProfiles = '{}', propertySourceLocations = '{}', propertySourceProperties = '{}', contextCustomizers = set[[empty]], contextLoader = 'org.springframework.test.context.support.DelegatingSmartContextLoader', parent = [null]]]
16:25:52 DEBUG DefaultContextCache  Spring test ApplicationContext cache statistics: [DefaultContextCache@6df3e44c size = 1, maxSize = 32, parentContextCount = 0, hitCount = 9, missCount = 1]
16:25:52 DEBUG ontextLoaderDelegate Retrieved ApplicationContext [2117099736] from cache with key [[MergedContextConfiguration@6111ba37 testClass = CategoryDaoJDBCImplTestIT, locations = '{classpath*:test-db.xml, classpath*:test-jdbc-conf.xml}', classes = '{}', contextInitializerClasses = '[]', activeProfiles = '{}', propertySourceLocations = '{}', propertySourceProperties = '{}', contextCustomizers = set[[empty]], contextLoader = 'org.springframework.test.context.support.DelegatingSmartContextLoader', parent = [null]]]
16:25:52 DEBUG DefaultContextCache  Spring test ApplicationContext cache statistics: [DefaultContextCache@6df3e44c size = 1, maxSize = 32, parentContextCount = 0, hitCount = 10, missCount = 1]
16:25:52 DEBUG estExecutionListener Before test method: context [DefaultTestContext@3d484181 testClass = CategoryDaoJDBCImplTestIT, testInstance = com.epam.brest.dao.CategoryDaoJDBCImplTestIT@66ad7bf0, testMethod = testCount@CategoryDaoJDBCImplTestIT, testException = [null], mergedContextConfiguration = [MergedContextConfiguration@6111ba37 testClass = CategoryDaoJDBCImplTestIT, locations = '{classpath*:test-db.xml, classpath*:test-jdbc-conf.xml}', classes = '{}', contextInitializerClasses = '[]', activeProfiles = '{}', propertySourceLocations = '{}', propertySourceProperties = '{}', contextCustomizers = set[[empty]], contextLoader = 'org.springframework.test.context.support.DelegatingSmartContextLoader', parent = [null]], attributes = map['org.springframework.test.context.event.ApplicationEventsTestExecutionListener.recordApplicationEvents' -> false]], class annotated with @DirtiesContext [false] with mode [null], method annotated with @DirtiesContext [false] with mode [null].
16:25:52 DEBUG estExecutionListener Explicit transaction definition [PROPAGATION_REQUIRED,ISOLATION_DEFAULT] found for test context [DefaultTestContext@3d484181 testClass = CategoryDaoJDBCImplTestIT, testInstance = com.epam.brest.dao.CategoryDaoJDBCImplTestIT@66ad7bf0, testMethod = testCount@CategoryDaoJDBCImplTestIT, testException = [null], mergedContextConfiguration = [MergedContextConfiguration@6111ba37 testClass = CategoryDaoJDBCImplTestIT, locations = '{classpath*:test-db.xml, classpath*:test-jdbc-conf.xml}', classes = '{}', contextInitializerClasses = '[]', activeProfiles = '{}', propertySourceLocations = '{}', propertySourceProperties = '{}', contextCustomizers = set[[empty]], contextLoader = 'org.springframework.test.context.support.DelegatingSmartContextLoader', parent = [null]], attributes = map['org.springframework.test.context.event.ApplicationEventsTestExecutionListener.recordApplicationEvents' -> false]]
16:25:52 DEBUG ontextLoaderDelegate Retrieved ApplicationContext [2117099736] from cache with key [[MergedContextConfiguration@6111ba37 testClass = CategoryDaoJDBCImplTestIT, locations = '{classpath*:test-db.xml, classpath*:test-jdbc-conf.xml}', classes = '{}', contextInitializerClasses = '[]', activeProfiles = '{}', propertySourceLocations = '{}', propertySourceProperties = '{}', contextCustomizers = set[[empty]], contextLoader = 'org.springframework.test.context.support.DelegatingSmartContextLoader', parent = [null]]]
16:25:52 DEBUG DefaultContextCache  Spring test ApplicationContext cache statistics: [DefaultContextCache@6df3e44c size = 1, maxSize = 32, parentContextCount = 0, hitCount = 11, missCount = 1]
16:25:52 DEBUG estExecutionListener Retrieved default @Rollback(true) for test class [com.epam.brest.dao.CategoryDaoJDBCImplTestIT].
16:25:52 DEBUG estExecutionListener No method-level @Rollback override: using default rollback [true] for test context [DefaultTestContext@3d484181 testClass = CategoryDaoJDBCImplTestIT, testInstance = com.epam.brest.dao.CategoryDaoJDBCImplTestIT@66ad7bf0, testMethod = testCount@CategoryDaoJDBCImplTestIT, testException = [null], mergedContextConfiguration = [MergedContextConfiguration@6111ba37 testClass = CategoryDaoJDBCImplTestIT, locations = '{classpath*:test-db.xml, classpath*:test-jdbc-conf.xml}', classes = '{}', contextInitializerClasses = '[]', activeProfiles = '{}', propertySourceLocations = '{}', propertySourceProperties = '{}', contextCustomizers = set[[empty]], contextLoader = 'org.springframework.test.context.support.DelegatingSmartContextLoader', parent = [null]], attributes = map['org.springframework.test.context.event.ApplicationEventsTestExecutionListener.recordApplicationEvents' -> false]].
16:25:52 DEBUG rmTransactionManager Creating new transaction with name [com.epam.brest.dao.CategoryDaoJDBCImplTestIT.testCount]: PROPAGATION_REQUIRED,ISOLATION_DEFAULT
16:25:52 DEBUG verManagerDataSource Creating new JDBC DriverManager Connection to [jdbc:h2:mem:test-db;MODE=MySQL;DB_CLOSE_DELAY=-1]
16:25:52 DEBUG ceTransactionManager Acquired Connection [conn2: url=jdbc:h2:mem:test-db user=SA] for JDBC transaction
16:25:52 DEBUG ceTransactionManager Switching JDBC Connection [conn2: url=jdbc:h2:mem:test-db user=SA] to manual commit
16:25:52 INFO  TransactionContext   Began transaction (1) for test context [DefaultTestContext@3d484181 testClass = CategoryDaoJDBCImplTestIT, testInstance = com.epam.brest.dao.CategoryDaoJDBCImplTestIT@66ad7bf0, testMethod = testCount@CategoryDaoJDBCImplTestIT, testException = [null], mergedContextConfiguration = [MergedContextConfiguration@6111ba37 testClass = CategoryDaoJDBCImplTestIT, locations = '{classpath*:test-db.xml, classpath*:test-jdbc-conf.xml}', classes = '{}', contextInitializerClasses = '[]', activeProfiles = '{}', propertySourceLocations = '{}', propertySourceProperties = '{}', contextCustomizers = set[[empty]], contextLoader = 'org.springframework.test.context.support.DelegatingSmartContextLoader', parent = [null]], attributes = map['org.springframework.test.context.event.ApplicationEventsTestExecutionListener.recordApplicationEvents' -> false]]; transaction manager [org.springframework.jdbc.datasource.DataSourceTransactionManager@27a7ef08]; rollback [true]
16:25:52 DEBUG ontextLoaderDelegate Retrieved ApplicationContext [2117099736] from cache with key [[MergedContextConfiguration@6111ba37 testClass = CategoryDaoJDBCImplTestIT, locations = '{classpath*:test-db.xml, classpath*:test-jdbc-conf.xml}', classes = '{}', contextInitializerClasses = '[]', activeProfiles = '{}', propertySourceLocations = '{}', propertySourceProperties = '{}', contextCustomizers = set[[empty]], contextLoader = 'org.springframework.test.context.support.DelegatingSmartContextLoader', parent = [null]]]
16:25:52 DEBUG DefaultContextCache  Spring test ApplicationContext cache statistics: [DefaultContextCache@6df3e44c size = 1, maxSize = 32, parentContextCount = 0, hitCount = 12, missCount = 1]
16:25:52 DEBUG ontextLoaderDelegate Retrieved ApplicationContext [2117099736] from cache with key [[MergedContextConfiguration@6111ba37 testClass = CategoryDaoJDBCImplTestIT, locations = '{classpath*:test-db.xml, classpath*:test-jdbc-conf.xml}', classes = '{}', contextInitializerClasses = '[]', activeProfiles = '{}', propertySourceLocations = '{}', propertySourceProperties = '{}', contextCustomizers = set[[empty]], contextLoader = 'org.springframework.test.context.support.DelegatingSmartContextLoader', parent = [null]]]
16:25:52 DEBUG DefaultContextCache  Spring test ApplicationContext cache statistics: [DefaultContextCache@6df3e44c size = 1, maxSize = 32, parentContextCount = 0, hitCount = 13, missCount = 1]
16:25:52 DEBUG oryDaoJDBCImplTestIT Execute IT test count()
16:25:52 DEBUG CategoryDaoJDBCImpl  count()
16:25:52 DEBUG JdbcTemplate         Executing prepared SQL query
16:25:52 DEBUG JdbcTemplate         Executing prepared SQL statement [SELECT count(*) FROM category]
16:25:52 DEBUG ontextLoaderDelegate Retrieved ApplicationContext [2117099736] from cache with key [[MergedContextConfiguration@6111ba37 testClass = CategoryDaoJDBCImplTestIT, locations = '{classpath*:test-db.xml, classpath*:test-jdbc-conf.xml}', classes = '{}', contextInitializerClasses = '[]', activeProfiles = '{}', propertySourceLocations = '{}', propertySourceProperties = '{}', contextCustomizers = set[[empty]], contextLoader = 'org.springframework.test.context.support.DelegatingSmartContextLoader', parent = [null]]]
16:25:52 DEBUG DefaultContextCache  Spring test ApplicationContext cache statistics: [DefaultContextCache@6df3e44c size = 1, maxSize = 32, parentContextCount = 0, hitCount = 14, missCount = 1]
16:25:52 DEBUG ontextLoaderDelegate Retrieved ApplicationContext [2117099736] from cache with key [[MergedContextConfiguration@6111ba37 testClass = CategoryDaoJDBCImplTestIT, locations = '{classpath*:test-db.xml, classpath*:test-jdbc-conf.xml}', classes = '{}', contextInitializerClasses = '[]', activeProfiles = '{}', propertySourceLocations = '{}', propertySourceProperties = '{}', contextCustomizers = set[[empty]], contextLoader = 'org.springframework.test.context.support.DelegatingSmartContextLoader', parent = [null]]]
16:25:52 DEBUG DefaultContextCache  Spring test ApplicationContext cache statistics: [DefaultContextCache@6df3e44c size = 1, maxSize = 32, parentContextCount = 0, hitCount = 15, missCount = 1]
16:25:52 DEBUG rmTransactionManager Initiating transaction rollback
16:25:52 DEBUG ceTransactionManager Rolling back JDBC transaction on Connection [conn2: url=jdbc:h2:mem:test-db user=SA]
16:25:52 DEBUG ceTransactionManager Releasing JDBC Connection [conn2: url=jdbc:h2:mem:test-db user=SA] after transaction
16:25:52 INFO  TransactionContext   Rolled back transaction for test: [DefaultTestContext@3d484181 testClass = CategoryDaoJDBCImplTestIT, testInstance = com.epam.brest.dao.CategoryDaoJDBCImplTestIT@66ad7bf0, testMethod = testCount@CategoryDaoJDBCImplTestIT, testException = [null], mergedContextConfiguration = [MergedContextConfiguration@6111ba37 testClass = CategoryDaoJDBCImplTestIT, locations = '{classpath*:test-db.xml, classpath*:test-jdbc-conf.xml}', classes = '{}', contextInitializerClasses = '[]', activeProfiles = '{}', propertySourceLocations = '{}', propertySourceProperties = '{}', contextCustomizers = set[[empty]], contextLoader = 'org.springframework.test.context.support.DelegatingSmartContextLoader', parent = [null]], attributes = map['org.springframework.test.context.event.ApplicationEventsTestExecutionListener.recordApplicationEvents' -> false]]
16:25:52 DEBUG estExecutionListener After test method: context [DefaultTestContext@3d484181 testClass = CategoryDaoJDBCImplTestIT, testInstance = com.epam.brest.dao.CategoryDaoJDBCImplTestIT@66ad7bf0, testMethod = testCount@CategoryDaoJDBCImplTestIT, testException = [null], mergedContextConfiguration = [MergedContextConfiguration@6111ba37 testClass = CategoryDaoJDBCImplTestIT, locations = '{classpath*:test-db.xml, classpath*:test-jdbc-conf.xml}', classes = '{}', contextInitializerClasses = '[]', activeProfiles = '{}', propertySourceLocations = '{}', propertySourceProperties = '{}', contextCustomizers = set[[empty]], contextLoader = 'org.springframework.test.context.support.DelegatingSmartContextLoader', parent = [null]], attributes = map['org.springframework.test.context.event.ApplicationEventsTestExecutionListener.recordApplicationEvents' -> false]], class annotated with @DirtiesContext [false] with mode [null], method annotated with @DirtiesContext [false] with mode [null].
]]></system-out>
  </testcase>
  <testcase name="testCreate" classname="com.epam.brest.dao.CategoryDaoJDBCImplTestIT" time="0.034">
    <system-out><![CDATA[16:25:52 DEBUG ontextLoaderDelegate Retrieved ApplicationContext [2117099736] from cache with key [[MergedContextConfiguration@6111ba37 testClass = CategoryDaoJDBCImplTestIT, locations = '{classpath*:test-db.xml, classpath*:test-jdbc-conf.xml}', classes = '{}', contextInitializerClasses = '[]', activeProfiles = '{}', propertySourceLocations = '{}', propertySourceProperties = '{}', contextCustomizers = set[[empty]], contextLoader = 'org.springframework.test.context.support.DelegatingSmartContextLoader', parent = [null]]]
16:25:52 DEBUG DefaultContextCache  Spring test ApplicationContext cache statistics: [DefaultContextCache@6df3e44c size = 1, maxSize = 32, parentContextCount = 0, hitCount = 16, missCount = 1]
16:25:52 DEBUG estExecutionListener Performing dependency injection for test context [[DefaultTestContext@3d484181 testClass = CategoryDaoJDBCImplTestIT, testInstance = com.epam.brest.dao.CategoryDaoJDBCImplTestIT@2a32fb6, testMethod = [null], testException = [null], mergedContextConfiguration = [MergedContextConfiguration@6111ba37 testClass = CategoryDaoJDBCImplTestIT, locations = '{classpath*:test-db.xml, classpath*:test-jdbc-conf.xml}', classes = '{}', contextInitializerClasses = '[]', activeProfiles = '{}', propertySourceLocations = '{}', propertySourceProperties = '{}', contextCustomizers = set[[empty]], contextLoader = 'org.springframework.test.context.support.DelegatingSmartContextLoader', parent = [null]], attributes = map['org.springframework.test.context.event.ApplicationEventsTestExecutionListener.recordApplicationEvents' -> false]]].
16:25:52 DEBUG ontextLoaderDelegate Retrieved ApplicationContext [2117099736] from cache with key [[MergedContextConfiguration@6111ba37 testClass = CategoryDaoJDBCImplTestIT, locations = '{classpath*:test-db.xml, classpath*:test-jdbc-conf.xml}', classes = '{}', contextInitializerClasses = '[]', activeProfiles = '{}', propertySourceLocations = '{}', propertySourceProperties = '{}', contextCustomizers = set[[empty]], contextLoader = 'org.springframework.test.context.support.DelegatingSmartContextLoader', parent = [null]]]
16:25:52 DEBUG DefaultContextCache  Spring test ApplicationContext cache statistics: [DefaultContextCache@6df3e44c size = 1, maxSize = 32, parentContextCount = 0, hitCount = 17, missCount = 1]
16:25:52 DEBUG ontextLoaderDelegate Retrieved ApplicationContext [2117099736] from cache with key [[MergedContextConfiguration@6111ba37 testClass = CategoryDaoJDBCImplTestIT, locations = '{classpath*:test-db.xml, classpath*:test-jdbc-conf.xml}', classes = '{}', contextInitializerClasses = '[]', activeProfiles = '{}', propertySourceLocations = '{}', propertySourceProperties = '{}', contextCustomizers = set[[empty]], contextLoader = 'org.springframework.test.context.support.DelegatingSmartContextLoader', parent = [null]]]
16:25:52 DEBUG DefaultContextCache  Spring test ApplicationContext cache statistics: [DefaultContextCache@6df3e44c size = 1, maxSize = 32, parentContextCount = 0, hitCount = 18, missCount = 1]
16:25:52 DEBUG estExecutionListener Before test method: context [DefaultTestContext@3d484181 testClass = CategoryDaoJDBCImplTestIT, testInstance = com.epam.brest.dao.CategoryDaoJDBCImplTestIT@2a32fb6, testMethod = testCreate@CategoryDaoJDBCImplTestIT, testException = [null], mergedContextConfiguration = [MergedContextConfiguration@6111ba37 testClass = CategoryDaoJDBCImplTestIT, locations = '{classpath*:test-db.xml, classpath*:test-jdbc-conf.xml}', classes = '{}', contextInitializerClasses = '[]', activeProfiles = '{}', propertySourceLocations = '{}', propertySourceProperties = '{}', contextCustomizers = set[[empty]], contextLoader = 'org.springframework.test.context.support.DelegatingSmartContextLoader', parent = [null]], attributes = map['org.springframework.test.context.event.ApplicationEventsTestExecutionListener.recordApplicationEvents' -> false]], class annotated with @DirtiesContext [false] with mode [null], method annotated with @DirtiesContext [false] with mode [null].
16:25:52 DEBUG estExecutionListener Explicit transaction definition [PROPAGATION_REQUIRED,ISOLATION_DEFAULT] found for test context [DefaultTestContext@3d484181 testClass = CategoryDaoJDBCImplTestIT, testInstance = com.epam.brest.dao.CategoryDaoJDBCImplTestIT@2a32fb6, testMethod = testCreate@CategoryDaoJDBCImplTestIT, testException = [null], mergedContextConfiguration = [MergedContextConfiguration@6111ba37 testClass = CategoryDaoJDBCImplTestIT, locations = '{classpath*:test-db.xml, classpath*:test-jdbc-conf.xml}', classes = '{}', contextInitializerClasses = '[]', activeProfiles = '{}', propertySourceLocations = '{}', propertySourceProperties = '{}', contextCustomizers = set[[empty]], contextLoader = 'org.springframework.test.context.support.DelegatingSmartContextLoader', parent = [null]], attributes = map['org.springframework.test.context.event.ApplicationEventsTestExecutionListener.recordApplicationEvents' -> false]]
16:25:52 DEBUG ontextLoaderDelegate Retrieved ApplicationContext [2117099736] from cache with key [[MergedContextConfiguration@6111ba37 testClass = CategoryDaoJDBCImplTestIT, locations = '{classpath*:test-db.xml, classpath*:test-jdbc-conf.xml}', classes = '{}', contextInitializerClasses = '[]', activeProfiles = '{}', propertySourceLocations = '{}', propertySourceProperties = '{}', contextCustomizers = set[[empty]], contextLoader = 'org.springframework.test.context.support.DelegatingSmartContextLoader', parent = [null]]]
16:25:52 DEBUG DefaultContextCache  Spring test ApplicationContext cache statistics: [DefaultContextCache@6df3e44c size = 1, maxSize = 32, parentContextCount = 0, hitCount = 19, missCount = 1]
16:25:52 DEBUG estExecutionListener Retrieved default @Rollback(true) for test class [com.epam.brest.dao.CategoryDaoJDBCImplTestIT].
16:25:52 DEBUG estExecutionListener No method-level @Rollback override: using default rollback [true] for test context [DefaultTestContext@3d484181 testClass = CategoryDaoJDBCImplTestIT, testInstance = com.epam.brest.dao.CategoryDaoJDBCImplTestIT@2a32fb6, testMethod = testCreate@CategoryDaoJDBCImplTestIT, testException = [null], mergedContextConfiguration = [MergedContextConfiguration@6111ba37 testClass = CategoryDaoJDBCImplTestIT, locations = '{classpath*:test-db.xml, classpath*:test-jdbc-conf.xml}', classes = '{}', contextInitializerClasses = '[]', activeProfiles = '{}', propertySourceLocations = '{}', propertySourceProperties = '{}', contextCustomizers = set[[empty]], contextLoader = 'org.springframework.test.context.support.DelegatingSmartContextLoader', parent = [null]], attributes = map['org.springframework.test.context.event.ApplicationEventsTestExecutionListener.recordApplicationEvents' -> false]].
16:25:52 DEBUG rmTransactionManager Creating new transaction with name [com.epam.brest.dao.CategoryDaoJDBCImplTestIT.testCreate]: PROPAGATION_REQUIRED,ISOLATION_DEFAULT
16:25:52 DEBUG verManagerDataSource Creating new JDBC DriverManager Connection to [jdbc:h2:mem:test-db;MODE=MySQL;DB_CLOSE_DELAY=-1]
16:25:52 DEBUG ceTransactionManager Acquired Connection [conn3: url=jdbc:h2:mem:test-db user=SA] for JDBC transaction
16:25:52 DEBUG ceTransactionManager Switching JDBC Connection [conn3: url=jdbc:h2:mem:test-db user=SA] to manual commit
16:25:52 INFO  TransactionContext   Began transaction (1) for test context [DefaultTestContext@3d484181 testClass = CategoryDaoJDBCImplTestIT, testInstance = com.epam.brest.dao.CategoryDaoJDBCImplTestIT@2a32fb6, testMethod = testCreate@CategoryDaoJDBCImplTestIT, testException = [null], mergedContextConfiguration = [MergedContextConfiguration@6111ba37 testClass = CategoryDaoJDBCImplTestIT, locations = '{classpath*:test-db.xml, classpath*:test-jdbc-conf.xml}', classes = '{}', contextInitializerClasses = '[]', activeProfiles = '{}', propertySourceLocations = '{}', propertySourceProperties = '{}', contextCustomizers = set[[empty]], contextLoader = 'org.springframework.test.context.support.DelegatingSmartContextLoader', parent = [null]], attributes = map['org.springframework.test.context.event.ApplicationEventsTestExecutionListener.recordApplicationEvents' -> false]]; transaction manager [org.springframework.jdbc.datasource.DataSourceTransactionManager@27a7ef08]; rollback [true]
16:25:52 DEBUG ontextLoaderDelegate Retrieved ApplicationContext [2117099736] from cache with key [[MergedContextConfiguration@6111ba37 testClass = CategoryDaoJDBCImplTestIT, locations = '{classpath*:test-db.xml, classpath*:test-jdbc-conf.xml}', classes = '{}', contextInitializerClasses = '[]', activeProfiles = '{}', propertySourceLocations = '{}', propertySourceProperties = '{}', contextCustomizers = set[[empty]], contextLoader = 'org.springframework.test.context.support.DelegatingSmartContextLoader', parent = [null]]]
16:25:52 DEBUG DefaultContextCache  Spring test ApplicationContext cache statistics: [DefaultContextCache@6df3e44c size = 1, maxSize = 32, parentContextCount = 0, hitCount = 20, missCount = 1]
16:25:52 DEBUG ontextLoaderDelegate Retrieved ApplicationContext [2117099736] from cache with key [[MergedContextConfiguration@6111ba37 testClass = CategoryDaoJDBCImplTestIT, locations = '{classpath*:test-db.xml, classpath*:test-jdbc-conf.xml}', classes = '{}', contextInitializerClasses = '[]', activeProfiles = '{}', propertySourceLocations = '{}', propertySourceProperties = '{}', contextCustomizers = set[[empty]], contextLoader = 'org.springframework.test.context.support.DelegatingSmartContextLoader', parent = [null]]]
16:25:52 DEBUG DefaultContextCache  Spring test ApplicationContext cache statistics: [DefaultContextCache@6df3e44c size = 1, maxSize = 32, parentContextCount = 0, hitCount = 21, missCount = 1]
16:25:52 DEBUG oryDaoJDBCImplTestIT Execute IT test create()
16:25:52 DEBUG CategoryDaoJDBCImpl  count()
16:25:52 DEBUG JdbcTemplate         Executing prepared SQL query
16:25:52 DEBUG JdbcTemplate         Executing prepared SQL statement [SELECT count(*) FROM category]
16:25:52 DEBUG CategoryDaoJDBCImpl  Start: create(com.epam.brest.model.Category@f3021cb)
16:25:52 DEBUG CategoryDaoJDBCImpl  Check categoryName : Tickets on unique
16:25:52 DEBUG JdbcTemplate         Executing prepared SQL query
16:25:52 DEBUG JdbcTemplate         Executing prepared SQL statement [SELECT count(c.category_name) FROM category c WHERE lower(c.category_name) = lower(?)]
16:25:52 DEBUG JdbcTemplate         Executing SQL update and returning generated keys
16:25:52 DEBUG JdbcTemplate         Executing prepared SQL statement [INSERT INTO category(category_name) VALUES (?)]
16:25:52 DEBUG CategoryDaoJDBCImpl  count()
16:25:52 DEBUG JdbcTemplate         Executing prepared SQL query
16:25:52 DEBUG JdbcTemplate         Executing prepared SQL statement [SELECT count(*) FROM category]
16:25:52 DEBUG ontextLoaderDelegate Retrieved ApplicationContext [2117099736] from cache with key [[MergedContextConfiguration@6111ba37 testClass = CategoryDaoJDBCImplTestIT, locations = '{classpath*:test-db.xml, classpath*:test-jdbc-conf.xml}', classes = '{}', contextInitializerClasses = '[]', activeProfiles = '{}', propertySourceLocations = '{}', propertySourceProperties = '{}', contextCustomizers = set[[empty]], contextLoader = 'org.springframework.test.context.support.DelegatingSmartContextLoader', parent = [null]]]
16:25:52 DEBUG DefaultContextCache  Spring test ApplicationContext cache statistics: [DefaultContextCache@6df3e44c size = 1, maxSize = 32, parentContextCount = 0, hitCount = 22, missCount = 1]
16:25:52 DEBUG ontextLoaderDelegate Retrieved ApplicationContext [2117099736] from cache with key [[MergedContextConfiguration@6111ba37 testClass = CategoryDaoJDBCImplTestIT, locations = '{classpath*:test-db.xml, classpath*:test-jdbc-conf.xml}', classes = '{}', contextInitializerClasses = '[]', activeProfiles = '{}', propertySourceLocations = '{}', propertySourceProperties = '{}', contextCustomizers = set[[empty]], contextLoader = 'org.springframework.test.context.support.DelegatingSmartContextLoader', parent = [null]]]
16:25:52 DEBUG DefaultContextCache  Spring test ApplicationContext cache statistics: [DefaultContextCache@6df3e44c size = 1, maxSize = 32, parentContextCount = 0, hitCount = 23, missCount = 1]
16:25:52 DEBUG rmTransactionManager Initiating transaction rollback
16:25:52 DEBUG ceTransactionManager Rolling back JDBC transaction on Connection [conn3: url=jdbc:h2:mem:test-db user=SA]
16:25:52 DEBUG ceTransactionManager Releasing JDBC Connection [conn3: url=jdbc:h2:mem:test-db user=SA] after transaction
16:25:52 INFO  TransactionContext   Rolled back transaction for test: [DefaultTestContext@3d484181 testClass = CategoryDaoJDBCImplTestIT, testInstance = com.epam.brest.dao.CategoryDaoJDBCImplTestIT@2a32fb6, testMethod = testCreate@CategoryDaoJDBCImplTestIT, testException = [null], mergedContextConfiguration = [MergedContextConfiguration@6111ba37 testClass = CategoryDaoJDBCImplTestIT, locations = '{classpath*:test-db.xml, classpath*:test-jdbc-conf.xml}', classes = '{}', contextInitializerClasses = '[]', activeProfiles = '{}', propertySourceLocations = '{}', propertySourceProperties = '{}', contextCustomizers = set[[empty]], contextLoader = 'org.springframework.test.context.support.DelegatingSmartContextLoader', parent = [null]], attributes = map['org.springframework.test.context.event.ApplicationEventsTestExecutionListener.recordApplicationEvents' -> false]]
16:25:52 DEBUG estExecutionListener After test method: context [DefaultTestContext@3d484181 testClass = CategoryDaoJDBCImplTestIT, testInstance = com.epam.brest.dao.CategoryDaoJDBCImplTestIT@2a32fb6, testMethod = testCreate@CategoryDaoJDBCImplTestIT, testException = [null], mergedContextConfiguration = [MergedContextConfiguration@6111ba37 testClass = CategoryDaoJDBCImplTestIT, locations = '{classpath*:test-db.xml, classpath*:test-jdbc-conf.xml}', classes = '{}', contextInitializerClasses = '[]', activeProfiles = '{}', propertySourceLocations = '{}', propertySourceProperties = '{}', contextCustomizers = set[[empty]], contextLoader = 'org.springframework.test.context.support.DelegatingSmartContextLoader', parent = [null]], attributes = map['org.springframework.test.context.event.ApplicationEventsTestExecutionListener.recordApplicationEvents' -> false]], class annotated with @DirtiesContext [false] with mode [null], method annotated with @DirtiesContext [false] with mode [null].
]]></system-out>
  </testcase>
  <testcase name="testDelete" classname="com.epam.brest.dao.CategoryDaoJDBCImplTestIT" time="0.022">
    <system-out><![CDATA[16:25:52 DEBUG ontextLoaderDelegate Retrieved ApplicationContext [2117099736] from cache with key [[MergedContextConfiguration@6111ba37 testClass = CategoryDaoJDBCImplTestIT, locations = '{classpath*:test-db.xml, classpath*:test-jdbc-conf.xml}', classes = '{}', contextInitializerClasses = '[]', activeProfiles = '{}', propertySourceLocations = '{}', propertySourceProperties = '{}', contextCustomizers = set[[empty]], contextLoader = 'org.springframework.test.context.support.DelegatingSmartContextLoader', parent = [null]]]
16:25:52 DEBUG DefaultContextCache  Spring test ApplicationContext cache statistics: [DefaultContextCache@6df3e44c size = 1, maxSize = 32, parentContextCount = 0, hitCount = 24, missCount = 1]
16:25:52 DEBUG estExecutionListener Performing dependency injection for test context [[DefaultTestContext@3d484181 testClass = CategoryDaoJDBCImplTestIT, testInstance = com.epam.brest.dao.CategoryDaoJDBCImplTestIT@221dad51, testMethod = [null], testException = [null], mergedContextConfiguration = [MergedContextConfiguration@6111ba37 testClass = CategoryDaoJDBCImplTestIT, locations = '{classpath*:test-db.xml, classpath*:test-jdbc-conf.xml}', classes = '{}', contextInitializerClasses = '[]', activeProfiles = '{}', propertySourceLocations = '{}', propertySourceProperties = '{}', contextCustomizers = set[[empty]], contextLoader = 'org.springframework.test.context.support.DelegatingSmartContextLoader', parent = [null]], attributes = map['org.springframework.test.context.event.ApplicationEventsTestExecutionListener.recordApplicationEvents' -> false]]].
16:25:52 DEBUG ontextLoaderDelegate Retrieved ApplicationContext [2117099736] from cache with key [[MergedContextConfiguration@6111ba37 testClass = CategoryDaoJDBCImplTestIT, locations = '{classpath*:test-db.xml, classpath*:test-jdbc-conf.xml}', classes = '{}', contextInitializerClasses = '[]', activeProfiles = '{}', propertySourceLocations = '{}', propertySourceProperties = '{}', contextCustomizers = set[[empty]], contextLoader = 'org.springframework.test.context.support.DelegatingSmartContextLoader', parent = [null]]]
16:25:52 DEBUG DefaultContextCache  Spring test ApplicationContext cache statistics: [DefaultContextCache@6df3e44c size = 1, maxSize = 32, parentContextCount = 0, hitCount = 25, missCount = 1]
16:25:52 DEBUG ontextLoaderDelegate Retrieved ApplicationContext [2117099736] from cache with key [[MergedContextConfiguration@6111ba37 testClass = CategoryDaoJDBCImplTestIT, locations = '{classpath*:test-db.xml, classpath*:test-jdbc-conf.xml}', classes = '{}', contextInitializerClasses = '[]', activeProfiles = '{}', propertySourceLocations = '{}', propertySourceProperties = '{}', contextCustomizers = set[[empty]], contextLoader = 'org.springframework.test.context.support.DelegatingSmartContextLoader', parent = [null]]]
16:25:52 DEBUG DefaultContextCache  Spring test ApplicationContext cache statistics: [DefaultContextCache@6df3e44c size = 1, maxSize = 32, parentContextCount = 0, hitCount = 26, missCount = 1]
16:25:52 DEBUG estExecutionListener Before test method: context [DefaultTestContext@3d484181 testClass = CategoryDaoJDBCImplTestIT, testInstance = com.epam.brest.dao.CategoryDaoJDBCImplTestIT@221dad51, testMethod = testDelete@CategoryDaoJDBCImplTestIT, testException = [null], mergedContextConfiguration = [MergedContextConfiguration@6111ba37 testClass = CategoryDaoJDBCImplTestIT, locations = '{classpath*:test-db.xml, classpath*:test-jdbc-conf.xml}', classes = '{}', contextInitializerClasses = '[]', activeProfiles = '{}', propertySourceLocations = '{}', propertySourceProperties = '{}', contextCustomizers = set[[empty]], contextLoader = 'org.springframework.test.context.support.DelegatingSmartContextLoader', parent = [null]], attributes = map['org.springframework.test.context.event.ApplicationEventsTestExecutionListener.recordApplicationEvents' -> false]], class annotated with @DirtiesContext [false] with mode [null], method annotated with @DirtiesContext [false] with mode [null].
16:25:52 DEBUG estExecutionListener Explicit transaction definition [PROPAGATION_REQUIRED,ISOLATION_DEFAULT] found for test context [DefaultTestContext@3d484181 testClass = CategoryDaoJDBCImplTestIT, testInstance = com.epam.brest.dao.CategoryDaoJDBCImplTestIT@221dad51, testMethod = testDelete@CategoryDaoJDBCImplTestIT, testException = [null], mergedContextConfiguration = [MergedContextConfiguration@6111ba37 testClass = CategoryDaoJDBCImplTestIT, locations = '{classpath*:test-db.xml, classpath*:test-jdbc-conf.xml}', classes = '{}', contextInitializerClasses = '[]', activeProfiles = '{}', propertySourceLocations = '{}', propertySourceProperties = '{}', contextCustomizers = set[[empty]], contextLoader = 'org.springframework.test.context.support.DelegatingSmartContextLoader', parent = [null]], attributes = map['org.springframework.test.context.event.ApplicationEventsTestExecutionListener.recordApplicationEvents' -> false]]
16:25:52 DEBUG ontextLoaderDelegate Retrieved ApplicationContext [2117099736] from cache with key [[MergedContextConfiguration@6111ba37 testClass = CategoryDaoJDBCImplTestIT, locations = '{classpath*:test-db.xml, classpath*:test-jdbc-conf.xml}', classes = '{}', contextInitializerClasses = '[]', activeProfiles = '{}', propertySourceLocations = '{}', propertySourceProperties = '{}', contextCustomizers = set[[empty]], contextLoader = 'org.springframework.test.context.support.DelegatingSmartContextLoader', parent = [null]]]
16:25:52 DEBUG DefaultContextCache  Spring test ApplicationContext cache statistics: [DefaultContextCache@6df3e44c size = 1, maxSize = 32, parentContextCount = 0, hitCount = 27, missCount = 1]
16:25:52 DEBUG estExecutionListener Retrieved default @Rollback(true) for test class [com.epam.brest.dao.CategoryDaoJDBCImplTestIT].
16:25:52 DEBUG estExecutionListener No method-level @Rollback override: using default rollback [true] for test context [DefaultTestContext@3d484181 testClass = CategoryDaoJDBCImplTestIT, testInstance = com.epam.brest.dao.CategoryDaoJDBCImplTestIT@221dad51, testMethod = testDelete@CategoryDaoJDBCImplTestIT, testException = [null], mergedContextConfiguration = [MergedContextConfiguration@6111ba37 testClass = CategoryDaoJDBCImplTestIT, locations = '{classpath*:test-db.xml, classpath*:test-jdbc-conf.xml}', classes = '{}', contextInitializerClasses = '[]', activeProfiles = '{}', propertySourceLocations = '{}', propertySourceProperties = '{}', contextCustomizers = set[[empty]], contextLoader = 'org.springframework.test.context.support.DelegatingSmartContextLoader', parent = [null]], attributes = map['org.springframework.test.context.event.ApplicationEventsTestExecutionListener.recordApplicationEvents' -> false]].
16:25:52 DEBUG rmTransactionManager Creating new transaction with name [com.epam.brest.dao.CategoryDaoJDBCImplTestIT.testDelete]: PROPAGATION_REQUIRED,ISOLATION_DEFAULT
16:25:52 DEBUG verManagerDataSource Creating new JDBC DriverManager Connection to [jdbc:h2:mem:test-db;MODE=MySQL;DB_CLOSE_DELAY=-1]
16:25:52 DEBUG ceTransactionManager Acquired Connection [conn4: url=jdbc:h2:mem:test-db user=SA] for JDBC transaction
16:25:52 DEBUG ceTransactionManager Switching JDBC Connection [conn4: url=jdbc:h2:mem:test-db user=SA] to manual commit
16:25:52 INFO  TransactionContext   Began transaction (1) for test context [DefaultTestContext@3d484181 testClass = CategoryDaoJDBCImplTestIT, testInstance = com.epam.brest.dao.CategoryDaoJDBCImplTestIT@221dad51, testMethod = testDelete@CategoryDaoJDBCImplTestIT, testException = [null], mergedContextConfiguration = [MergedContextConfiguration@6111ba37 testClass = CategoryDaoJDBCImplTestIT, locations = '{classpath*:test-db.xml, classpath*:test-jdbc-conf.xml}', classes = '{}', contextInitializerClasses = '[]', activeProfiles = '{}', propertySourceLocations = '{}', propertySourceProperties = '{}', contextCustomizers = set[[empty]], contextLoader = 'org.springframework.test.context.support.DelegatingSmartContextLoader', parent = [null]], attributes = map['org.springframework.test.context.event.ApplicationEventsTestExecutionListener.recordApplicationEvents' -> false]]; transaction manager [org.springframework.jdbc.datasource.DataSourceTransactionManager@27a7ef08]; rollback [true]
16:25:52 DEBUG ontextLoaderDelegate Retrieved ApplicationContext [2117099736] from cache with key [[MergedContextConfiguration@6111ba37 testClass = CategoryDaoJDBCImplTestIT, locations = '{classpath*:test-db.xml, classpath*:test-jdbc-conf.xml}', classes = '{}', contextInitializerClasses = '[]', activeProfiles = '{}', propertySourceLocations = '{}', propertySourceProperties = '{}', contextCustomizers = set[[empty]], contextLoader = 'org.springframework.test.context.support.DelegatingSmartContextLoader', parent = [null]]]
16:25:52 DEBUG DefaultContextCache  Spring test ApplicationContext cache statistics: [DefaultContextCache@6df3e44c size = 1, maxSize = 32, parentContextCount = 0, hitCount = 28, missCount = 1]
16:25:52 DEBUG ontextLoaderDelegate Retrieved ApplicationContext [2117099736] from cache with key [[MergedContextConfiguration@6111ba37 testClass = CategoryDaoJDBCImplTestIT, locations = '{classpath*:test-db.xml, classpath*:test-jdbc-conf.xml}', classes = '{}', contextInitializerClasses = '[]', activeProfiles = '{}', propertySourceLocations = '{}', propertySourceProperties = '{}', contextCustomizers = set[[empty]], contextLoader = 'org.springframework.test.context.support.DelegatingSmartContextLoader', parent = [null]]]
16:25:52 DEBUG DefaultContextCache  Spring test ApplicationContext cache statistics: [DefaultContextCache@6df3e44c size = 1, maxSize = 32, parentContextCount = 0, hitCount = 29, missCount = 1]
16:25:52 DEBUG oryDaoJDBCImplTestIT Execute IT test delete()
16:25:52 DEBUG CategoryDaoJDBCImpl  Start: create(com.epam.brest.model.Category@771cbb1a)
16:25:52 DEBUG CategoryDaoJDBCImpl  Check categoryName : Test Category on unique
16:25:52 DEBUG JdbcTemplate         Executing prepared SQL query
16:25:52 DEBUG JdbcTemplate         Executing prepared SQL statement [SELECT count(c.category_name) FROM category c WHERE lower(c.category_name) = lower(?)]
16:25:52 DEBUG JdbcTemplate         Executing SQL update and returning generated keys
16:25:52 DEBUG JdbcTemplate         Executing prepared SQL statement [INSERT INTO category(category_name) VALUES (?)]
16:25:52 DEBUG CategoryDaoJDBCImpl  Start: findAllCategories()
16:25:52 DEBUG JdbcTemplate         Executing prepared SQL query
16:25:52 DEBUG JdbcTemplate         Executing prepared SQL statement [SELECT c.category_id, c.category_name FROM category c ORDER BY c.category_id]
16:25:52 DEBUG CategoryDaoJDBCImpl  Delete category on id 8
16:25:52 DEBUG JdbcTemplate         Executing prepared SQL update
16:25:52 DEBUG JdbcTemplate         Executing prepared SQL statement [DELETE FROM category WHERE category_id = ?]
16:25:52 DEBUG CategoryDaoJDBCImpl  Start: findAllCategories()
16:25:52 DEBUG JdbcTemplate         Executing prepared SQL query
16:25:52 DEBUG JdbcTemplate         Executing prepared SQL statement [SELECT c.category_id, c.category_name FROM category c ORDER BY c.category_id]
16:25:52 DEBUG ontextLoaderDelegate Retrieved ApplicationContext [2117099736] from cache with key [[MergedContextConfiguration@6111ba37 testClass = CategoryDaoJDBCImplTestIT, locations = '{classpath*:test-db.xml, classpath*:test-jdbc-conf.xml}', classes = '{}', contextInitializerClasses = '[]', activeProfiles = '{}', propertySourceLocations = '{}', propertySourceProperties = '{}', contextCustomizers = set[[empty]], contextLoader = 'org.springframework.test.context.support.DelegatingSmartContextLoader', parent = [null]]]
16:25:52 DEBUG DefaultContextCache  Spring test ApplicationContext cache statistics: [DefaultContextCache@6df3e44c size = 1, maxSize = 32, parentContextCount = 0, hitCount = 30, missCount = 1]
16:25:52 DEBUG ontextLoaderDelegate Retrieved ApplicationContext [2117099736] from cache with key [[MergedContextConfiguration@6111ba37 testClass = CategoryDaoJDBCImplTestIT, locations = '{classpath*:test-db.xml, classpath*:test-jdbc-conf.xml}', classes = '{}', contextInitializerClasses = '[]', activeProfiles = '{}', propertySourceLocations = '{}', propertySourceProperties = '{}', contextCustomizers = set[[empty]], contextLoader = 'org.springframework.test.context.support.DelegatingSmartContextLoader', parent = [null]]]
16:25:52 DEBUG DefaultContextCache  Spring test ApplicationContext cache statistics: [DefaultContextCache@6df3e44c size = 1, maxSize = 32, parentContextCount = 0, hitCount = 31, missCount = 1]
16:25:52 DEBUG rmTransactionManager Initiating transaction rollback
16:25:52 DEBUG ceTransactionManager Rolling back JDBC transaction on Connection [conn4: url=jdbc:h2:mem:test-db user=SA]
16:25:52 DEBUG ceTransactionManager Releasing JDBC Connection [conn4: url=jdbc:h2:mem:test-db user=SA] after transaction
16:25:52 INFO  TransactionContext   Rolled back transaction for test: [DefaultTestContext@3d484181 testClass = CategoryDaoJDBCImplTestIT, testInstance = com.epam.brest.dao.CategoryDaoJDBCImplTestIT@221dad51, testMethod = testDelete@CategoryDaoJDBCImplTestIT, testException = [null], mergedContextConfiguration = [MergedContextConfiguration@6111ba37 testClass = CategoryDaoJDBCImplTestIT, locations = '{classpath*:test-db.xml, classpath*:test-jdbc-conf.xml}', classes = '{}', contextInitializerClasses = '[]', activeProfiles = '{}', propertySourceLocations = '{}', propertySourceProperties = '{}', contextCustomizers = set[[empty]], contextLoader = 'org.springframework.test.context.support.DelegatingSmartContextLoader', parent = [null]], attributes = map['org.springframework.test.context.event.ApplicationEventsTestExecutionListener.recordApplicationEvents' -> false]]
16:25:52 DEBUG estExecutionListener After test method: context [DefaultTestContext@3d484181 testClass = CategoryDaoJDBCImplTestIT, testInstance = com.epam.brest.dao.CategoryDaoJDBCImplTestIT@221dad51, testMethod = testDelete@CategoryDaoJDBCImplTestIT, testException = [null], mergedContextConfiguration = [MergedContextConfiguration@6111ba37 testClass = CategoryDaoJDBCImplTestIT, locations = '{classpath*:test-db.xml, classpath*:test-jdbc-conf.xml}', classes = '{}', contextInitializerClasses = '[]', activeProfiles = '{}', propertySourceLocations = '{}', propertySourceProperties = '{}', contextCustomizers = set[[empty]], contextLoader = 'org.springframework.test.context.support.DelegatingSmartContextLoader', parent = [null]], attributes = map['org.springframework.test.context.event.ApplicationEventsTestExecutionListener.recordApplicationEvents' -> false]], class annotated with @DirtiesContext [false] with mode [null], method annotated with @DirtiesContext [false] with mode [null].
]]></system-out>
  </testcase>
  <testcase name="testCreateEqualsCategory" classname="com.epam.brest.dao.CategoryDaoJDBCImplTestIT" time="0.022">
    <system-out><![CDATA[16:25:52 DEBUG ontextLoaderDelegate Retrieved ApplicationContext [2117099736] from cache with key [[MergedContextConfiguration@6111ba37 testClass = CategoryDaoJDBCImplTestIT, locations = '{classpath*:test-db.xml, classpath*:test-jdbc-conf.xml}', classes = '{}', contextInitializerClasses = '[]', activeProfiles = '{}', propertySourceLocations = '{}', propertySourceProperties = '{}', contextCustomizers = set[[empty]], contextLoader = 'org.springframework.test.context.support.DelegatingSmartContextLoader', parent = [null]]]
16:25:52 DEBUG DefaultContextCache  Spring test ApplicationContext cache statistics: [DefaultContextCache@6df3e44c size = 1, maxSize = 32, parentContextCount = 0, hitCount = 32, missCount = 1]
16:25:52 DEBUG estExecutionListener Performing dependency injection for test context [[DefaultTestContext@3d484181 testClass = CategoryDaoJDBCImplTestIT, testInstance = com.epam.brest.dao.CategoryDaoJDBCImplTestIT@6e1b9411, testMethod = [null], testException = [null], mergedContextConfiguration = [MergedContextConfiguration@6111ba37 testClass = CategoryDaoJDBCImplTestIT, locations = '{classpath*:test-db.xml, classpath*:test-jdbc-conf.xml}', classes = '{}', contextInitializerClasses = '[]', activeProfiles = '{}', propertySourceLocations = '{}', propertySourceProperties = '{}', contextCustomizers = set[[empty]], contextLoader = 'org.springframework.test.context.support.DelegatingSmartContextLoader', parent = [null]], attributes = map['org.springframework.test.context.event.ApplicationEventsTestExecutionListener.recordApplicationEvents' -> false]]].
16:25:52 DEBUG ontextLoaderDelegate Retrieved ApplicationContext [2117099736] from cache with key [[MergedContextConfiguration@6111ba37 testClass = CategoryDaoJDBCImplTestIT, locations = '{classpath*:test-db.xml, classpath*:test-jdbc-conf.xml}', classes = '{}', contextInitializerClasses = '[]', activeProfiles = '{}', propertySourceLocations = '{}', propertySourceProperties = '{}', contextCustomizers = set[[empty]], contextLoader = 'org.springframework.test.context.support.DelegatingSmartContextLoader', parent = [null]]]
16:25:52 DEBUG DefaultContextCache  Spring test ApplicationContext cache statistics: [DefaultContextCache@6df3e44c size = 1, maxSize = 32, parentContextCount = 0, hitCount = 33, missCount = 1]
16:25:52 DEBUG ontextLoaderDelegate Retrieved ApplicationContext [2117099736] from cache with key [[MergedContextConfiguration@6111ba37 testClass = CategoryDaoJDBCImplTestIT, locations = '{classpath*:test-db.xml, classpath*:test-jdbc-conf.xml}', classes = '{}', contextInitializerClasses = '[]', activeProfiles = '{}', propertySourceLocations = '{}', propertySourceProperties = '{}', contextCustomizers = set[[empty]], contextLoader = 'org.springframework.test.context.support.DelegatingSmartContextLoader', parent = [null]]]
16:25:52 DEBUG DefaultContextCache  Spring test ApplicationContext cache statistics: [DefaultContextCache@6df3e44c size = 1, maxSize = 32, parentContextCount = 0, hitCount = 34, missCount = 1]
16:25:52 DEBUG estExecutionListener Before test method: context [DefaultTestContext@3d484181 testClass = CategoryDaoJDBCImplTestIT, testInstance = com.epam.brest.dao.CategoryDaoJDBCImplTestIT@6e1b9411, testMethod = testCreateEqualsCategory@CategoryDaoJDBCImplTestIT, testException = [null], mergedContextConfiguration = [MergedContextConfiguration@6111ba37 testClass = CategoryDaoJDBCImplTestIT, locations = '{classpath*:test-db.xml, classpath*:test-jdbc-conf.xml}', classes = '{}', contextInitializerClasses = '[]', activeProfiles = '{}', propertySourceLocations = '{}', propertySourceProperties = '{}', contextCustomizers = set[[empty]], contextLoader = 'org.springframework.test.context.support.DelegatingSmartContextLoader', parent = [null]], attributes = map['org.springframework.test.context.event.ApplicationEventsTestExecutionListener.recordApplicationEvents' -> false]], class annotated with @DirtiesContext [false] with mode [null], method annotated with @DirtiesContext [false] with mode [null].
16:25:52 DEBUG estExecutionListener Explicit transaction definition [PROPAGATION_REQUIRED,ISOLATION_DEFAULT] found for test context [DefaultTestContext@3d484181 testClass = CategoryDaoJDBCImplTestIT, testInstance = com.epam.brest.dao.CategoryDaoJDBCImplTestIT@6e1b9411, testMethod = testCreateEqualsCategory@CategoryDaoJDBCImplTestIT, testException = [null], mergedContextConfiguration = [MergedContextConfiguration@6111ba37 testClass = CategoryDaoJDBCImplTestIT, locations = '{classpath*:test-db.xml, classpath*:test-jdbc-conf.xml}', classes = '{}', contextInitializerClasses = '[]', activeProfiles = '{}', propertySourceLocations = '{}', propertySourceProperties = '{}', contextCustomizers = set[[empty]], contextLoader = 'org.springframework.test.context.support.DelegatingSmartContextLoader', parent = [null]], attributes = map['org.springframework.test.context.event.ApplicationEventsTestExecutionListener.recordApplicationEvents' -> false]]
16:25:52 DEBUG ontextLoaderDelegate Retrieved ApplicationContext [2117099736] from cache with key [[MergedContextConfiguration@6111ba37 testClass = CategoryDaoJDBCImplTestIT, locations = '{classpath*:test-db.xml, classpath*:test-jdbc-conf.xml}', classes = '{}', contextInitializerClasses = '[]', activeProfiles = '{}', propertySourceLocations = '{}', propertySourceProperties = '{}', contextCustomizers = set[[empty]], contextLoader = 'org.springframework.test.context.support.DelegatingSmartContextLoader', parent = [null]]]
16:25:52 DEBUG DefaultContextCache  Spring test ApplicationContext cache statistics: [DefaultContextCache@6df3e44c size = 1, maxSize = 32, parentContextCount = 0, hitCount = 35, missCount = 1]
16:25:52 DEBUG estExecutionListener Retrieved default @Rollback(true) for test class [com.epam.brest.dao.CategoryDaoJDBCImplTestIT].
16:25:52 DEBUG estExecutionListener No method-level @Rollback override: using default rollback [true] for test context [DefaultTestContext@3d484181 testClass = CategoryDaoJDBCImplTestIT, testInstance = com.epam.brest.dao.CategoryDaoJDBCImplTestIT@6e1b9411, testMethod = testCreateEqualsCategory@CategoryDaoJDBCImplTestIT, testException = [null], mergedContextConfiguration = [MergedContextConfiguration@6111ba37 testClass = CategoryDaoJDBCImplTestIT, locations = '{classpath*:test-db.xml, classpath*:test-jdbc-conf.xml}', classes = '{}', contextInitializerClasses = '[]', activeProfiles = '{}', propertySourceLocations = '{}', propertySourceProperties = '{}', contextCustomizers = set[[empty]], contextLoader = 'org.springframework.test.context.support.DelegatingSmartContextLoader', parent = [null]], attributes = map['org.springframework.test.context.event.ApplicationEventsTestExecutionListener.recordApplicationEvents' -> false]].
16:25:52 DEBUG rmTransactionManager Creating new transaction with name [com.epam.brest.dao.CategoryDaoJDBCImplTestIT.testCreateEqualsCategory]: PROPAGATION_REQUIRED,ISOLATION_DEFAULT
16:25:52 DEBUG verManagerDataSource Creating new JDBC DriverManager Connection to [jdbc:h2:mem:test-db;MODE=MySQL;DB_CLOSE_DELAY=-1]
16:25:52 DEBUG ceTransactionManager Acquired Connection [conn5: url=jdbc:h2:mem:test-db user=SA] for JDBC transaction
16:25:52 DEBUG ceTransactionManager Switching JDBC Connection [conn5: url=jdbc:h2:mem:test-db user=SA] to manual commit
16:25:52 INFO  TransactionContext   Began transaction (1) for test context [DefaultTestContext@3d484181 testClass = CategoryDaoJDBCImplTestIT, testInstance = com.epam.brest.dao.CategoryDaoJDBCImplTestIT@6e1b9411, testMethod = testCreateEqualsCategory@CategoryDaoJDBCImplTestIT, testException = [null], mergedContextConfiguration = [MergedContextConfiguration@6111ba37 testClass = CategoryDaoJDBCImplTestIT, locations = '{classpath*:test-db.xml, classpath*:test-jdbc-conf.xml}', classes = '{}', contextInitializerClasses = '[]', activeProfiles = '{}', propertySourceLocations = '{}', propertySourceProperties = '{}', contextCustomizers = set[[empty]], contextLoader = 'org.springframework.test.context.support.DelegatingSmartContextLoader', parent = [null]], attributes = map['org.springframework.test.context.event.ApplicationEventsTestExecutionListener.recordApplicationEvents' -> false]]; transaction manager [org.springframework.jdbc.datasource.DataSourceTransactionManager@27a7ef08]; rollback [true]
16:25:52 DEBUG ontextLoaderDelegate Retrieved ApplicationContext [2117099736] from cache with key [[MergedContextConfiguration@6111ba37 testClass = CategoryDaoJDBCImplTestIT, locations = '{classpath*:test-db.xml, classpath*:test-jdbc-conf.xml}', classes = '{}', contextInitializerClasses = '[]', activeProfiles = '{}', propertySourceLocations = '{}', propertySourceProperties = '{}', contextCustomizers = set[[empty]], contextLoader = 'org.springframework.test.context.support.DelegatingSmartContextLoader', parent = [null]]]
16:25:52 DEBUG DefaultContextCache  Spring test ApplicationContext cache statistics: [DefaultContextCache@6df3e44c size = 1, maxSize = 32, parentContextCount = 0, hitCount = 36, missCount = 1]
16:25:52 DEBUG ontextLoaderDelegate Retrieved ApplicationContext [2117099736] from cache with key [[MergedContextConfiguration@6111ba37 testClass = CategoryDaoJDBCImplTestIT, locations = '{classpath*:test-db.xml, classpath*:test-jdbc-conf.xml}', classes = '{}', contextInitializerClasses = '[]', activeProfiles = '{}', propertySourceLocations = '{}', propertySourceProperties = '{}', contextCustomizers = set[[empty]], contextLoader = 'org.springframework.test.context.support.DelegatingSmartContextLoader', parent = [null]]]
16:25:52 DEBUG DefaultContextCache  Spring test ApplicationContext cache statistics: [DefaultContextCache@6df3e44c size = 1, maxSize = 32, parentContextCount = 0, hitCount = 37, missCount = 1]
16:25:52 DEBUG oryDaoJDBCImplTestIT Execute IT test createEqualsCategory()
16:25:52 DEBUG CategoryDaoJDBCImpl  Start: create(com.epam.brest.model.Category@4016ccc1)
16:25:52 DEBUG CategoryDaoJDBCImpl  Check categoryName : Restaurant on unique
16:25:52 DEBUG JdbcTemplate         Executing prepared SQL query
16:25:52 DEBUG JdbcTemplate         Executing prepared SQL statement [SELECT count(c.category_name) FROM category c WHERE lower(c.category_name) = lower(?)]
16:25:52 DEBUG JdbcTemplate         Executing SQL update and returning generated keys
16:25:52 DEBUG JdbcTemplate         Executing prepared SQL statement [INSERT INTO category(category_name) VALUES (?)]
16:25:52 DEBUG CategoryDaoJDBCImpl  Start: create(com.epam.brest.model.Category@4016ccc1)
16:25:52 DEBUG CategoryDaoJDBCImpl  Check categoryName : Restaurant on unique
16:25:52 DEBUG JdbcTemplate         Executing prepared SQL query
16:25:52 DEBUG JdbcTemplate         Executing prepared SQL statement [SELECT count(c.category_name) FROM category c WHERE lower(c.category_name) = lower(?)]
16:25:52 WARN  CategoryDaoJDBCImpl  Category with the same name Restaurant already exists
16:25:52 DEBUG ontextLoaderDelegate Retrieved ApplicationContext [2117099736] from cache with key [[MergedContextConfiguration@6111ba37 testClass = CategoryDaoJDBCImplTestIT, locations = '{classpath*:test-db.xml, classpath*:test-jdbc-conf.xml}', classes = '{}', contextInitializerClasses = '[]', activeProfiles = '{}', propertySourceLocations = '{}', propertySourceProperties = '{}', contextCustomizers = set[[empty]], contextLoader = 'org.springframework.test.context.support.DelegatingSmartContextLoader', parent = [null]]]
16:25:52 DEBUG DefaultContextCache  Spring test ApplicationContext cache statistics: [DefaultContextCache@6df3e44c size = 1, maxSize = 32, parentContextCount = 0, hitCount = 38, missCount = 1]
16:25:52 DEBUG ontextLoaderDelegate Retrieved ApplicationContext [2117099736] from cache with key [[MergedContextConfiguration@6111ba37 testClass = CategoryDaoJDBCImplTestIT, locations = '{classpath*:test-db.xml, classpath*:test-jdbc-conf.xml}', classes = '{}', contextInitializerClasses = '[]', activeProfiles = '{}', propertySourceLocations = '{}', propertySourceProperties = '{}', contextCustomizers = set[[empty]], contextLoader = 'org.springframework.test.context.support.DelegatingSmartContextLoader', parent = [null]]]
16:25:52 DEBUG DefaultContextCache  Spring test ApplicationContext cache statistics: [DefaultContextCache@6df3e44c size = 1, maxSize = 32, parentContextCount = 0, hitCount = 39, missCount = 1]
16:25:52 DEBUG rmTransactionManager Initiating transaction rollback
16:25:52 DEBUG ceTransactionManager Rolling back JDBC transaction on Connection [conn5: url=jdbc:h2:mem:test-db user=SA]
16:25:52 DEBUG ceTransactionManager Releasing JDBC Connection [conn5: url=jdbc:h2:mem:test-db user=SA] after transaction
16:25:52 INFO  TransactionContext   Rolled back transaction for test: [DefaultTestContext@3d484181 testClass = CategoryDaoJDBCImplTestIT, testInstance = com.epam.brest.dao.CategoryDaoJDBCImplTestIT@6e1b9411, testMethod = testCreateEqualsCategory@CategoryDaoJDBCImplTestIT, testException = [null], mergedContextConfiguration = [MergedContextConfiguration@6111ba37 testClass = CategoryDaoJDBCImplTestIT, locations = '{classpath*:test-db.xml, classpath*:test-jdbc-conf.xml}', classes = '{}', contextInitializerClasses = '[]', activeProfiles = '{}', propertySourceLocations = '{}', propertySourceProperties = '{}', contextCustomizers = set[[empty]], contextLoader = 'org.springframework.test.context.support.DelegatingSmartContextLoader', parent = [null]], attributes = map['org.springframework.test.context.event.ApplicationEventsTestExecutionListener.recordApplicationEvents' -> false]]
16:25:52 DEBUG estExecutionListener After test method: context [DefaultTestContext@3d484181 testClass = CategoryDaoJDBCImplTestIT, testInstance = com.epam.brest.dao.CategoryDaoJDBCImplTestIT@6e1b9411, testMethod = testCreateEqualsCategory@CategoryDaoJDBCImplTestIT, testException = [null], mergedContextConfiguration = [MergedContextConfiguration@6111ba37 testClass = CategoryDaoJDBCImplTestIT, locations = '{classpath*:test-db.xml, classpath*:test-jdbc-conf.xml}', classes = '{}', contextInitializerClasses = '[]', activeProfiles = '{}', propertySourceLocations = '{}', propertySourceProperties = '{}', contextCustomizers = set[[empty]], contextLoader = 'org.springframework.test.context.support.DelegatingSmartContextLoader', parent = [null]], attributes = map['org.springframework.test.context.event.ApplicationEventsTestExecutionListener.recordApplicationEvents' -> false]], class annotated with @DirtiesContext [false] with mode [null], method annotated with @DirtiesContext [false] with mode [null].
]]></system-out>
  </testcase>
  <testcase name="testUpdate" classname="com.epam.brest.dao.CategoryDaoJDBCImplTestIT" time="0.028">
    <system-out><![CDATA[16:25:52 DEBUG ontextLoaderDelegate Retrieved ApplicationContext [2117099736] from cache with key [[MergedContextConfiguration@6111ba37 testClass = CategoryDaoJDBCImplTestIT, locations = '{classpath*:test-db.xml, classpath*:test-jdbc-conf.xml}', classes = '{}', contextInitializerClasses = '[]', activeProfiles = '{}', propertySourceLocations = '{}', propertySourceProperties = '{}', contextCustomizers = set[[empty]], contextLoader = 'org.springframework.test.context.support.DelegatingSmartContextLoader', parent = [null]]]
16:25:52 DEBUG DefaultContextCache  Spring test ApplicationContext cache statistics: [DefaultContextCache@6df3e44c size = 1, maxSize = 32, parentContextCount = 0, hitCount = 40, missCount = 1]
16:25:52 DEBUG estExecutionListener Performing dependency injection for test context [[DefaultTestContext@3d484181 testClass = CategoryDaoJDBCImplTestIT, testInstance = com.epam.brest.dao.CategoryDaoJDBCImplTestIT@3b2f4a93, testMethod = [null], testException = [null], mergedContextConfiguration = [MergedContextConfiguration@6111ba37 testClass = CategoryDaoJDBCImplTestIT, locations = '{classpath*:test-db.xml, classpath*:test-jdbc-conf.xml}', classes = '{}', contextInitializerClasses = '[]', activeProfiles = '{}', propertySourceLocations = '{}', propertySourceProperties = '{}', contextCustomizers = set[[empty]], contextLoader = 'org.springframework.test.context.support.DelegatingSmartContextLoader', parent = [null]], attributes = map['org.springframework.test.context.event.ApplicationEventsTestExecutionListener.recordApplicationEvents' -> false]]].
16:25:52 DEBUG ontextLoaderDelegate Retrieved ApplicationContext [2117099736] from cache with key [[MergedContextConfiguration@6111ba37 testClass = CategoryDaoJDBCImplTestIT, locations = '{classpath*:test-db.xml, classpath*:test-jdbc-conf.xml}', classes = '{}', contextInitializerClasses = '[]', activeProfiles = '{}', propertySourceLocations = '{}', propertySourceProperties = '{}', contextCustomizers = set[[empty]], contextLoader = 'org.springframework.test.context.support.DelegatingSmartContextLoader', parent = [null]]]
16:25:52 DEBUG DefaultContextCache  Spring test ApplicationContext cache statistics: [DefaultContextCache@6df3e44c size = 1, maxSize = 32, parentContextCount = 0, hitCount = 41, missCount = 1]
16:25:52 DEBUG ontextLoaderDelegate Retrieved ApplicationContext [2117099736] from cache with key [[MergedContextConfiguration@6111ba37 testClass = CategoryDaoJDBCImplTestIT, locations = '{classpath*:test-db.xml, classpath*:test-jdbc-conf.xml}', classes = '{}', contextInitializerClasses = '[]', activeProfiles = '{}', propertySourceLocations = '{}', propertySourceProperties = '{}', contextCustomizers = set[[empty]], contextLoader = 'org.springframework.test.context.support.DelegatingSmartContextLoader', parent = [null]]]
16:25:52 DEBUG DefaultContextCache  Spring test ApplicationContext cache statistics: [DefaultContextCache@6df3e44c size = 1, maxSize = 32, parentContextCount = 0, hitCount = 42, missCount = 1]
16:25:52 DEBUG estExecutionListener Before test method: context [DefaultTestContext@3d484181 testClass = CategoryDaoJDBCImplTestIT, testInstance = com.epam.brest.dao.CategoryDaoJDBCImplTestIT@3b2f4a93, testMethod = testUpdate@CategoryDaoJDBCImplTestIT, testException = [null], mergedContextConfiguration = [MergedContextConfiguration@6111ba37 testClass = CategoryDaoJDBCImplTestIT, locations = '{classpath*:test-db.xml, classpath*:test-jdbc-conf.xml}', classes = '{}', contextInitializerClasses = '[]', activeProfiles = '{}', propertySourceLocations = '{}', propertySourceProperties = '{}', contextCustomizers = set[[empty]], contextLoader = 'org.springframework.test.context.support.DelegatingSmartContextLoader', parent = [null]], attributes = map['org.springframework.test.context.event.ApplicationEventsTestExecutionListener.recordApplicationEvents' -> false]], class annotated with @DirtiesContext [false] with mode [null], method annotated with @DirtiesContext [false] with mode [null].
16:25:52 DEBUG estExecutionListener Explicit transaction definition [PROPAGATION_REQUIRED,ISOLATION_DEFAULT] found for test context [DefaultTestContext@3d484181 testClass = CategoryDaoJDBCImplTestIT, testInstance = com.epam.brest.dao.CategoryDaoJDBCImplTestIT@3b2f4a93, testMethod = testUpdate@CategoryDaoJDBCImplTestIT, testException = [null], mergedContextConfiguration = [MergedContextConfiguration@6111ba37 testClass = CategoryDaoJDBCImplTestIT, locations = '{classpath*:test-db.xml, classpath*:test-jdbc-conf.xml}', classes = '{}', contextInitializerClasses = '[]', activeProfiles = '{}', propertySourceLocations = '{}', propertySourceProperties = '{}', contextCustomizers = set[[empty]], contextLoader = 'org.springframework.test.context.support.DelegatingSmartContextLoader', parent = [null]], attributes = map['org.springframework.test.context.event.ApplicationEventsTestExecutionListener.recordApplicationEvents' -> false]]
16:25:52 DEBUG ontextLoaderDelegate Retrieved ApplicationContext [2117099736] from cache with key [[MergedContextConfiguration@6111ba37 testClass = CategoryDaoJDBCImplTestIT, locations = '{classpath*:test-db.xml, classpath*:test-jdbc-conf.xml}', classes = '{}', contextInitializerClasses = '[]', activeProfiles = '{}', propertySourceLocations = '{}', propertySourceProperties = '{}', contextCustomizers = set[[empty]], contextLoader = 'org.springframework.test.context.support.DelegatingSmartContextLoader', parent = [null]]]
16:25:52 DEBUG DefaultContextCache  Spring test ApplicationContext cache statistics: [DefaultContextCache@6df3e44c size = 1, maxSize = 32, parentContextCount = 0, hitCount = 43, missCount = 1]
16:25:52 DEBUG estExecutionListener Retrieved default @Rollback(true) for test class [com.epam.brest.dao.CategoryDaoJDBCImplTestIT].
16:25:52 DEBUG estExecutionListener No method-level @Rollback override: using default rollback [true] for test context [DefaultTestContext@3d484181 testClass = CategoryDaoJDBCImplTestIT, testInstance = com.epam.brest.dao.CategoryDaoJDBCImplTestIT@3b2f4a93, testMethod = testUpdate@CategoryDaoJDBCImplTestIT, testException = [null], mergedContextConfiguration = [MergedContextConfiguration@6111ba37 testClass = CategoryDaoJDBCImplTestIT, locations = '{classpath*:test-db.xml, classpath*:test-jdbc-conf.xml}', classes = '{}', contextInitializerClasses = '[]', activeProfiles = '{}', propertySourceLocations = '{}', propertySourceProperties = '{}', contextCustomizers = set[[empty]], contextLoader = 'org.springframework.test.context.support.DelegatingSmartContextLoader', parent = [null]], attributes = map['org.springframework.test.context.event.ApplicationEventsTestExecutionListener.recordApplicationEvents' -> false]].
16:25:52 DEBUG rmTransactionManager Creating new transaction with name [com.epam.brest.dao.CategoryDaoJDBCImplTestIT.testUpdate]: PROPAGATION_REQUIRED,ISOLATION_DEFAULT
16:25:52 DEBUG verManagerDataSource Creating new JDBC DriverManager Connection to [jdbc:h2:mem:test-db;MODE=MySQL;DB_CLOSE_DELAY=-1]
16:25:52 DEBUG ceTransactionManager Acquired Connection [conn6: url=jdbc:h2:mem:test-db user=SA] for JDBC transaction
16:25:52 DEBUG ceTransactionManager Switching JDBC Connection [conn6: url=jdbc:h2:mem:test-db user=SA] to manual commit
16:25:52 INFO  TransactionContext   Began transaction (1) for test context [DefaultTestContext@3d484181 testClass = CategoryDaoJDBCImplTestIT, testInstance = com.epam.brest.dao.CategoryDaoJDBCImplTestIT@3b2f4a93, testMethod = testUpdate@CategoryDaoJDBCImplTestIT, testException = [null], mergedContextConfiguration = [MergedContextConfiguration@6111ba37 testClass = CategoryDaoJDBCImplTestIT, locations = '{classpath*:test-db.xml, classpath*:test-jdbc-conf.xml}', classes = '{}', contextInitializerClasses = '[]', activeProfiles = '{}', propertySourceLocations = '{}', propertySourceProperties = '{}', contextCustomizers = set[[empty]], contextLoader = 'org.springframework.test.context.support.DelegatingSmartContextLoader', parent = [null]], attributes = map['org.springframework.test.context.event.ApplicationEventsTestExecutionListener.recordApplicationEvents' -> false]]; transaction manager [org.springframework.jdbc.datasource.DataSourceTransactionManager@27a7ef08]; rollback [true]
16:25:52 DEBUG ontextLoaderDelegate Retrieved ApplicationContext [2117099736] from cache with key [[MergedContextConfiguration@6111ba37 testClass = CategoryDaoJDBCImplTestIT, locations = '{classpath*:test-db.xml, classpath*:test-jdbc-conf.xml}', classes = '{}', contextInitializerClasses = '[]', activeProfiles = '{}', propertySourceLocations = '{}', propertySourceProperties = '{}', contextCustomizers = set[[empty]], contextLoader = 'org.springframework.test.context.support.DelegatingSmartContextLoader', parent = [null]]]
16:25:52 DEBUG DefaultContextCache  Spring test ApplicationContext cache statistics: [DefaultContextCache@6df3e44c size = 1, maxSize = 32, parentContextCount = 0, hitCount = 44, missCount = 1]
16:25:52 DEBUG ontextLoaderDelegate Retrieved ApplicationContext [2117099736] from cache with key [[MergedContextConfiguration@6111ba37 testClass = CategoryDaoJDBCImplTestIT, locations = '{classpath*:test-db.xml, classpath*:test-jdbc-conf.xml}', classes = '{}', contextInitializerClasses = '[]', activeProfiles = '{}', propertySourceLocations = '{}', propertySourceProperties = '{}', contextCustomizers = set[[empty]], contextLoader = 'org.springframework.test.context.support.DelegatingSmartContextLoader', parent = [null]]]
16:25:52 DEBUG DefaultContextCache  Spring test ApplicationContext cache statistics: [DefaultContextCache@6df3e44c size = 1, maxSize = 32, parentContextCount = 0, hitCount = 45, missCount = 1]
16:25:52 DEBUG oryDaoJDBCImplTestIT Execute IT test update()
16:25:52 DEBUG CategoryDaoJDBCImpl  Start: findAllCategories()
16:25:52 DEBUG JdbcTemplate         Executing prepared SQL query
16:25:52 DEBUG JdbcTemplate         Executing prepared SQL statement [SELECT c.category_id, c.category_name FROM category c ORDER BY c.category_id]
16:25:52 DEBUG CategoryDaoJDBCImpl  Update category com.epam.brest.model.Category@4a23350
16:25:52 DEBUG JdbcTemplate         Executing prepared SQL update
16:25:52 DEBUG JdbcTemplate         Executing prepared SQL statement [UPDATE category SET category_name = ? WHERE category_id = ?]
16:25:52 DEBUG CategoryDaoJDBCImpl  Get category by id = 1
16:25:52 DEBUG JdbcTemplate         Executing prepared SQL query
16:25:52 DEBUG JdbcTemplate         Executing prepared SQL statement [SELECT c.category_id, c.category_name FROM category c WHERE c.category_id = ?]
16:25:52 DEBUG ontextLoaderDelegate Retrieved ApplicationContext [2117099736] from cache with key [[MergedContextConfiguration@6111ba37 testClass = CategoryDaoJDBCImplTestIT, locations = '{classpath*:test-db.xml, classpath*:test-jdbc-conf.xml}', classes = '{}', contextInitializerClasses = '[]', activeProfiles = '{}', propertySourceLocations = '{}', propertySourceProperties = '{}', contextCustomizers = set[[empty]], contextLoader = 'org.springframework.test.context.support.DelegatingSmartContextLoader', parent = [null]]]
16:25:52 DEBUG DefaultContextCache  Spring test ApplicationContext cache statistics: [DefaultContextCache@6df3e44c size = 1, maxSize = 32, parentContextCount = 0, hitCount = 46, missCount = 1]
16:25:52 DEBUG ontextLoaderDelegate Retrieved ApplicationContext [2117099736] from cache with key [[MergedContextConfiguration@6111ba37 testClass = CategoryDaoJDBCImplTestIT, locations = '{classpath*:test-db.xml, classpath*:test-jdbc-conf.xml}', classes = '{}', contextInitializerClasses = '[]', activeProfiles = '{}', propertySourceLocations = '{}', propertySourceProperties = '{}', contextCustomizers = set[[empty]], contextLoader = 'org.springframework.test.context.support.DelegatingSmartContextLoader', parent = [null]]]
16:25:52 DEBUG DefaultContextCache  Spring test ApplicationContext cache statistics: [DefaultContextCache@6df3e44c size = 1, maxSize = 32, parentContextCount = 0, hitCount = 47, missCount = 1]
16:25:52 DEBUG rmTransactionManager Initiating transaction rollback
16:25:52 DEBUG ceTransactionManager Rolling back JDBC transaction on Connection [conn6: url=jdbc:h2:mem:test-db user=SA]
16:25:52 DEBUG ceTransactionManager Releasing JDBC Connection [conn6: url=jdbc:h2:mem:test-db user=SA] after transaction
16:25:52 INFO  TransactionContext   Rolled back transaction for test: [DefaultTestContext@3d484181 testClass = CategoryDaoJDBCImplTestIT, testInstance = com.epam.brest.dao.CategoryDaoJDBCImplTestIT@3b2f4a93, testMethod = testUpdate@CategoryDaoJDBCImplTestIT, testException = [null], mergedContextConfiguration = [MergedContextConfiguration@6111ba37 testClass = CategoryDaoJDBCImplTestIT, locations = '{classpath*:test-db.xml, classpath*:test-jdbc-conf.xml}', classes = '{}', contextInitializerClasses = '[]', activeProfiles = '{}', propertySourceLocations = '{}', propertySourceProperties = '{}', contextCustomizers = set[[empty]], contextLoader = 'org.springframework.test.context.support.DelegatingSmartContextLoader', parent = [null]], attributes = map['org.springframework.test.context.event.ApplicationEventsTestExecutionListener.recordApplicationEvents' -> false]]
16:25:52 DEBUG estExecutionListener After test method: context [DefaultTestContext@3d484181 testClass = CategoryDaoJDBCImplTestIT, testInstance = com.epam.brest.dao.CategoryDaoJDBCImplTestIT@3b2f4a93, testMethod = testUpdate@CategoryDaoJDBCImplTestIT, testException = [null], mergedContextConfiguration = [MergedContextConfiguration@6111ba37 testClass = CategoryDaoJDBCImplTestIT, locations = '{classpath*:test-db.xml, classpath*:test-jdbc-conf.xml}', classes = '{}', contextInitializerClasses = '[]', activeProfiles = '{}', propertySourceLocations = '{}', propertySourceProperties = '{}', contextCustomizers = set[[empty]], contextLoader = 'org.springframework.test.context.support.DelegatingSmartContextLoader', parent = [null]], attributes = map['org.springframework.test.context.event.ApplicationEventsTestExecutionListener.recordApplicationEvents' -> false]], class annotated with @DirtiesContext [false] with mode [null], method annotated with @DirtiesContext [false] with mode [null].
]]></system-out>
  </testcase>
  <testcase name="testGetCategoryByID" classname="com.epam.brest.dao.CategoryDaoJDBCImplTestIT" time="0.014">
    <system-out><![CDATA[16:25:52 DEBUG ontextLoaderDelegate Retrieved ApplicationContext [2117099736] from cache with key [[MergedContextConfiguration@6111ba37 testClass = CategoryDaoJDBCImplTestIT, locations = '{classpath*:test-db.xml, classpath*:test-jdbc-conf.xml}', classes = '{}', contextInitializerClasses = '[]', activeProfiles = '{}', propertySourceLocations = '{}', propertySourceProperties = '{}', contextCustomizers = set[[empty]], contextLoader = 'org.springframework.test.context.support.DelegatingSmartContextLoader', parent = [null]]]
16:25:52 DEBUG DefaultContextCache  Spring test ApplicationContext cache statistics: [DefaultContextCache@6df3e44c size = 1, maxSize = 32, parentContextCount = 0, hitCount = 48, missCount = 1]
16:25:52 DEBUG estExecutionListener Performing dependency injection for test context [[DefaultTestContext@3d484181 testClass = CategoryDaoJDBCImplTestIT, testInstance = com.epam.brest.dao.CategoryDaoJDBCImplTestIT@7bebcd65, testMethod = [null], testException = [null], mergedContextConfiguration = [MergedContextConfiguration@6111ba37 testClass = CategoryDaoJDBCImplTestIT, locations = '{classpath*:test-db.xml, classpath*:test-jdbc-conf.xml}', classes = '{}', contextInitializerClasses = '[]', activeProfiles = '{}', propertySourceLocations = '{}', propertySourceProperties = '{}', contextCustomizers = set[[empty]], contextLoader = 'org.springframework.test.context.support.DelegatingSmartContextLoader', parent = [null]], attributes = map['org.springframework.test.context.event.ApplicationEventsTestExecutionListener.recordApplicationEvents' -> false]]].
16:25:52 DEBUG ontextLoaderDelegate Retrieved ApplicationContext [2117099736] from cache with key [[MergedContextConfiguration@6111ba37 testClass = CategoryDaoJDBCImplTestIT, locations = '{classpath*:test-db.xml, classpath*:test-jdbc-conf.xml}', classes = '{}', contextInitializerClasses = '[]', activeProfiles = '{}', propertySourceLocations = '{}', propertySourceProperties = '{}', contextCustomizers = set[[empty]], contextLoader = 'org.springframework.test.context.support.DelegatingSmartContextLoader', parent = [null]]]
16:25:52 DEBUG DefaultContextCache  Spring test ApplicationContext cache statistics: [DefaultContextCache@6df3e44c size = 1, maxSize = 32, parentContextCount = 0, hitCount = 49, missCount = 1]
16:25:52 DEBUG ontextLoaderDelegate Retrieved ApplicationContext [2117099736] from cache with key [[MergedContextConfiguration@6111ba37 testClass = CategoryDaoJDBCImplTestIT, locations = '{classpath*:test-db.xml, classpath*:test-jdbc-conf.xml}', classes = '{}', contextInitializerClasses = '[]', activeProfiles = '{}', propertySourceLocations = '{}', propertySourceProperties = '{}', contextCustomizers = set[[empty]], contextLoader = 'org.springframework.test.context.support.DelegatingSmartContextLoader', parent = [null]]]
16:25:52 DEBUG DefaultContextCache  Spring test ApplicationContext cache statistics: [DefaultContextCache@6df3e44c size = 1, maxSize = 32, parentContextCount = 0, hitCount = 50, missCount = 1]
16:25:52 DEBUG estExecutionListener Before test method: context [DefaultTestContext@3d484181 testClass = CategoryDaoJDBCImplTestIT, testInstance = com.epam.brest.dao.CategoryDaoJDBCImplTestIT@7bebcd65, testMethod = testGetCategoryByID@CategoryDaoJDBCImplTestIT, testException = [null], mergedContextConfiguration = [MergedContextConfiguration@6111ba37 testClass = CategoryDaoJDBCImplTestIT, locations = '{classpath*:test-db.xml, classpath*:test-jdbc-conf.xml}', classes = '{}', contextInitializerClasses = '[]', activeProfiles = '{}', propertySourceLocations = '{}', propertySourceProperties = '{}', contextCustomizers = set[[empty]], contextLoader = 'org.springframework.test.context.support.DelegatingSmartContextLoader', parent = [null]], attributes = map['org.springframework.test.context.event.ApplicationEventsTestExecutionListener.recordApplicationEvents' -> false]], class annotated with @DirtiesContext [false] with mode [null], method annotated with @DirtiesContext [false] with mode [null].
16:25:52 DEBUG estExecutionListener Explicit transaction definition [PROPAGATION_REQUIRED,ISOLATION_DEFAULT] found for test context [DefaultTestContext@3d484181 testClass = CategoryDaoJDBCImplTestIT, testInstance = com.epam.brest.dao.CategoryDaoJDBCImplTestIT@7bebcd65, testMethod = testGetCategoryByID@CategoryDaoJDBCImplTestIT, testException = [null], mergedContextConfiguration = [MergedContextConfiguration@6111ba37 testClass = CategoryDaoJDBCImplTestIT, locations = '{classpath*:test-db.xml, classpath*:test-jdbc-conf.xml}', classes = '{}', contextInitializerClasses = '[]', activeProfiles = '{}', propertySourceLocations = '{}', propertySourceProperties = '{}', contextCustomizers = set[[empty]], contextLoader = 'org.springframework.test.context.support.DelegatingSmartContextLoader', parent = [null]], attributes = map['org.springframework.test.context.event.ApplicationEventsTestExecutionListener.recordApplicationEvents' -> false]]
16:25:52 DEBUG ontextLoaderDelegate Retrieved ApplicationContext [2117099736] from cache with key [[MergedContextConfiguration@6111ba37 testClass = CategoryDaoJDBCImplTestIT, locations = '{classpath*:test-db.xml, classpath*:test-jdbc-conf.xml}', classes = '{}', contextInitializerClasses = '[]', activeProfiles = '{}', propertySourceLocations = '{}', propertySourceProperties = '{}', contextCustomizers = set[[empty]], contextLoader = 'org.springframework.test.context.support.DelegatingSmartContextLoader', parent = [null]]]
16:25:52 DEBUG DefaultContextCache  Spring test ApplicationContext cache statistics: [DefaultContextCache@6df3e44c size = 1, maxSize = 32, parentContextCount = 0, hitCount = 51, missCount = 1]
16:25:52 DEBUG estExecutionListener Retrieved default @Rollback(true) for test class [com.epam.brest.dao.CategoryDaoJDBCImplTestIT].
16:25:52 DEBUG estExecutionListener No method-level @Rollback override: using default rollback [true] for test context [DefaultTestContext@3d484181 testClass = CategoryDaoJDBCImplTestIT, testInstance = com.epam.brest.dao.CategoryDaoJDBCImplTestIT@7bebcd65, testMethod = testGetCategoryByID@CategoryDaoJDBCImplTestIT, testException = [null], mergedContextConfiguration = [MergedContextConfiguration@6111ba37 testClass = CategoryDaoJDBCImplTestIT, locations = '{classpath*:test-db.xml, classpath*:test-jdbc-conf.xml}', classes = '{}', contextInitializerClasses = '[]', activeProfiles = '{}', propertySourceLocations = '{}', propertySourceProperties = '{}', contextCustomizers = set[[empty]], contextLoader = 'org.springframework.test.context.support.DelegatingSmartContextLoader', parent = [null]], attributes = map['org.springframework.test.context.event.ApplicationEventsTestExecutionListener.recordApplicationEvents' -> false]].
16:25:52 DEBUG rmTransactionManager Creating new transaction with name [com.epam.brest.dao.CategoryDaoJDBCImplTestIT.testGetCategoryByID]: PROPAGATION_REQUIRED,ISOLATION_DEFAULT
16:25:52 DEBUG verManagerDataSource Creating new JDBC DriverManager Connection to [jdbc:h2:mem:test-db;MODE=MySQL;DB_CLOSE_DELAY=-1]
16:25:52 DEBUG ceTransactionManager Acquired Connection [conn7: url=jdbc:h2:mem:test-db user=SA] for JDBC transaction
16:25:52 DEBUG ceTransactionManager Switching JDBC Connection [conn7: url=jdbc:h2:mem:test-db user=SA] to manual commit
16:25:52 INFO  TransactionContext   Began transaction (1) for test context [DefaultTestContext@3d484181 testClass = CategoryDaoJDBCImplTestIT, testInstance = com.epam.brest.dao.CategoryDaoJDBCImplTestIT@7bebcd65, testMethod = testGetCategoryByID@CategoryDaoJDBCImplTestIT, testException = [null], mergedContextConfiguration = [MergedContextConfiguration@6111ba37 testClass = CategoryDaoJDBCImplTestIT, locations = '{classpath*:test-db.xml, classpath*:test-jdbc-conf.xml}', classes = '{}', contextInitializerClasses = '[]', activeProfiles = '{}', propertySourceLocations = '{}', propertySourceProperties = '{}', contextCustomizers = set[[empty]], contextLoader = 'org.springframework.test.context.support.DelegatingSmartContextLoader', parent = [null]], attributes = map['org.springframework.test.context.event.ApplicationEventsTestExecutionListener.recordApplicationEvents' -> false]]; transaction manager [org.springframework.jdbc.datasource.DataSourceTransactionManager@27a7ef08]; rollback [true]
16:25:52 DEBUG ontextLoaderDelegate Retrieved ApplicationContext [2117099736] from cache with key [[MergedContextConfiguration@6111ba37 testClass = CategoryDaoJDBCImplTestIT, locations = '{classpath*:test-db.xml, classpath*:test-jdbc-conf.xml}', classes = '{}', contextInitializerClasses = '[]', activeProfiles = '{}', propertySourceLocations = '{}', propertySourceProperties = '{}', contextCustomizers = set[[empty]], contextLoader = 'org.springframework.test.context.support.DelegatingSmartContextLoader', parent = [null]]]
16:25:52 DEBUG DefaultContextCache  Spring test ApplicationContext cache statistics: [DefaultContextCache@6df3e44c size = 1, maxSize = 32, parentContextCount = 0, hitCount = 52, missCount = 1]
16:25:52 DEBUG ontextLoaderDelegate Retrieved ApplicationContext [2117099736] from cache with key [[MergedContextConfiguration@6111ba37 testClass = CategoryDaoJDBCImplTestIT, locations = '{classpath*:test-db.xml, classpath*:test-jdbc-conf.xml}', classes = '{}', contextInitializerClasses = '[]', activeProfiles = '{}', propertySourceLocations = '{}', propertySourceProperties = '{}', contextCustomizers = set[[empty]], contextLoader = 'org.springframework.test.context.support.DelegatingSmartContextLoader', parent = [null]]]
16:25:52 DEBUG DefaultContextCache  Spring test ApplicationContext cache statistics: [DefaultContextCache@6df3e44c size = 1, maxSize = 32, parentContextCount = 0, hitCount = 53, missCount = 1]
16:25:52 DEBUG oryDaoJDBCImplTestIT Execute IT test getCategoryById()
16:25:52 DEBUG CategoryDaoJDBCImpl  Start: findAllCategories()
16:25:52 DEBUG JdbcTemplate         Executing prepared SQL query
16:25:52 DEBUG JdbcTemplate         Executing prepared SQL statement [SELECT c.category_id, c.category_name FROM category c ORDER BY c.category_id]
16:25:52 DEBUG CategoryDaoJDBCImpl  Get category by id = 1
16:25:52 DEBUG JdbcTemplate         Executing prepared SQL query
16:25:52 DEBUG JdbcTemplate         Executing prepared SQL statement [SELECT c.category_id, c.category_name FROM category c WHERE c.category_id = ?]
16:25:52 DEBUG ontextLoaderDelegate Retrieved ApplicationContext [2117099736] from cache with key [[MergedContextConfiguration@6111ba37 testClass = CategoryDaoJDBCImplTestIT, locations = '{classpath*:test-db.xml, classpath*:test-jdbc-conf.xml}', classes = '{}', contextInitializerClasses = '[]', activeProfiles = '{}', propertySourceLocations = '{}', propertySourceProperties = '{}', contextCustomizers = set[[empty]], contextLoader = 'org.springframework.test.context.support.DelegatingSmartContextLoader', parent = [null]]]
16:25:52 DEBUG DefaultContextCache  Spring test ApplicationContext cache statistics: [DefaultContextCache@6df3e44c size = 1, maxSize = 32, parentContextCount = 0, hitCount = 54, missCount = 1]
16:25:52 DEBUG ontextLoaderDelegate Retrieved ApplicationContext [2117099736] from cache with key [[MergedContextConfiguration@6111ba37 testClass = CategoryDaoJDBCImplTestIT, locations = '{classpath*:test-db.xml, classpath*:test-jdbc-conf.xml}', classes = '{}', contextInitializerClasses = '[]', activeProfiles = '{}', propertySourceLocations = '{}', propertySourceProperties = '{}', contextCustomizers = set[[empty]], contextLoader = 'org.springframework.test.context.support.DelegatingSmartContextLoader', parent = [null]]]
16:25:52 DEBUG DefaultContextCache  Spring test ApplicationContext cache statistics: [DefaultContextCache@6df3e44c size = 1, maxSize = 32, parentContextCount = 0, hitCount = 55, missCount = 1]
16:25:52 DEBUG rmTransactionManager Initiating transaction rollback
16:25:52 DEBUG ceTransactionManager Rolling back JDBC transaction on Connection [conn7: url=jdbc:h2:mem:test-db user=SA]
16:25:52 DEBUG ceTransactionManager Releasing JDBC Connection [conn7: url=jdbc:h2:mem:test-db user=SA] after transaction
16:25:52 INFO  TransactionContext   Rolled back transaction for test: [DefaultTestContext@3d484181 testClass = CategoryDaoJDBCImplTestIT, testInstance = com.epam.brest.dao.CategoryDaoJDBCImplTestIT@7bebcd65, testMethod = testGetCategoryByID@CategoryDaoJDBCImplTestIT, testException = [null], mergedContextConfiguration = [MergedContextConfiguration@6111ba37 testClass = CategoryDaoJDBCImplTestIT, locations = '{classpath*:test-db.xml, classpath*:test-jdbc-conf.xml}', classes = '{}', contextInitializerClasses = '[]', activeProfiles = '{}', propertySourceLocations = '{}', propertySourceProperties = '{}', contextCustomizers = set[[empty]], contextLoader = 'org.springframework.test.context.support.DelegatingSmartContextLoader', parent = [null]], attributes = map['org.springframework.test.context.event.ApplicationEventsTestExecutionListener.recordApplicationEvents' -> false]]
16:25:52 DEBUG estExecutionListener After test method: context [DefaultTestContext@3d484181 testClass = CategoryDaoJDBCImplTestIT, testInstance = com.epam.brest.dao.CategoryDaoJDBCImplTestIT@7bebcd65, testMethod = testGetCategoryByID@CategoryDaoJDBCImplTestIT, testException = [null], mergedContextConfiguration = [MergedContextConfiguration@6111ba37 testClass = CategoryDaoJDBCImplTestIT, locations = '{classpath*:test-db.xml, classpath*:test-jdbc-conf.xml}', classes = '{}', contextInitializerClasses = '[]', activeProfiles = '{}', propertySourceLocations = '{}', propertySourceProperties = '{}', contextCustomizers = set[[empty]], contextLoader = 'org.springframework.test.context.support.DelegatingSmartContextLoader', parent = [null]], attributes = map['org.springframework.test.context.event.ApplicationEventsTestExecutionListener.recordApplicationEvents' -> false]], class annotated with @DirtiesContext [false] with mode [null], method annotated with @DirtiesContext [false] with mode [null].
]]></system-out>
  </testcase>
</testsuite>