<?xml version="1.0" encoding="UTF-8"?>
<beans xmlns="http://www.springframework.org/schema/beans"
       xmlns:xsi="http://www.w3.org/2001/XMLSchema-instance"
       xsi:schemaLocation="http://www.springframework.org/schema/beans
       https://www.springframework.org/schema/beans/spring-beans.xsd">

    <bean id="namedParameterJdbcTemplate" class="org.springframework.jdbc.core.namedparam.NamedParameterJdbcTemplate">
        <constructor-arg ref="dataSource"/>
    </bean>

<!--    Category DAO-->
    <bean name="categoryDao" class="com.epam.brest.dao.CategoryDaoJDBCImpl">
        <constructor-arg ref="namedParameterJdbcTemplate"/>
    </bean>

<!--    Expense DAO-->
    <bean id="expenseDao" class = "com.epam.brest.dao.ExpenseDaoJDBCImpl">
        <constructor-arg ref="namedParameterJdbcTemplate"/>
    </bean>

</beans>