<?xml version="1.0" encoding="UTF-8"?>
<testsuite xmlns:xsi="http://www.w3.org/2001/XMLSchema-instance" xsi:noNamespaceSchemaLocation="https://maven.apache.org/surefire/maven-failsafe-plugin/xsd/failsafe-test-report-3.0.xsd" version="3.0" name="com.epam.brest.service.impl.CategoryServiceImplIT" time="0.138" tests="7" errors="0" skipped="0" failures="0">
  <properties>
    <property name="sun.desktop" value="gnome"/>
    <property name="awt.toolkit" value="sun.awt.X11.XToolkit"/>
    <property name="java.specification.version" value="11"/>
    <property name="sun.cpu.isalist" value=""/>
    <property name="sun.jnu.encoding" value="UTF-8"/>
    <property name="java.class.path" value="/home/medievil/development/Dzmitry-Kalustau-EH/service/target/test-classes:/home/medievil/development/Dzmitry-Kalustau-EH/service/target/classes:/home/medievil/development/Dzmitry-Kalustau-EH/model/target/model-1.0-SNAPSHOT.jar:/home/medievil/.m2/repository/com/fasterxml/jackson/core/jackson-databind/2.13.0/jackson-databind-2.13.0.jar:/home/medievil/.m2/repository/com/fasterxml/jackson/core/jackson-annotations/2.13.0/jackson-annotations-2.13.0.jar:/home/medievil/.m2/repository/com/fasterxml/jackson/core/jackson-core/2.13.0/jackson-core-2.13.0.jar:/home/medievil/.m2/repository/com/fasterxml/jackson/datatype/jackson-datatype-jsr310/2.13.0/jackson-datatype-jsr310-2.13.0.jar:/home/medievil/development/Dzmitry-Kalustau-EH/dao-api/target/dao-api-1.0-SNAPSHOT.jar:/home/medievil/development/Dzmitry-Kalustau-EH/dao/target/dao-1.0-SNAPSHOT.jar:/home/medievil/.m2/repository/org/springframework/spring-context/5.3.4/spring-context-5.3.4.jar:/home/medievil/.m2/repository/org/springframework/spring-aop/5.3.4/spring-aop-5.3.4.jar:/home/medievil/.m2/repository/org/springframework/spring-expression/5.3.4/spring-expression-5.3.4.jar:/home/medievil/.m2/repository/org/springframework/spring-jdbc/5.3.4/spring-jdbc-5.3.4.jar:/home/medievil/.m2/repository/org/apache/logging/log4j/log4j-api/2.14.1/log4j-api-2.14.1.jar:/home/medievil/.m2/repository/org/apache/logging/log4j/log4j-core/2.14.1/log4j-core-2.14.1.jar:/home/medievil/development/Dzmitry-Kalustau-EH/service-api/target/service-api-1.0-SNAPSHOT.jar:/home/medievil/development/Dzmitry-Kalustau-EH/test-db/target/test-db-1.0-SNAPSHOT.jar:/home/medievil/.m2/repository/org/springframework/spring-tx/5.3.4/spring-tx-5.3.4.jar:/home/medievil/.m2/repository/org/springframework/spring-beans/5.3.4/spring-beans-5.3.4.jar:/home/medievil/.m2/repository/org/springframework/spring-core/5.3.4/spring-core-5.3.4.jar:/home/medievil/.m2/repository/org/springframework/spring-jcl/5.3.4/spring-jcl-5.3.4.jar:/home/medievil/.m2/repository/org/springframework/spring-test/5.3.4/spring-test-5.3.4.jar:/home/medievil/.m2/repository/org/junit/jupiter/junit-jupiter-api/5.4.0/junit-jupiter-api-5.4.0.jar:/home/medievil/.m2/repository/org/apiguardian/apiguardian-api/1.0.0/apiguardian-api-1.0.0.jar:/home/medievil/.m2/repository/org/opentest4j/opentest4j/1.1.1/opentest4j-1.1.1.jar:/home/medievil/.m2/repository/org/junit/platform/junit-platform-commons/1.4.0/junit-platform-commons-1.4.0.jar:/home/medievil/.m2/repository/org/junit/jupiter/junit-jupiter-engine/5.4.0/junit-jupiter-engine-5.4.0.jar:/home/medievil/.m2/repository/org/junit/platform/junit-platform-engine/1.4.0/junit-platform-engine-1.4.0.jar:/home/medievil/.m2/repository/com/h2database/h2/1.4.200/h2-1.4.200.jar:"/>
    <property name="java.vm.vendor" value="Ubuntu"/>
    <property name="sun.arch.data.model" value="64"/>
    <property name="java.vendor.url" value="https://ubuntu.com/"/>
    <property name="user.timezone" value="Europe/Minsk"/>
    <property name="java.vm.specification.version" value="11"/>
    <property name="os.name" value="Linux"/>
    <property name="sun.java.launcher" value="SUN_STANDARD"/>
    <property name="user.country" value="RU"/>
    <property name="sun.boot.library.path" value="/usr/lib/jvm/java-11-openjdk-amd64/lib"/>
    <property name="sun.java.command" value="/home/medievil/development/Dzmitry-Kalustau-EH/service/target/surefire/surefirebooter15785563150989957659.jar /home/medievil/development/Dzmitry-Kalustau-EH/service/target/surefire 2021-12-12T15-20-49_019-jvmRun1 surefire15941903635076061549tmp surefire_18431073951027823593tmp"/>
    <property name="jdk.debug" value="release"/>
    <property name="surefire.test.class.path" value="/home/medievil/development/Dzmitry-Kalustau-EH/service/target/test-classes:/home/medievil/development/Dzmitry-Kalustau-EH/service/target/classes:/home/medievil/development/Dzmitry-Kalustau-EH/model/target/model-1.0-SNAPSHOT.jar:/home/medievil/.m2/repository/com/fasterxml/jackson/core/jackson-databind/2.13.0/jackson-databind-2.13.0.jar:/home/medievil/.m2/repository/com/fasterxml/jackson/core/jackson-annotations/2.13.0/jackson-annotations-2.13.0.jar:/home/medievil/.m2/repository/com/fasterxml/jackson/core/jackson-core/2.13.0/jackson-core-2.13.0.jar:/home/medievil/.m2/repository/com/fasterxml/jackson/datatype/jackson-datatype-jsr310/2.13.0/jackson-datatype-jsr310-2.13.0.jar:/home/medievil/development/Dzmitry-Kalustau-EH/dao-api/target/dao-api-1.0-SNAPSHOT.jar:/home/medievil/development/Dzmitry-Kalustau-EH/dao/target/dao-1.0-SNAPSHOT.jar:/home/medievil/.m2/repository/org/springframework/spring-context/5.3.4/spring-context-5.3.4.jar:/home/medievil/.m2/repository/org/springframework/spring-aop/5.3.4/spring-aop-5.3.4.jar:/home/medievil/.m2/repository/org/springframework/spring-expression/5.3.4/spring-expression-5.3.4.jar:/home/medievil/.m2/repository/org/springframework/spring-jdbc/5.3.4/spring-jdbc-5.3.4.jar:/home/medievil/.m2/repository/org/apache/logging/log4j/log4j-api/2.14.1/log4j-api-2.14.1.jar:/home/medievil/.m2/repository/org/apache/logging/log4j/log4j-core/2.14.1/log4j-core-2.14.1.jar:/home/medievil/development/Dzmitry-Kalustau-EH/service-api/target/service-api-1.0-SNAPSHOT.jar:/home/medievil/development/Dzmitry-Kalustau-EH/test-db/target/test-db-1.0-SNAPSHOT.jar:/home/medievil/.m2/repository/org/springframework/spring-tx/5.3.4/spring-tx-5.3.4.jar:/home/medievil/.m2/repository/org/springframework/spring-beans/5.3.4/spring-beans-5.3.4.jar:/home/medievil/.m2/repository/org/springframework/spring-core/5.3.4/spring-core-5.3.4.jar:/home/medievil/.m2/repository/org/springframework/spring-jcl/5.3.4/spring-jcl-5.3.4.jar:/home/medievil/.m2/repository/org/springframework/spring-test/5.3.4/spring-test-5.3.4.jar:/home/medievil/.m2/repository/org/junit/jupiter/junit-jupiter-api/5.4.0/junit-jupiter-api-5.4.0.jar:/home/medievil/.m2/repository/org/apiguardian/apiguardian-api/1.0.0/apiguardian-api-1.0.0.jar:/home/medievil/.m2/repository/org/opentest4j/opentest4j/1.1.1/opentest4j-1.1.1.jar:/home/medievil/.m2/repository/org/junit/platform/junit-platform-commons/1.4.0/junit-platform-commons-1.4.0.jar:/home/medievil/.m2/repository/org/junit/jupiter/junit-jupiter-engine/5.4.0/junit-jupiter-engine-5.4.0.jar:/home/medievil/.m2/repository/org/junit/platform/junit-platform-engine/1.4.0/junit-platform-engine-1.4.0.jar:/home/medievil/.m2/repository/com/h2database/h2/1.4.200/h2-1.4.200.jar:"/>
    <property name="sun.cpu.endian" value="little"/>
    <property name="user.home" value="/home/medievil"/>
    <property name="user.language" value="ru"/>
    <property name="java.specification.vendor" value="Oracle Corporation"/>
    <property name="java.version.date" value="2021-04-20"/>
    <property name="java.home" value="/usr/lib/jvm/java-11-openjdk-amd64"/>
    <property name="file.separator" value="/"/>
    <property name="basedir" value="/home/medievil/development/Dzmitry-Kalustau-EH/service"/>
    <property name="java.vm.compressedOopsMode" value="Zero based"/>
    <property name="line.separator" value="&#10;"/>
    <property name="java.specification.name" value="Java Platform API Specification"/>
    <property name="java.vm.specification.vendor" value="Oracle Corporation"/>
    <property name="java.awt.graphicsenv" value="sun.awt.X11GraphicsEnvironment"/>
    <property name="surefire.real.class.path" value="/home/medievil/development/Dzmitry-Kalustau-EH/service/target/surefire/surefirebooter15785563150989957659.jar"/>
    <property name="sun.management.compiler" value="HotSpot 64-Bit Tiered Compilers"/>
    <property name="java.runtime.version" value="11.0.11+9-Ubuntu-0ubuntu2.20.04"/>
    <property name="user.name" value="medievil"/>
    <property name="path.separator" value=":"/>
    <property name="os.version" value="5.11.0-41-generic"/>
    <property name="java.runtime.name" value="OpenJDK Runtime Environment"/>
    <property name="file.encoding" value="UTF-8"/>
    <property name="java.vm.name" value="OpenJDK 64-Bit Server VM"/>
    <property name="localRepository" value="/home/medievil/.m2/repository"/>
    <property name="java.vendor.url.bug" value="https://bugs.launchpad.net/ubuntu/+source/openjdk-lts"/>
    <property name="java.io.tmpdir" value="/tmp"/>
    <property name="java.version" value="11.0.11"/>
    <property name="user.dir" value="/home/medievil/development/Dzmitry-Kalustau-EH/service"/>
    <property name="os.arch" value="amd64"/>
    <property name="java.vm.specification.name" value="Java Virtual Machine Specification"/>
    <property name="java.awt.printerjob" value="sun.print.PSPrinterJob"/>
    <property name="sun.os.patch.level" value="unknown"/>
    <property name="java.library.path" value="/usr/java/packages/lib:/usr/lib/x86_64-linux-gnu/jni:/lib/x86_64-linux-gnu:/usr/lib/x86_64-linux-gnu:/usr/lib/jni:/lib:/usr/lib"/>
    <property name="java.vm.info" value="mixed mode, sharing"/>
    <property name="java.vendor" value="Ubuntu"/>
    <property name="java.vm.version" value="11.0.11+9-Ubuntu-0ubuntu2.20.04"/>
    <property name="sun.io.unicode.encoding" value="UnicodeLittle"/>
    <property name="java.class.version" value="55.0"/>
  </properties>
  <testcase name="testFindAll" classname="com.epam.brest.service.impl.CategoryServiceImplIT" time="0.014">
    <system-out><![CDATA[15:20:53 DEBUG BootstrapUtils       Instantiating CacheAwareContextLoaderDelegate from class [org.springframework.test.context.cache.DefaultCacheAwareContextLoaderDelegate]
15:20:53 DEBUG BootstrapUtils       Instantiating BootstrapContext using constructor [public org.springframework.test.context.support.DefaultBootstrapContext(java.lang.Class,org.springframework.test.context.CacheAwareContextLoaderDelegate)]
15:20:53 DEBUG BootstrapUtils       Instantiating TestContextBootstrapper for test class [com.epam.brest.service.impl.CategoryServiceImplIT] from class [org.springframework.test.context.support.DefaultTestContextBootstrapper]
15:20:53 DEBUG ngSmartContextLoader Delegating to GenericXmlContextLoader to process context configuration [ContextConfigurationAttributes@2881ad47 declaringClass = 'com.epam.brest.service.impl.CategoryServiceImplIT', classes = '{}', locations = '{classpath*:test-db.xml, classpath*:service-context-test.xml}', inheritLocations = true, initializers = '{}', inheritInitializers = true, name = [null], contextLoaderClass = 'org.springframework.test.context.ContextLoader'].
15:20:53 DEBUG ActiveProfilesUtils  Could not find an 'annotation declaring class' for annotation type [org.springframework.test.context.ActiveProfiles] and class [com.epam.brest.service.impl.CategoryServiceImplIT]
15:20:53 DEBUG tContextBootstrapper @TestExecutionListeners is not present for class [com.epam.brest.service.impl.CategoryServiceImplIT]: using defaults.
15:20:53 INFO  tContextBootstrapper Loaded default TestExecutionListener class names from location [META-INF/spring.factories]: [org.springframework.test.context.web.ServletTestExecutionListener, org.springframework.test.context.support.DirtiesContextBeforeModesTestExecutionListener, org.springframework.test.context.event.ApplicationEventsTestExecutionListener, org.springframework.test.context.support.DependencyInjectionTestExecutionListener, org.springframework.test.context.support.DirtiesContextTestExecutionListener, org.springframework.test.context.transaction.TransactionalTestExecutionListener, org.springframework.test.context.jdbc.SqlScriptsTestExecutionListener, org.springframework.test.context.event.EventPublishingTestExecutionListener]
15:20:53 DEBUG tContextBootstrapper Skipping candidate TestExecutionListener [org.springframework.test.context.web.ServletTestExecutionListener] due to a missing dependency. Specify custom listener classes or make the default listener classes and their required dependencies available. Offending class: [javax/servlet/ServletContext]
15:20:53 INFO  tContextBootstrapper Using TestExecutionListeners: [org.springframework.test.context.support.DirtiesContextBeforeModesTestExecutionListener@2bef09c0, org.springframework.test.context.event.ApplicationEventsTestExecutionListener@62ce72ff, org.springframework.test.context.support.DependencyInjectionTestExecutionListener@58a63629, org.springframework.test.context.support.DirtiesContextTestExecutionListener@7de843ef, org.springframework.test.context.transaction.TransactionalTestExecutionListener@2e1af49b, org.springframework.test.context.jdbc.SqlScriptsTestExecutionListener@3fd2322d, org.springframework.test.context.event.EventPublishingTestExecutionListener@56ac5c80]
15:20:53 DEBUG estExecutionListener Before test class: context [DefaultTestContext@69e49a81 testClass = CategoryServiceImplIT, testInstance = [null], testMethod = [null], testException = [null], mergedContextConfiguration = [MergedContextConfiguration@1023150a testClass = CategoryServiceImplIT, locations = '{classpath*:test-db.xml, classpath*:service-context-test.xml}', classes = '{}', contextInitializerClasses = '[]', activeProfiles = '{}', propertySourceLocations = '{}', propertySourceProperties = '{}', contextCustomizers = set[[empty]], contextLoader = 'org.springframework.test.context.support.DelegatingSmartContextLoader', parent = [null]], attributes = map[[empty]]], class annotated with @DirtiesContext [false] with mode [null].
15:20:53 DEBUG ontextLoaderDelegate Retrieved ApplicationContext [1800649922] from cache with key [[MergedContextConfiguration@1023150a testClass = CategoryServiceImplIT, locations = '{classpath*:test-db.xml, classpath*:service-context-test.xml}', classes = '{}', contextInitializerClasses = '[]', activeProfiles = '{}', propertySourceLocations = '{}', propertySourceProperties = '{}', contextCustomizers = set[[empty]], contextLoader = 'org.springframework.test.context.support.DelegatingSmartContextLoader', parent = [null]]]
15:20:53 DEBUG DefaultContextCache  Spring test ApplicationContext cache statistics: [DefaultContextCache@12f8b1d8 size = 1, maxSize = 32, parentContextCount = 0, hitCount = 8, missCount = 1]
15:20:53 DEBUG estExecutionListener Performing dependency injection for test context [[DefaultTestContext@69e49a81 testClass = CategoryServiceImplIT, testInstance = com.epam.brest.service.impl.CategoryServiceImplIT@3ece1e79, testMethod = [null], testException = [null], mergedContextConfiguration = [MergedContextConfiguration@1023150a testClass = CategoryServiceImplIT, locations = '{classpath*:test-db.xml, classpath*:service-context-test.xml}', classes = '{}', contextInitializerClasses = '[]', activeProfiles = '{}', propertySourceLocations = '{}', propertySourceProperties = '{}', contextCustomizers = set[[empty]], contextLoader = 'org.springframework.test.context.support.DelegatingSmartContextLoader', parent = [null]], attributes = map['org.springframework.test.context.event.ApplicationEventsTestExecutionListener.recordApplicationEvents' -> false]]].
15:20:53 DEBUG ontextLoaderDelegate Retrieved ApplicationContext [1800649922] from cache with key [[MergedContextConfiguration@1023150a testClass = CategoryServiceImplIT, locations = '{classpath*:test-db.xml, classpath*:service-context-test.xml}', classes = '{}', contextInitializerClasses = '[]', activeProfiles = '{}', propertySourceLocations = '{}', propertySourceProperties = '{}', contextCustomizers = set[[empty]], contextLoader = 'org.springframework.test.context.support.DelegatingSmartContextLoader', parent = [null]]]
15:20:53 DEBUG DefaultContextCache  Spring test ApplicationContext cache statistics: [DefaultContextCache@12f8b1d8 size = 1, maxSize = 32, parentContextCount = 0, hitCount = 9, missCount = 1]
15:20:53 DEBUG ontextLoaderDelegate Retrieved ApplicationContext [1800649922] from cache with key [[MergedContextConfiguration@1023150a testClass = CategoryServiceImplIT, locations = '{classpath*:test-db.xml, classpath*:service-context-test.xml}', classes = '{}', contextInitializerClasses = '[]', activeProfiles = '{}', propertySourceLocations = '{}', propertySourceProperties = '{}', contextCustomizers = set[[empty]], contextLoader = 'org.springframework.test.context.support.DelegatingSmartContextLoader', parent = [null]]]
15:20:53 DEBUG DefaultContextCache  Spring test ApplicationContext cache statistics: [DefaultContextCache@12f8b1d8 size = 1, maxSize = 32, parentContextCount = 0, hitCount = 10, missCount = 1]
15:20:53 DEBUG estExecutionListener Before test method: context [DefaultTestContext@69e49a81 testClass = CategoryServiceImplIT, testInstance = com.epam.brest.service.impl.CategoryServiceImplIT@3ece1e79, testMethod = testFindAll@CategoryServiceImplIT, testException = [null], mergedContextConfiguration = [MergedContextConfiguration@1023150a testClass = CategoryServiceImplIT, locations = '{classpath*:test-db.xml, classpath*:service-context-test.xml}', classes = '{}', contextInitializerClasses = '[]', activeProfiles = '{}', propertySourceLocations = '{}', propertySourceProperties = '{}', contextCustomizers = set[[empty]], contextLoader = 'org.springframework.test.context.support.DelegatingSmartContextLoader', parent = [null]], attributes = map['org.springframework.test.context.event.ApplicationEventsTestExecutionListener.recordApplicationEvents' -> false]], class annotated with @DirtiesContext [false] with mode [null], method annotated with @DirtiesContext [false] with mode [null].
15:20:53 DEBUG estExecutionListener Explicit transaction definition [PROPAGATION_REQUIRED,ISOLATION_DEFAULT] found for test context [DefaultTestContext@69e49a81 testClass = CategoryServiceImplIT, testInstance = com.epam.brest.service.impl.CategoryServiceImplIT@3ece1e79, testMethod = testFindAll@CategoryServiceImplIT, testException = [null], mergedContextConfiguration = [MergedContextConfiguration@1023150a testClass = CategoryServiceImplIT, locations = '{classpath*:test-db.xml, classpath*:service-context-test.xml}', classes = '{}', contextInitializerClasses = '[]', activeProfiles = '{}', propertySourceLocations = '{}', propertySourceProperties = '{}', contextCustomizers = set[[empty]], contextLoader = 'org.springframework.test.context.support.DelegatingSmartContextLoader', parent = [null]], attributes = map['org.springframework.test.context.event.ApplicationEventsTestExecutionListener.recordApplicationEvents' -> false]]
15:20:53 DEBUG ontextLoaderDelegate Retrieved ApplicationContext [1800649922] from cache with key [[MergedContextConfiguration@1023150a testClass = CategoryServiceImplIT, locations = '{classpath*:test-db.xml, classpath*:service-context-test.xml}', classes = '{}', contextInitializerClasses = '[]', activeProfiles = '{}', propertySourceLocations = '{}', propertySourceProperties = '{}', contextCustomizers = set[[empty]], contextLoader = 'org.springframework.test.context.support.DelegatingSmartContextLoader', parent = [null]]]
15:20:53 DEBUG DefaultContextCache  Spring test ApplicationContext cache statistics: [DefaultContextCache@12f8b1d8 size = 1, maxSize = 32, parentContextCount = 0, hitCount = 11, missCount = 1]
15:20:53 DEBUG estExecutionListener No method-level @Rollback override: using default rollback [true] for test context [DefaultTestContext@69e49a81 testClass = CategoryServiceImplIT, testInstance = com.epam.brest.service.impl.CategoryServiceImplIT@3ece1e79, testMethod = testFindAll@CategoryServiceImplIT, testException = [null], mergedContextConfiguration = [MergedContextConfiguration@1023150a testClass = CategoryServiceImplIT, locations = '{classpath*:test-db.xml, classpath*:service-context-test.xml}', classes = '{}', contextInitializerClasses = '[]', activeProfiles = '{}', propertySourceLocations = '{}', propertySourceProperties = '{}', contextCustomizers = set[[empty]], contextLoader = 'org.springframework.test.context.support.DelegatingSmartContextLoader', parent = [null]], attributes = map['org.springframework.test.context.event.ApplicationEventsTestExecutionListener.recordApplicationEvents' -> false]].
15:20:53 DEBUG rmTransactionManager Creating new transaction with name [com.epam.brest.service.impl.CategoryServiceImplIT.testFindAll]: PROPAGATION_REQUIRED,ISOLATION_DEFAULT
15:20:53 DEBUG verManagerDataSource Creating new JDBC DriverManager Connection to [jdbc:h2:mem:test-db;MODE=MySQL;DB_CLOSE_DELAY=-1]
15:20:53 DEBUG ceTransactionManager Acquired Connection [conn2: url=jdbc:h2:mem:test-db user=SA] for JDBC transaction
15:20:53 DEBUG ceTransactionManager Switching JDBC Connection [conn2: url=jdbc:h2:mem:test-db user=SA] to manual commit
15:20:53 INFO  TransactionContext   Began transaction (1) for test context [DefaultTestContext@69e49a81 testClass = CategoryServiceImplIT, testInstance = com.epam.brest.service.impl.CategoryServiceImplIT@3ece1e79, testMethod = testFindAll@CategoryServiceImplIT, testException = [null], mergedContextConfiguration = [MergedContextConfiguration@1023150a testClass = CategoryServiceImplIT, locations = '{classpath*:test-db.xml, classpath*:service-context-test.xml}', classes = '{}', contextInitializerClasses = '[]', activeProfiles = '{}', propertySourceLocations = '{}', propertySourceProperties = '{}', contextCustomizers = set[[empty]], contextLoader = 'org.springframework.test.context.support.DelegatingSmartContextLoader', parent = [null]], attributes = map['org.springframework.test.context.event.ApplicationEventsTestExecutionListener.recordApplicationEvents' -> false]]; transaction manager [org.springframework.jdbc.datasource.DataSourceTransactionManager@2679311f]; rollback [true]
15:20:53 DEBUG ontextLoaderDelegate Retrieved ApplicationContext [1800649922] from cache with key [[MergedContextConfiguration@1023150a testClass = CategoryServiceImplIT, locations = '{classpath*:test-db.xml, classpath*:service-context-test.xml}', classes = '{}', contextInitializerClasses = '[]', activeProfiles = '{}', propertySourceLocations = '{}', propertySourceProperties = '{}', contextCustomizers = set[[empty]], contextLoader = 'org.springframework.test.context.support.DelegatingSmartContextLoader', parent = [null]]]
15:20:53 DEBUG DefaultContextCache  Spring test ApplicationContext cache statistics: [DefaultContextCache@12f8b1d8 size = 1, maxSize = 32, parentContextCount = 0, hitCount = 12, missCount = 1]
15:20:53 DEBUG ontextLoaderDelegate Retrieved ApplicationContext [1800649922] from cache with key [[MergedContextConfiguration@1023150a testClass = CategoryServiceImplIT, locations = '{classpath*:test-db.xml, classpath*:service-context-test.xml}', classes = '{}', contextInitializerClasses = '[]', activeProfiles = '{}', propertySourceLocations = '{}', propertySourceProperties = '{}', contextCustomizers = set[[empty]], contextLoader = 'org.springframework.test.context.support.DelegatingSmartContextLoader', parent = [null]]]
15:20:53 DEBUG DefaultContextCache  Spring test ApplicationContext cache statistics: [DefaultContextCache@12f8b1d8 size = 1, maxSize = 32, parentContextCount = 0, hitCount = 13, missCount = 1]
15:20:53 DEBUG ategoryServiceImplIT Execute IT test findAll()
15:20:53 DEBUG CategoryServiceImpl  find all categories
15:20:53 DEBUG CategoryDaoJDBCImpl  Start: findAllCategories()
15:20:53 DEBUG JdbcTemplate         Executing prepared SQL query
15:20:53 DEBUG JdbcTemplate         Executing prepared SQL statement [SELECT c.category_id, c.category_name FROM category c ORDER BY c.category_id]
15:20:53 DEBUG ontextLoaderDelegate Retrieved ApplicationContext [1800649922] from cache with key [[MergedContextConfiguration@1023150a testClass = CategoryServiceImplIT, locations = '{classpath*:test-db.xml, classpath*:service-context-test.xml}', classes = '{}', contextInitializerClasses = '[]', activeProfiles = '{}', propertySourceLocations = '{}', propertySourceProperties = '{}', contextCustomizers = set[[empty]], contextLoader = 'org.springframework.test.context.support.DelegatingSmartContextLoader', parent = [null]]]
15:20:53 DEBUG DefaultContextCache  Spring test ApplicationContext cache statistics: [DefaultContextCache@12f8b1d8 size = 1, maxSize = 32, parentContextCount = 0, hitCount = 14, missCount = 1]
15:20:53 DEBUG ontextLoaderDelegate Retrieved ApplicationContext [1800649922] from cache with key [[MergedContextConfiguration@1023150a testClass = CategoryServiceImplIT, locations = '{classpath*:test-db.xml, classpath*:service-context-test.xml}', classes = '{}', contextInitializerClasses = '[]', activeProfiles = '{}', propertySourceLocations = '{}', propertySourceProperties = '{}', contextCustomizers = set[[empty]], contextLoader = 'org.springframework.test.context.support.DelegatingSmartContextLoader', parent = [null]]]
15:20:53 DEBUG DefaultContextCache  Spring test ApplicationContext cache statistics: [DefaultContextCache@12f8b1d8 size = 1, maxSize = 32, parentContextCount = 0, hitCount = 15, missCount = 1]
15:20:53 DEBUG rmTransactionManager Initiating transaction rollback
15:20:53 DEBUG ceTransactionManager Rolling back JDBC transaction on Connection [conn2: url=jdbc:h2:mem:test-db user=SA]
15:20:53 DEBUG ceTransactionManager Releasing JDBC Connection [conn2: url=jdbc:h2:mem:test-db user=SA] after transaction
15:20:53 INFO  TransactionContext   Rolled back transaction for test: [DefaultTestContext@69e49a81 testClass = CategoryServiceImplIT, testInstance = com.epam.brest.service.impl.CategoryServiceImplIT@3ece1e79, testMethod = testFindAll@CategoryServiceImplIT, testException = [null], mergedContextConfiguration = [MergedContextConfiguration@1023150a testClass = CategoryServiceImplIT, locations = '{classpath*:test-db.xml, classpath*:service-context-test.xml}', classes = '{}', contextInitializerClasses = '[]', activeProfiles = '{}', propertySourceLocations = '{}', propertySourceProperties = '{}', contextCustomizers = set[[empty]], contextLoader = 'org.springframework.test.context.support.DelegatingSmartContextLoader', parent = [null]], attributes = map['org.springframework.test.context.event.ApplicationEventsTestExecutionListener.recordApplicationEvents' -> false]]
15:20:53 DEBUG estExecutionListener After test method: context [DefaultTestContext@69e49a81 testClass = CategoryServiceImplIT, testInstance = com.epam.brest.service.impl.CategoryServiceImplIT@3ece1e79, testMethod = testFindAll@CategoryServiceImplIT, testException = [null], mergedContextConfiguration = [MergedContextConfiguration@1023150a testClass = CategoryServiceImplIT, locations = '{classpath*:test-db.xml, classpath*:service-context-test.xml}', classes = '{}', contextInitializerClasses = '[]', activeProfiles = '{}', propertySourceLocations = '{}', propertySourceProperties = '{}', contextCustomizers = set[[empty]], contextLoader = 'org.springframework.test.context.support.DelegatingSmartContextLoader', parent = [null]], attributes = map['org.springframework.test.context.event.ApplicationEventsTestExecutionListener.recordApplicationEvents' -> false]], class annotated with @DirtiesContext [false] with mode [null], method annotated with @DirtiesContext [false] with mode [null].
]]></system-out>
  </testcase>
  <testcase name="testCount" classname="com.epam.brest.service.impl.CategoryServiceImplIT" time="0.013">
    <system-out><![CDATA[15:20:53 DEBUG estExecutionListener Performing dependency injection for test context [[DefaultTestContext@69e49a81 testClass = CategoryServiceImplIT, testInstance = com.epam.brest.service.impl.CategoryServiceImplIT@e3994ef, testMethod = [null], testException = [null], mergedContextConfiguration = [MergedContextConfiguration@1023150a testClass = CategoryServiceImplIT, locations = '{classpath*:test-db.xml, classpath*:service-context-test.xml}', classes = '{}', contextInitializerClasses = '[]', activeProfiles = '{}', propertySourceLocations = '{}', propertySourceProperties = '{}', contextCustomizers = set[[empty]], contextLoader = 'org.springframework.test.context.support.DelegatingSmartContextLoader', parent = [null]], attributes = map['org.springframework.test.context.event.ApplicationEventsTestExecutionListener.recordApplicationEvents' -> false]]].
15:20:53 DEBUG ontextLoaderDelegate Retrieved ApplicationContext [1800649922] from cache with key [[MergedContextConfiguration@1023150a testClass = CategoryServiceImplIT, locations = '{classpath*:test-db.xml, classpath*:service-context-test.xml}', classes = '{}', contextInitializerClasses = '[]', activeProfiles = '{}', propertySourceLocations = '{}', propertySourceProperties = '{}', contextCustomizers = set[[empty]], contextLoader = 'org.springframework.test.context.support.DelegatingSmartContextLoader', parent = [null]]]
15:20:53 DEBUG DefaultContextCache  Spring test ApplicationContext cache statistics: [DefaultContextCache@12f8b1d8 size = 1, maxSize = 32, parentContextCount = 0, hitCount = 16, missCount = 1]
15:20:53 DEBUG ontextLoaderDelegate Retrieved ApplicationContext [1800649922] from cache with key [[MergedContextConfiguration@1023150a testClass = CategoryServiceImplIT, locations = '{classpath*:test-db.xml, classpath*:service-context-test.xml}', classes = '{}', contextInitializerClasses = '[]', activeProfiles = '{}', propertySourceLocations = '{}', propertySourceProperties = '{}', contextCustomizers = set[[empty]], contextLoader = 'org.springframework.test.context.support.DelegatingSmartContextLoader', parent = [null]]]
15:20:53 DEBUG DefaultContextCache  Spring test ApplicationContext cache statistics: [DefaultContextCache@12f8b1d8 size = 1, maxSize = 32, parentContextCount = 0, hitCount = 17, missCount = 1]
15:20:53 DEBUG estExecutionListener Before test method: context [DefaultTestContext@69e49a81 testClass = CategoryServiceImplIT, testInstance = com.epam.brest.service.impl.CategoryServiceImplIT@e3994ef, testMethod = testCount@CategoryServiceImplIT, testException = [null], mergedContextConfiguration = [MergedContextConfiguration@1023150a testClass = CategoryServiceImplIT, locations = '{classpath*:test-db.xml, classpath*:service-context-test.xml}', classes = '{}', contextInitializerClasses = '[]', activeProfiles = '{}', propertySourceLocations = '{}', propertySourceProperties = '{}', contextCustomizers = set[[empty]], contextLoader = 'org.springframework.test.context.support.DelegatingSmartContextLoader', parent = [null]], attributes = map['org.springframework.test.context.event.ApplicationEventsTestExecutionListener.recordApplicationEvents' -> false]], class annotated with @DirtiesContext [false] with mode [null], method annotated with @DirtiesContext [false] with mode [null].
15:20:53 DEBUG estExecutionListener Explicit transaction definition [PROPAGATION_REQUIRED,ISOLATION_DEFAULT] found for test context [DefaultTestContext@69e49a81 testClass = CategoryServiceImplIT, testInstance = com.epam.brest.service.impl.CategoryServiceImplIT@e3994ef, testMethod = testCount@CategoryServiceImplIT, testException = [null], mergedContextConfiguration = [MergedContextConfiguration@1023150a testClass = CategoryServiceImplIT, locations = '{classpath*:test-db.xml, classpath*:service-context-test.xml}', classes = '{}', contextInitializerClasses = '[]', activeProfiles = '{}', propertySourceLocations = '{}', propertySourceProperties = '{}', contextCustomizers = set[[empty]], contextLoader = 'org.springframework.test.context.support.DelegatingSmartContextLoader', parent = [null]], attributes = map['org.springframework.test.context.event.ApplicationEventsTestExecutionListener.recordApplicationEvents' -> false]]
15:20:53 DEBUG ontextLoaderDelegate Retrieved ApplicationContext [1800649922] from cache with key [[MergedContextConfiguration@1023150a testClass = CategoryServiceImplIT, locations = '{classpath*:test-db.xml, classpath*:service-context-test.xml}', classes = '{}', contextInitializerClasses = '[]', activeProfiles = '{}', propertySourceLocations = '{}', propertySourceProperties = '{}', contextCustomizers = set[[empty]], contextLoader = 'org.springframework.test.context.support.DelegatingSmartContextLoader', parent = [null]]]
15:20:53 DEBUG DefaultContextCache  Spring test ApplicationContext cache statistics: [DefaultContextCache@12f8b1d8 size = 1, maxSize = 32, parentContextCount = 0, hitCount = 18, missCount = 1]
15:20:53 DEBUG estExecutionListener No method-level @Rollback override: using default rollback [true] for test context [DefaultTestContext@69e49a81 testClass = CategoryServiceImplIT, testInstance = com.epam.brest.service.impl.CategoryServiceImplIT@e3994ef, testMethod = testCount@CategoryServiceImplIT, testException = [null], mergedContextConfiguration = [MergedContextConfiguration@1023150a testClass = CategoryServiceImplIT, locations = '{classpath*:test-db.xml, classpath*:service-context-test.xml}', classes = '{}', contextInitializerClasses = '[]', activeProfiles = '{}', propertySourceLocations = '{}', propertySourceProperties = '{}', contextCustomizers = set[[empty]], contextLoader = 'org.springframework.test.context.support.DelegatingSmartContextLoader', parent = [null]], attributes = map['org.springframework.test.context.event.ApplicationEventsTestExecutionListener.recordApplicationEvents' -> false]].
15:20:53 DEBUG rmTransactionManager Creating new transaction with name [com.epam.brest.service.impl.CategoryServiceImplIT.testCount]: PROPAGATION_REQUIRED,ISOLATION_DEFAULT
15:20:53 DEBUG verManagerDataSource Creating new JDBC DriverManager Connection to [jdbc:h2:mem:test-db;MODE=MySQL;DB_CLOSE_DELAY=-1]
15:20:53 DEBUG ceTransactionManager Acquired Connection [conn3: url=jdbc:h2:mem:test-db user=SA] for JDBC transaction
15:20:53 DEBUG ceTransactionManager Switching JDBC Connection [conn3: url=jdbc:h2:mem:test-db user=SA] to manual commit
15:20:53 INFO  TransactionContext   Began transaction (1) for test context [DefaultTestContext@69e49a81 testClass = CategoryServiceImplIT, testInstance = com.epam.brest.service.impl.CategoryServiceImplIT@e3994ef, testMethod = testCount@CategoryServiceImplIT, testException = [null], mergedContextConfiguration = [MergedContextConfiguration@1023150a testClass = CategoryServiceImplIT, locations = '{classpath*:test-db.xml, classpath*:service-context-test.xml}', classes = '{}', contextInitializerClasses = '[]', activeProfiles = '{}', propertySourceLocations = '{}', propertySourceProperties = '{}', contextCustomizers = set[[empty]], contextLoader = 'org.springframework.test.context.support.DelegatingSmartContextLoader', parent = [null]], attributes = map['org.springframework.test.context.event.ApplicationEventsTestExecutionListener.recordApplicationEvents' -> false]]; transaction manager [org.springframework.jdbc.datasource.DataSourceTransactionManager@2679311f]; rollback [true]
15:20:53 DEBUG ontextLoaderDelegate Retrieved ApplicationContext [1800649922] from cache with key [[MergedContextConfiguration@1023150a testClass = CategoryServiceImplIT, locations = '{classpath*:test-db.xml, classpath*:service-context-test.xml}', classes = '{}', contextInitializerClasses = '[]', activeProfiles = '{}', propertySourceLocations = '{}', propertySourceProperties = '{}', contextCustomizers = set[[empty]], contextLoader = 'org.springframework.test.context.support.DelegatingSmartContextLoader', parent = [null]]]
15:20:53 DEBUG DefaultContextCache  Spring test ApplicationContext cache statistics: [DefaultContextCache@12f8b1d8 size = 1, maxSize = 32, parentContextCount = 0, hitCount = 19, missCount = 1]
15:20:53 DEBUG ontextLoaderDelegate Retrieved ApplicationContext [1800649922] from cache with key [[MergedContextConfiguration@1023150a testClass = CategoryServiceImplIT, locations = '{classpath*:test-db.xml, classpath*:service-context-test.xml}', classes = '{}', contextInitializerClasses = '[]', activeProfiles = '{}', propertySourceLocations = '{}', propertySourceProperties = '{}', contextCustomizers = set[[empty]], contextLoader = 'org.springframework.test.context.support.DelegatingSmartContextLoader', parent = [null]]]
15:20:53 DEBUG DefaultContextCache  Spring test ApplicationContext cache statistics: [DefaultContextCache@12f8b1d8 size = 1, maxSize = 32, parentContextCount = 0, hitCount = 20, missCount = 1]
15:20:53 DEBUG ategoryServiceImplIT Execute IT test count()
15:20:53 DEBUG CategoryServiceImpl  count()
15:20:53 DEBUG CategoryDaoJDBCImpl  count()
15:20:53 DEBUG JdbcTemplate         Executing prepared SQL query
15:20:53 DEBUG JdbcTemplate         Executing prepared SQL statement [SELECT count(*) FROM category]
15:20:53 DEBUG ontextLoaderDelegate Retrieved ApplicationContext [1800649922] from cache with key [[MergedContextConfiguration@1023150a testClass = CategoryServiceImplIT, locations = '{classpath*:test-db.xml, classpath*:service-context-test.xml}', classes = '{}', contextInitializerClasses = '[]', activeProfiles = '{}', propertySourceLocations = '{}', propertySourceProperties = '{}', contextCustomizers = set[[empty]], contextLoader = 'org.springframework.test.context.support.DelegatingSmartContextLoader', parent = [null]]]
15:20:53 DEBUG DefaultContextCache  Spring test ApplicationContext cache statistics: [DefaultContextCache@12f8b1d8 size = 1, maxSize = 32, parentContextCount = 0, hitCount = 21, missCount = 1]
15:20:53 DEBUG ontextLoaderDelegate Retrieved ApplicationContext [1800649922] from cache with key [[MergedContextConfiguration@1023150a testClass = CategoryServiceImplIT, locations = '{classpath*:test-db.xml, classpath*:service-context-test.xml}', classes = '{}', contextInitializerClasses = '[]', activeProfiles = '{}', propertySourceLocations = '{}', propertySourceProperties = '{}', contextCustomizers = set[[empty]], contextLoader = 'org.springframework.test.context.support.DelegatingSmartContextLoader', parent = [null]]]
15:20:53 DEBUG DefaultContextCache  Spring test ApplicationContext cache statistics: [DefaultContextCache@12f8b1d8 size = 1, maxSize = 32, parentContextCount = 0, hitCount = 22, missCount = 1]
15:20:53 DEBUG rmTransactionManager Initiating transaction rollback
15:20:53 DEBUG ceTransactionManager Rolling back JDBC transaction on Connection [conn3: url=jdbc:h2:mem:test-db user=SA]
15:20:53 DEBUG ceTransactionManager Releasing JDBC Connection [conn3: url=jdbc:h2:mem:test-db user=SA] after transaction
15:20:53 INFO  TransactionContext   Rolled back transaction for test: [DefaultTestContext@69e49a81 testClass = CategoryServiceImplIT, testInstance = com.epam.brest.service.impl.CategoryServiceImplIT@e3994ef, testMethod = testCount@CategoryServiceImplIT, testException = [null], mergedContextConfiguration = [MergedContextConfiguration@1023150a testClass = CategoryServiceImplIT, locations = '{classpath*:test-db.xml, classpath*:service-context-test.xml}', classes = '{}', contextInitializerClasses = '[]', activeProfiles = '{}', propertySourceLocations = '{}', propertySourceProperties = '{}', contextCustomizers = set[[empty]], contextLoader = 'org.springframework.test.context.support.DelegatingSmartContextLoader', parent = [null]], attributes = map['org.springframework.test.context.event.ApplicationEventsTestExecutionListener.recordApplicationEvents' -> false]]
15:20:53 DEBUG estExecutionListener After test method: context [DefaultTestContext@69e49a81 testClass = CategoryServiceImplIT, testInstance = com.epam.brest.service.impl.CategoryServiceImplIT@e3994ef, testMethod = testCount@CategoryServiceImplIT, testException = [null], mergedContextConfiguration = [MergedContextConfiguration@1023150a testClass = CategoryServiceImplIT, locations = '{classpath*:test-db.xml, classpath*:service-context-test.xml}', classes = '{}', contextInitializerClasses = '[]', activeProfiles = '{}', propertySourceLocations = '{}', propertySourceProperties = '{}', contextCustomizers = set[[empty]], contextLoader = 'org.springframework.test.context.support.DelegatingSmartContextLoader', parent = [null]], attributes = map['org.springframework.test.context.event.ApplicationEventsTestExecutionListener.recordApplicationEvents' -> false]], class annotated with @DirtiesContext [false] with mode [null], method annotated with @DirtiesContext [false] with mode [null].
]]></system-out>
  </testcase>
  <testcase name="testCreate" classname="com.epam.brest.service.impl.CategoryServiceImplIT" time="0.024">
    <system-out><![CDATA[15:20:53 DEBUG estExecutionListener Performing dependency injection for test context [[DefaultTestContext@69e49a81 testClass = CategoryServiceImplIT, testInstance = com.epam.brest.service.impl.CategoryServiceImplIT@1ffcf674, testMethod = [null], testException = [null], mergedContextConfiguration = [MergedContextConfiguration@1023150a testClass = CategoryServiceImplIT, locations = '{classpath*:test-db.xml, classpath*:service-context-test.xml}', classes = '{}', contextInitializerClasses = '[]', activeProfiles = '{}', propertySourceLocations = '{}', propertySourceProperties = '{}', contextCustomizers = set[[empty]], contextLoader = 'org.springframework.test.context.support.DelegatingSmartContextLoader', parent = [null]], attributes = map['org.springframework.test.context.event.ApplicationEventsTestExecutionListener.recordApplicationEvents' -> false]]].
15:20:53 DEBUG ontextLoaderDelegate Retrieved ApplicationContext [1800649922] from cache with key [[MergedContextConfiguration@1023150a testClass = CategoryServiceImplIT, locations = '{classpath*:test-db.xml, classpath*:service-context-test.xml}', classes = '{}', contextInitializerClasses = '[]', activeProfiles = '{}', propertySourceLocations = '{}', propertySourceProperties = '{}', contextCustomizers = set[[empty]], contextLoader = 'org.springframework.test.context.support.DelegatingSmartContextLoader', parent = [null]]]
15:20:53 DEBUG DefaultContextCache  Spring test ApplicationContext cache statistics: [DefaultContextCache@12f8b1d8 size = 1, maxSize = 32, parentContextCount = 0, hitCount = 23, missCount = 1]
15:20:53 DEBUG ontextLoaderDelegate Retrieved ApplicationContext [1800649922] from cache with key [[MergedContextConfiguration@1023150a testClass = CategoryServiceImplIT, locations = '{classpath*:test-db.xml, classpath*:service-context-test.xml}', classes = '{}', contextInitializerClasses = '[]', activeProfiles = '{}', propertySourceLocations = '{}', propertySourceProperties = '{}', contextCustomizers = set[[empty]], contextLoader = 'org.springframework.test.context.support.DelegatingSmartContextLoader', parent = [null]]]
15:20:53 DEBUG DefaultContextCache  Spring test ApplicationContext cache statistics: [DefaultContextCache@12f8b1d8 size = 1, maxSize = 32, parentContextCount = 0, hitCount = 24, missCount = 1]
15:20:53 DEBUG estExecutionListener Before test method: context [DefaultTestContext@69e49a81 testClass = CategoryServiceImplIT, testInstance = com.epam.brest.service.impl.CategoryServiceImplIT@1ffcf674, testMethod = testCreate@CategoryServiceImplIT, testException = [null], mergedContextConfiguration = [MergedContextConfiguration@1023150a testClass = CategoryServiceImplIT, locations = '{classpath*:test-db.xml, classpath*:service-context-test.xml}', classes = '{}', contextInitializerClasses = '[]', activeProfiles = '{}', propertySourceLocations = '{}', propertySourceProperties = '{}', contextCustomizers = set[[empty]], contextLoader = 'org.springframework.test.context.support.DelegatingSmartContextLoader', parent = [null]], attributes = map['org.springframework.test.context.event.ApplicationEventsTestExecutionListener.recordApplicationEvents' -> false]], class annotated with @DirtiesContext [false] with mode [null], method annotated with @DirtiesContext [false] with mode [null].
15:20:53 DEBUG estExecutionListener Explicit transaction definition [PROPAGATION_REQUIRED,ISOLATION_DEFAULT] found for test context [DefaultTestContext@69e49a81 testClass = CategoryServiceImplIT, testInstance = com.epam.brest.service.impl.CategoryServiceImplIT@1ffcf674, testMethod = testCreate@CategoryServiceImplIT, testException = [null], mergedContextConfiguration = [MergedContextConfiguration@1023150a testClass = CategoryServiceImplIT, locations = '{classpath*:test-db.xml, classpath*:service-context-test.xml}', classes = '{}', contextInitializerClasses = '[]', activeProfiles = '{}', propertySourceLocations = '{}', propertySourceProperties = '{}', contextCustomizers = set[[empty]], contextLoader = 'org.springframework.test.context.support.DelegatingSmartContextLoader', parent = [null]], attributes = map['org.springframework.test.context.event.ApplicationEventsTestExecutionListener.recordApplicationEvents' -> false]]
15:20:53 DEBUG ontextLoaderDelegate Retrieved ApplicationContext [1800649922] from cache with key [[MergedContextConfiguration@1023150a testClass = CategoryServiceImplIT, locations = '{classpath*:test-db.xml, classpath*:service-context-test.xml}', classes = '{}', contextInitializerClasses = '[]', activeProfiles = '{}', propertySourceLocations = '{}', propertySourceProperties = '{}', contextCustomizers = set[[empty]], contextLoader = 'org.springframework.test.context.support.DelegatingSmartContextLoader', parent = [null]]]
15:20:53 DEBUG DefaultContextCache  Spring test ApplicationContext cache statistics: [DefaultContextCache@12f8b1d8 size = 1, maxSize = 32, parentContextCount = 0, hitCount = 25, missCount = 1]
15:20:53 DEBUG estExecutionListener No method-level @Rollback override: using default rollback [true] for test context [DefaultTestContext@69e49a81 testClass = CategoryServiceImplIT, testInstance = com.epam.brest.service.impl.CategoryServiceImplIT@1ffcf674, testMethod = testCreate@CategoryServiceImplIT, testException = [null], mergedContextConfiguration = [MergedContextConfiguration@1023150a testClass = CategoryServiceImplIT, locations = '{classpath*:test-db.xml, classpath*:service-context-test.xml}', classes = '{}', contextInitializerClasses = '[]', activeProfiles = '{}', propertySourceLocations = '{}', propertySourceProperties = '{}', contextCustomizers = set[[empty]], contextLoader = 'org.springframework.test.context.support.DelegatingSmartContextLoader', parent = [null]], attributes = map['org.springframework.test.context.event.ApplicationEventsTestExecutionListener.recordApplicationEvents' -> false]].
15:20:53 DEBUG rmTransactionManager Creating new transaction with name [com.epam.brest.service.impl.CategoryServiceImplIT.testCreate]: PROPAGATION_REQUIRED,ISOLATION_DEFAULT
15:20:53 DEBUG verManagerDataSource Creating new JDBC DriverManager Connection to [jdbc:h2:mem:test-db;MODE=MySQL;DB_CLOSE_DELAY=-1]
15:20:53 DEBUG ceTransactionManager Acquired Connection [conn4: url=jdbc:h2:mem:test-db user=SA] for JDBC transaction
15:20:53 DEBUG ceTransactionManager Switching JDBC Connection [conn4: url=jdbc:h2:mem:test-db user=SA] to manual commit
15:20:53 INFO  TransactionContext   Began transaction (1) for test context [DefaultTestContext@69e49a81 testClass = CategoryServiceImplIT, testInstance = com.epam.brest.service.impl.CategoryServiceImplIT@1ffcf674, testMethod = testCreate@CategoryServiceImplIT, testException = [null], mergedContextConfiguration = [MergedContextConfiguration@1023150a testClass = CategoryServiceImplIT, locations = '{classpath*:test-db.xml, classpath*:service-context-test.xml}', classes = '{}', contextInitializerClasses = '[]', activeProfiles = '{}', propertySourceLocations = '{}', propertySourceProperties = '{}', contextCustomizers = set[[empty]], contextLoader = 'org.springframework.test.context.support.DelegatingSmartContextLoader', parent = [null]], attributes = map['org.springframework.test.context.event.ApplicationEventsTestExecutionListener.recordApplicationEvents' -> false]]; transaction manager [org.springframework.jdbc.datasource.DataSourceTransactionManager@2679311f]; rollback [true]
15:20:53 DEBUG ontextLoaderDelegate Retrieved ApplicationContext [1800649922] from cache with key [[MergedContextConfiguration@1023150a testClass = CategoryServiceImplIT, locations = '{classpath*:test-db.xml, classpath*:service-context-test.xml}', classes = '{}', contextInitializerClasses = '[]', activeProfiles = '{}', propertySourceLocations = '{}', propertySourceProperties = '{}', contextCustomizers = set[[empty]], contextLoader = 'org.springframework.test.context.support.DelegatingSmartContextLoader', parent = [null]]]
15:20:53 DEBUG DefaultContextCache  Spring test ApplicationContext cache statistics: [DefaultContextCache@12f8b1d8 size = 1, maxSize = 32, parentContextCount = 0, hitCount = 26, missCount = 1]
15:20:53 DEBUG ontextLoaderDelegate Retrieved ApplicationContext [1800649922] from cache with key [[MergedContextConfiguration@1023150a testClass = CategoryServiceImplIT, locations = '{classpath*:test-db.xml, classpath*:service-context-test.xml}', classes = '{}', contextInitializerClasses = '[]', activeProfiles = '{}', propertySourceLocations = '{}', propertySourceProperties = '{}', contextCustomizers = set[[empty]], contextLoader = 'org.springframework.test.context.support.DelegatingSmartContextLoader', parent = [null]]]
15:20:53 DEBUG DefaultContextCache  Spring test ApplicationContext cache statistics: [DefaultContextCache@12f8b1d8 size = 1, maxSize = 32, parentContextCount = 0, hitCount = 27, missCount = 1]
15:20:53 DEBUG ategoryServiceImplIT Execute IT test create()
15:20:53 DEBUG CategoryServiceImpl  count()
15:20:53 DEBUG CategoryDaoJDBCImpl  count()
15:20:53 DEBUG JdbcTemplate         Executing prepared SQL query
15:20:53 DEBUG JdbcTemplate         Executing prepared SQL statement [SELECT count(*) FROM category]
15:20:53 DEBUG CategoryServiceImpl  create(com.epam.brest.model.Category@12b5454f)
15:20:53 DEBUG CategoryDaoJDBCImpl  Start: create(com.epam.brest.model.Category@12b5454f)
15:20:53 DEBUG CategoryDaoJDBCImpl  Check categoryName : Tickets on unique
15:20:53 DEBUG JdbcTemplate         Executing prepared SQL query
15:20:53 DEBUG JdbcTemplate         Executing prepared SQL statement [SELECT count(c.category_name) FROM category c WHERE lower(c.category_name) = lower(?)]
15:20:53 DEBUG JdbcTemplate         Executing SQL update and returning generated keys
15:20:53 DEBUG JdbcTemplate         Executing prepared SQL statement [INSERT INTO category(category_name) VALUES (?)]
15:20:53 DEBUG CategoryServiceImpl  count()
15:20:53 DEBUG CategoryDaoJDBCImpl  count()
15:20:53 DEBUG JdbcTemplate         Executing prepared SQL query
15:20:53 DEBUG JdbcTemplate         Executing prepared SQL statement [SELECT count(*) FROM category]
15:20:53 DEBUG ontextLoaderDelegate Retrieved ApplicationContext [1800649922] from cache with key [[MergedContextConfiguration@1023150a testClass = CategoryServiceImplIT, locations = '{classpath*:test-db.xml, classpath*:service-context-test.xml}', classes = '{}', contextInitializerClasses = '[]', activeProfiles = '{}', propertySourceLocations = '{}', propertySourceProperties = '{}', contextCustomizers = set[[empty]], contextLoader = 'org.springframework.test.context.support.DelegatingSmartContextLoader', parent = [null]]]
15:20:53 DEBUG DefaultContextCache  Spring test ApplicationContext cache statistics: [DefaultContextCache@12f8b1d8 size = 1, maxSize = 32, parentContextCount = 0, hitCount = 28, missCount = 1]
15:20:53 DEBUG ontextLoaderDelegate Retrieved ApplicationContext [1800649922] from cache with key [[MergedContextConfiguration@1023150a testClass = CategoryServiceImplIT, locations = '{classpath*:test-db.xml, classpath*:service-context-test.xml}', classes = '{}', contextInitializerClasses = '[]', activeProfiles = '{}', propertySourceLocations = '{}', propertySourceProperties = '{}', contextCustomizers = set[[empty]], contextLoader = 'org.springframework.test.context.support.DelegatingSmartContextLoader', parent = [null]]]
15:20:53 DEBUG DefaultContextCache  Spring test ApplicationContext cache statistics: [DefaultContextCache@12f8b1d8 size = 1, maxSize = 32, parentContextCount = 0, hitCount = 29, missCount = 1]
15:20:53 DEBUG rmTransactionManager Initiating transaction rollback
15:20:53 DEBUG ceTransactionManager Rolling back JDBC transaction on Connection [conn4: url=jdbc:h2:mem:test-db user=SA]
15:20:53 DEBUG ceTransactionManager Releasing JDBC Connection [conn4: url=jdbc:h2:mem:test-db user=SA] after transaction
15:20:53 INFO  TransactionContext   Rolled back transaction for test: [DefaultTestContext@69e49a81 testClass = CategoryServiceImplIT, testInstance = com.epam.brest.service.impl.CategoryServiceImplIT@1ffcf674, testMethod = testCreate@CategoryServiceImplIT, testException = [null], mergedContextConfiguration = [MergedContextConfiguration@1023150a testClass = CategoryServiceImplIT, locations = '{classpath*:test-db.xml, classpath*:service-context-test.xml}', classes = '{}', contextInitializerClasses = '[]', activeProfiles = '{}', propertySourceLocations = '{}', propertySourceProperties = '{}', contextCustomizers = set[[empty]], contextLoader = 'org.springframework.test.context.support.DelegatingSmartContextLoader', parent = [null]], attributes = map['org.springframework.test.context.event.ApplicationEventsTestExecutionListener.recordApplicationEvents' -> false]]
15:20:53 DEBUG estExecutionListener After test method: context [DefaultTestContext@69e49a81 testClass = CategoryServiceImplIT, testInstance = com.epam.brest.service.impl.CategoryServiceImplIT@1ffcf674, testMethod = testCreate@CategoryServiceImplIT, testException = [null], mergedContextConfiguration = [MergedContextConfiguration@1023150a testClass = CategoryServiceImplIT, locations = '{classpath*:test-db.xml, classpath*:service-context-test.xml}', classes = '{}', contextInitializerClasses = '[]', activeProfiles = '{}', propertySourceLocations = '{}', propertySourceProperties = '{}', contextCustomizers = set[[empty]], contextLoader = 'org.springframework.test.context.support.DelegatingSmartContextLoader', parent = [null]], attributes = map['org.springframework.test.context.event.ApplicationEventsTestExecutionListener.recordApplicationEvents' -> false]], class annotated with @DirtiesContext [false] with mode [null], method annotated with @DirtiesContext [false] with mode [null].
]]></system-out>
  </testcase>
  <testcase name="testDelete" classname="com.epam.brest.service.impl.CategoryServiceImplIT" time="0.02">
    <system-out><![CDATA[15:20:53 DEBUG estExecutionListener Performing dependency injection for test context [[DefaultTestContext@69e49a81 testClass = CategoryServiceImplIT, testInstance = com.epam.brest.service.impl.CategoryServiceImplIT@116a2108, testMethod = [null], testException = [null], mergedContextConfiguration = [MergedContextConfiguration@1023150a testClass = CategoryServiceImplIT, locations = '{classpath*:test-db.xml, classpath*:service-context-test.xml}', classes = '{}', contextInitializerClasses = '[]', activeProfiles = '{}', propertySourceLocations = '{}', propertySourceProperties = '{}', contextCustomizers = set[[empty]], contextLoader = 'org.springframework.test.context.support.DelegatingSmartContextLoader', parent = [null]], attributes = map['org.springframework.test.context.event.ApplicationEventsTestExecutionListener.recordApplicationEvents' -> false]]].
15:20:53 DEBUG ontextLoaderDelegate Retrieved ApplicationContext [1800649922] from cache with key [[MergedContextConfiguration@1023150a testClass = CategoryServiceImplIT, locations = '{classpath*:test-db.xml, classpath*:service-context-test.xml}', classes = '{}', contextInitializerClasses = '[]', activeProfiles = '{}', propertySourceLocations = '{}', propertySourceProperties = '{}', contextCustomizers = set[[empty]], contextLoader = 'org.springframework.test.context.support.DelegatingSmartContextLoader', parent = [null]]]
15:20:53 DEBUG DefaultContextCache  Spring test ApplicationContext cache statistics: [DefaultContextCache@12f8b1d8 size = 1, maxSize = 32, parentContextCount = 0, hitCount = 30, missCount = 1]
15:20:53 DEBUG ontextLoaderDelegate Retrieved ApplicationContext [1800649922] from cache with key [[MergedContextConfiguration@1023150a testClass = CategoryServiceImplIT, locations = '{classpath*:test-db.xml, classpath*:service-context-test.xml}', classes = '{}', contextInitializerClasses = '[]', activeProfiles = '{}', propertySourceLocations = '{}', propertySourceProperties = '{}', contextCustomizers = set[[empty]], contextLoader = 'org.springframework.test.context.support.DelegatingSmartContextLoader', parent = [null]]]
15:20:53 DEBUG DefaultContextCache  Spring test ApplicationContext cache statistics: [DefaultContextCache@12f8b1d8 size = 1, maxSize = 32, parentContextCount = 0, hitCount = 31, missCount = 1]
15:20:53 DEBUG estExecutionListener Before test method: context [DefaultTestContext@69e49a81 testClass = CategoryServiceImplIT, testInstance = com.epam.brest.service.impl.CategoryServiceImplIT@116a2108, testMethod = testDelete@CategoryServiceImplIT, testException = [null], mergedContextConfiguration = [MergedContextConfiguration@1023150a testClass = CategoryServiceImplIT, locations = '{classpath*:test-db.xml, classpath*:service-context-test.xml}', classes = '{}', contextInitializerClasses = '[]', activeProfiles = '{}', propertySourceLocations = '{}', propertySourceProperties = '{}', contextCustomizers = set[[empty]], contextLoader = 'org.springframework.test.context.support.DelegatingSmartContextLoader', parent = [null]], attributes = map['org.springframework.test.context.event.ApplicationEventsTestExecutionListener.recordApplicationEvents' -> false]], class annotated with @DirtiesContext [false] with mode [null], method annotated with @DirtiesContext [false] with mode [null].
15:20:53 DEBUG estExecutionListener Explicit transaction definition [PROPAGATION_REQUIRED,ISOLATION_DEFAULT] found for test context [DefaultTestContext@69e49a81 testClass = CategoryServiceImplIT, testInstance = com.epam.brest.service.impl.CategoryServiceImplIT@116a2108, testMethod = testDelete@CategoryServiceImplIT, testException = [null], mergedContextConfiguration = [MergedContextConfiguration@1023150a testClass = CategoryServiceImplIT, locations = '{classpath*:test-db.xml, classpath*:service-context-test.xml}', classes = '{}', contextInitializerClasses = '[]', activeProfiles = '{}', propertySourceLocations = '{}', propertySourceProperties = '{}', contextCustomizers = set[[empty]], contextLoader = 'org.springframework.test.context.support.DelegatingSmartContextLoader', parent = [null]], attributes = map['org.springframework.test.context.event.ApplicationEventsTestExecutionListener.recordApplicationEvents' -> false]]
15:20:53 DEBUG ontextLoaderDelegate Retrieved ApplicationContext [1800649922] from cache with key [[MergedContextConfiguration@1023150a testClass = CategoryServiceImplIT, locations = '{classpath*:test-db.xml, classpath*:service-context-test.xml}', classes = '{}', contextInitializerClasses = '[]', activeProfiles = '{}', propertySourceLocations = '{}', propertySourceProperties = '{}', contextCustomizers = set[[empty]], contextLoader = 'org.springframework.test.context.support.DelegatingSmartContextLoader', parent = [null]]]
15:20:53 DEBUG DefaultContextCache  Spring test ApplicationContext cache statistics: [DefaultContextCache@12f8b1d8 size = 1, maxSize = 32, parentContextCount = 0, hitCount = 32, missCount = 1]
15:20:53 DEBUG estExecutionListener No method-level @Rollback override: using default rollback [true] for test context [DefaultTestContext@69e49a81 testClass = CategoryServiceImplIT, testInstance = com.epam.brest.service.impl.CategoryServiceImplIT@116a2108, testMethod = testDelete@CategoryServiceImplIT, testException = [null], mergedContextConfiguration = [MergedContextConfiguration@1023150a testClass = CategoryServiceImplIT, locations = '{classpath*:test-db.xml, classpath*:service-context-test.xml}', classes = '{}', contextInitializerClasses = '[]', activeProfiles = '{}', propertySourceLocations = '{}', propertySourceProperties = '{}', contextCustomizers = set[[empty]], contextLoader = 'org.springframework.test.context.support.DelegatingSmartContextLoader', parent = [null]], attributes = map['org.springframework.test.context.event.ApplicationEventsTestExecutionListener.recordApplicationEvents' -> false]].
15:20:53 DEBUG rmTransactionManager Creating new transaction with name [com.epam.brest.service.impl.CategoryServiceImplIT.testDelete]: PROPAGATION_REQUIRED,ISOLATION_DEFAULT
15:20:53 DEBUG verManagerDataSource Creating new JDBC DriverManager Connection to [jdbc:h2:mem:test-db;MODE=MySQL;DB_CLOSE_DELAY=-1]
15:20:53 DEBUG ceTransactionManager Acquired Connection [conn5: url=jdbc:h2:mem:test-db user=SA] for JDBC transaction
15:20:53 DEBUG ceTransactionManager Switching JDBC Connection [conn5: url=jdbc:h2:mem:test-db user=SA] to manual commit
15:20:53 INFO  TransactionContext   Began transaction (1) for test context [DefaultTestContext@69e49a81 testClass = CategoryServiceImplIT, testInstance = com.epam.brest.service.impl.CategoryServiceImplIT@116a2108, testMethod = testDelete@CategoryServiceImplIT, testException = [null], mergedContextConfiguration = [MergedContextConfiguration@1023150a testClass = CategoryServiceImplIT, locations = '{classpath*:test-db.xml, classpath*:service-context-test.xml}', classes = '{}', contextInitializerClasses = '[]', activeProfiles = '{}', propertySourceLocations = '{}', propertySourceProperties = '{}', contextCustomizers = set[[empty]], contextLoader = 'org.springframework.test.context.support.DelegatingSmartContextLoader', parent = [null]], attributes = map['org.springframework.test.context.event.ApplicationEventsTestExecutionListener.recordApplicationEvents' -> false]]; transaction manager [org.springframework.jdbc.datasource.DataSourceTransactionManager@2679311f]; rollback [true]
15:20:53 DEBUG ontextLoaderDelegate Retrieved ApplicationContext [1800649922] from cache with key [[MergedContextConfiguration@1023150a testClass = CategoryServiceImplIT, locations = '{classpath*:test-db.xml, classpath*:service-context-test.xml}', classes = '{}', contextInitializerClasses = '[]', activeProfiles = '{}', propertySourceLocations = '{}', propertySourceProperties = '{}', contextCustomizers = set[[empty]], contextLoader = 'org.springframework.test.context.support.DelegatingSmartContextLoader', parent = [null]]]
15:20:53 DEBUG DefaultContextCache  Spring test ApplicationContext cache statistics: [DefaultContextCache@12f8b1d8 size = 1, maxSize = 32, parentContextCount = 0, hitCount = 33, missCount = 1]
15:20:53 DEBUG ontextLoaderDelegate Retrieved ApplicationContext [1800649922] from cache with key [[MergedContextConfiguration@1023150a testClass = CategoryServiceImplIT, locations = '{classpath*:test-db.xml, classpath*:service-context-test.xml}', classes = '{}', contextInitializerClasses = '[]', activeProfiles = '{}', propertySourceLocations = '{}', propertySourceProperties = '{}', contextCustomizers = set[[empty]], contextLoader = 'org.springframework.test.context.support.DelegatingSmartContextLoader', parent = [null]]]
15:20:53 DEBUG DefaultContextCache  Spring test ApplicationContext cache statistics: [DefaultContextCache@12f8b1d8 size = 1, maxSize = 32, parentContextCount = 0, hitCount = 34, missCount = 1]
15:20:53 DEBUG ategoryServiceImplIT Execute IT test delete()
15:20:53 DEBUG CategoryServiceImpl  create(com.epam.brest.model.Category@7c1c5936)
15:20:53 DEBUG CategoryDaoJDBCImpl  Start: create(com.epam.brest.model.Category@7c1c5936)
15:20:53 DEBUG CategoryDaoJDBCImpl  Check categoryName : Test Category on unique
15:20:53 DEBUG JdbcTemplate         Executing prepared SQL query
15:20:53 DEBUG JdbcTemplate         Executing prepared SQL statement [SELECT count(c.category_name) FROM category c WHERE lower(c.category_name) = lower(?)]
15:20:53 DEBUG JdbcTemplate         Executing SQL update and returning generated keys
15:20:53 DEBUG JdbcTemplate         Executing prepared SQL statement [INSERT INTO category(category_name) VALUES (?)]
15:20:53 DEBUG CategoryServiceImpl  find all categories
15:20:53 DEBUG CategoryDaoJDBCImpl  Start: findAllCategories()
15:20:53 DEBUG JdbcTemplate         Executing prepared SQL query
15:20:53 DEBUG JdbcTemplate         Executing prepared SQL statement [SELECT c.category_id, c.category_name FROM category c ORDER BY c.category_id]
15:20:53 DEBUG CategoryServiceImpl  delete category by Id 8
15:20:53 DEBUG CategoryDaoJDBCImpl  Delete category on id 8
15:20:53 DEBUG JdbcTemplate         Executing prepared SQL update
15:20:53 DEBUG JdbcTemplate         Executing prepared SQL statement [DELETE FROM category WHERE category_id = ?]
15:20:53 DEBUG CategoryServiceImpl  find all categories
15:20:53 DEBUG CategoryDaoJDBCImpl  Start: findAllCategories()
15:20:53 DEBUG JdbcTemplate         Executing prepared SQL query
15:20:53 DEBUG JdbcTemplate         Executing prepared SQL statement [SELECT c.category_id, c.category_name FROM category c ORDER BY c.category_id]
15:20:53 DEBUG ontextLoaderDelegate Retrieved ApplicationContext [1800649922] from cache with key [[MergedContextConfiguration@1023150a testClass = CategoryServiceImplIT, locations = '{classpath*:test-db.xml, classpath*:service-context-test.xml}', classes = '{}', contextInitializerClasses = '[]', activeProfiles = '{}', propertySourceLocations = '{}', propertySourceProperties = '{}', contextCustomizers = set[[empty]], contextLoader = 'org.springframework.test.context.support.DelegatingSmartContextLoader', parent = [null]]]
15:20:53 DEBUG DefaultContextCache  Spring test ApplicationContext cache statistics: [DefaultContextCache@12f8b1d8 size = 1, maxSize = 32, parentContextCount = 0, hitCount = 35, missCount = 1]
15:20:53 DEBUG ontextLoaderDelegate Retrieved ApplicationContext [1800649922] from cache with key [[MergedContextConfiguration@1023150a testClass = CategoryServiceImplIT, locations = '{classpath*:test-db.xml, classpath*:service-context-test.xml}', classes = '{}', contextInitializerClasses = '[]', activeProfiles = '{}', propertySourceLocations = '{}', propertySourceProperties = '{}', contextCustomizers = set[[empty]], contextLoader = 'org.springframework.test.context.support.DelegatingSmartContextLoader', parent = [null]]]
15:20:53 DEBUG DefaultContextCache  Spring test ApplicationContext cache statistics: [DefaultContextCache@12f8b1d8 size = 1, maxSize = 32, parentContextCount = 0, hitCount = 36, missCount = 1]
15:20:53 DEBUG rmTransactionManager Initiating transaction rollback
15:20:53 DEBUG ceTransactionManager Rolling back JDBC transaction on Connection [conn5: url=jdbc:h2:mem:test-db user=SA]
15:20:53 DEBUG ceTransactionManager Releasing JDBC Connection [conn5: url=jdbc:h2:mem:test-db user=SA] after transaction
15:20:53 INFO  TransactionContext   Rolled back transaction for test: [DefaultTestContext@69e49a81 testClass = CategoryServiceImplIT, testInstance = com.epam.brest.service.impl.CategoryServiceImplIT@116a2108, testMethod = testDelete@CategoryServiceImplIT, testException = [null], mergedContextConfiguration = [MergedContextConfiguration@1023150a testClass = CategoryServiceImplIT, locations = '{classpath*:test-db.xml, classpath*:service-context-test.xml}', classes = '{}', contextInitializerClasses = '[]', activeProfiles = '{}', propertySourceLocations = '{}', propertySourceProperties = '{}', contextCustomizers = set[[empty]], contextLoader = 'org.springframework.test.context.support.DelegatingSmartContextLoader', parent = [null]], attributes = map['org.springframework.test.context.event.ApplicationEventsTestExecutionListener.recordApplicationEvents' -> false]]
15:20:53 DEBUG estExecutionListener After test method: context [DefaultTestContext@69e49a81 testClass = CategoryServiceImplIT, testInstance = com.epam.brest.service.impl.CategoryServiceImplIT@116a2108, testMethod = testDelete@CategoryServiceImplIT, testException = [null], mergedContextConfiguration = [MergedContextConfiguration@1023150a testClass = CategoryServiceImplIT, locations = '{classpath*:test-db.xml, classpath*:service-context-test.xml}', classes = '{}', contextInitializerClasses = '[]', activeProfiles = '{}', propertySourceLocations = '{}', propertySourceProperties = '{}', contextCustomizers = set[[empty]], contextLoader = 'org.springframework.test.context.support.DelegatingSmartContextLoader', parent = [null]], attributes = map['org.springframework.test.context.event.ApplicationEventsTestExecutionListener.recordApplicationEvents' -> false]], class annotated with @DirtiesContext [false] with mode [null], method annotated with @DirtiesContext [false] with mode [null].
]]></system-out>
  </testcase>
  <testcase name="testCreateEqualsCategory" classname="com.epam.brest.service.impl.CategoryServiceImplIT" time="0.016">
    <system-out><![CDATA[15:20:53 DEBUG estExecutionListener Performing dependency injection for test context [[DefaultTestContext@69e49a81 testClass = CategoryServiceImplIT, testInstance = com.epam.brest.service.impl.CategoryServiceImplIT@15d0849, testMethod = [null], testException = [null], mergedContextConfiguration = [MergedContextConfiguration@1023150a testClass = CategoryServiceImplIT, locations = '{classpath*:test-db.xml, classpath*:service-context-test.xml}', classes = '{}', contextInitializerClasses = '[]', activeProfiles = '{}', propertySourceLocations = '{}', propertySourceProperties = '{}', contextCustomizers = set[[empty]], contextLoader = 'org.springframework.test.context.support.DelegatingSmartContextLoader', parent = [null]], attributes = map['org.springframework.test.context.event.ApplicationEventsTestExecutionListener.recordApplicationEvents' -> false]]].
15:20:53 DEBUG ontextLoaderDelegate Retrieved ApplicationContext [1800649922] from cache with key [[MergedContextConfiguration@1023150a testClass = CategoryServiceImplIT, locations = '{classpath*:test-db.xml, classpath*:service-context-test.xml}', classes = '{}', contextInitializerClasses = '[]', activeProfiles = '{}', propertySourceLocations = '{}', propertySourceProperties = '{}', contextCustomizers = set[[empty]], contextLoader = 'org.springframework.test.context.support.DelegatingSmartContextLoader', parent = [null]]]
15:20:53 DEBUG DefaultContextCache  Spring test ApplicationContext cache statistics: [DefaultContextCache@12f8b1d8 size = 1, maxSize = 32, parentContextCount = 0, hitCount = 37, missCount = 1]
15:20:53 DEBUG ontextLoaderDelegate Retrieved ApplicationContext [1800649922] from cache with key [[MergedContextConfiguration@1023150a testClass = CategoryServiceImplIT, locations = '{classpath*:test-db.xml, classpath*:service-context-test.xml}', classes = '{}', contextInitializerClasses = '[]', activeProfiles = '{}', propertySourceLocations = '{}', propertySourceProperties = '{}', contextCustomizers = set[[empty]], contextLoader = 'org.springframework.test.context.support.DelegatingSmartContextLoader', parent = [null]]]
15:20:53 DEBUG DefaultContextCache  Spring test ApplicationContext cache statistics: [DefaultContextCache@12f8b1d8 size = 1, maxSize = 32, parentContextCount = 0, hitCount = 38, missCount = 1]
15:20:53 DEBUG estExecutionListener Before test method: context [DefaultTestContext@69e49a81 testClass = CategoryServiceImplIT, testInstance = com.epam.brest.service.impl.CategoryServiceImplIT@15d0849, testMethod = testCreateEqualsCategory@CategoryServiceImplIT, testException = [null], mergedContextConfiguration = [MergedContextConfiguration@1023150a testClass = CategoryServiceImplIT, locations = '{classpath*:test-db.xml, classpath*:service-context-test.xml}', classes = '{}', contextInitializerClasses = '[]', activeProfiles = '{}', propertySourceLocations = '{}', propertySourceProperties = '{}', contextCustomizers = set[[empty]], contextLoader = 'org.springframework.test.context.support.DelegatingSmartContextLoader', parent = [null]], attributes = map['org.springframework.test.context.event.ApplicationEventsTestExecutionListener.recordApplicationEvents' -> false]], class annotated with @DirtiesContext [false] with mode [null], method annotated with @DirtiesContext [false] with mode [null].
15:20:53 DEBUG estExecutionListener Explicit transaction definition [PROPAGATION_REQUIRED,ISOLATION_DEFAULT] found for test context [DefaultTestContext@69e49a81 testClass = CategoryServiceImplIT, testInstance = com.epam.brest.service.impl.CategoryServiceImplIT@15d0849, testMethod = testCreateEqualsCategory@CategoryServiceImplIT, testException = [null], mergedContextConfiguration = [MergedContextConfiguration@1023150a testClass = CategoryServiceImplIT, locations = '{classpath*:test-db.xml, classpath*:service-context-test.xml}', classes = '{}', contextInitializerClasses = '[]', activeProfiles = '{}', propertySourceLocations = '{}', propertySourceProperties = '{}', contextCustomizers = set[[empty]], contextLoader = 'org.springframework.test.context.support.DelegatingSmartContextLoader', parent = [null]], attributes = map['org.springframework.test.context.event.ApplicationEventsTestExecutionListener.recordApplicationEvents' -> false]]
15:20:53 DEBUG ontextLoaderDelegate Retrieved ApplicationContext [1800649922] from cache with key [[MergedContextConfiguration@1023150a testClass = CategoryServiceImplIT, locations = '{classpath*:test-db.xml, classpath*:service-context-test.xml}', classes = '{}', contextInitializerClasses = '[]', activeProfiles = '{}', propertySourceLocations = '{}', propertySourceProperties = '{}', contextCustomizers = set[[empty]], contextLoader = 'org.springframework.test.context.support.DelegatingSmartContextLoader', parent = [null]]]
15:20:53 DEBUG DefaultContextCache  Spring test ApplicationContext cache statistics: [DefaultContextCache@12f8b1d8 size = 1, maxSize = 32, parentContextCount = 0, hitCount = 39, missCount = 1]
15:20:53 DEBUG estExecutionListener No method-level @Rollback override: using default rollback [true] for test context [DefaultTestContext@69e49a81 testClass = CategoryServiceImplIT, testInstance = com.epam.brest.service.impl.CategoryServiceImplIT@15d0849, testMethod = testCreateEqualsCategory@CategoryServiceImplIT, testException = [null], mergedContextConfiguration = [MergedContextConfiguration@1023150a testClass = CategoryServiceImplIT, locations = '{classpath*:test-db.xml, classpath*:service-context-test.xml}', classes = '{}', contextInitializerClasses = '[]', activeProfiles = '{}', propertySourceLocations = '{}', propertySourceProperties = '{}', contextCustomizers = set[[empty]], contextLoader = 'org.springframework.test.context.support.DelegatingSmartContextLoader', parent = [null]], attributes = map['org.springframework.test.context.event.ApplicationEventsTestExecutionListener.recordApplicationEvents' -> false]].
15:20:53 DEBUG rmTransactionManager Creating new transaction with name [com.epam.brest.service.impl.CategoryServiceImplIT.testCreateEqualsCategory]: PROPAGATION_REQUIRED,ISOLATION_DEFAULT
15:20:53 DEBUG verManagerDataSource Creating new JDBC DriverManager Connection to [jdbc:h2:mem:test-db;MODE=MySQL;DB_CLOSE_DELAY=-1]
15:20:53 DEBUG ceTransactionManager Acquired Connection [conn6: url=jdbc:h2:mem:test-db user=SA] for JDBC transaction
15:20:53 DEBUG ceTransactionManager Switching JDBC Connection [conn6: url=jdbc:h2:mem:test-db user=SA] to manual commit
15:20:53 INFO  TransactionContext   Began transaction (1) for test context [DefaultTestContext@69e49a81 testClass = CategoryServiceImplIT, testInstance = com.epam.brest.service.impl.CategoryServiceImplIT@15d0849, testMethod = testCreateEqualsCategory@CategoryServiceImplIT, testException = [null], mergedContextConfiguration = [MergedContextConfiguration@1023150a testClass = CategoryServiceImplIT, locations = '{classpath*:test-db.xml, classpath*:service-context-test.xml}', classes = '{}', contextInitializerClasses = '[]', activeProfiles = '{}', propertySourceLocations = '{}', propertySourceProperties = '{}', contextCustomizers = set[[empty]], contextLoader = 'org.springframework.test.context.support.DelegatingSmartContextLoader', parent = [null]], attributes = map['org.springframework.test.context.event.ApplicationEventsTestExecutionListener.recordApplicationEvents' -> false]]; transaction manager [org.springframework.jdbc.datasource.DataSourceTransactionManager@2679311f]; rollback [true]
15:20:53 DEBUG ontextLoaderDelegate Retrieved ApplicationContext [1800649922] from cache with key [[MergedContextConfiguration@1023150a testClass = CategoryServiceImplIT, locations = '{classpath*:test-db.xml, classpath*:service-context-test.xml}', classes = '{}', contextInitializerClasses = '[]', activeProfiles = '{}', propertySourceLocations = '{}', propertySourceProperties = '{}', contextCustomizers = set[[empty]], contextLoader = 'org.springframework.test.context.support.DelegatingSmartContextLoader', parent = [null]]]
15:20:53 DEBUG DefaultContextCache  Spring test ApplicationContext cache statistics: [DefaultContextCache@12f8b1d8 size = 1, maxSize = 32, parentContextCount = 0, hitCount = 40, missCount = 1]
15:20:53 DEBUG ontextLoaderDelegate Retrieved ApplicationContext [1800649922] from cache with key [[MergedContextConfiguration@1023150a testClass = CategoryServiceImplIT, locations = '{classpath*:test-db.xml, classpath*:service-context-test.xml}', classes = '{}', contextInitializerClasses = '[]', activeProfiles = '{}', propertySourceLocations = '{}', propertySourceProperties = '{}', contextCustomizers = set[[empty]], contextLoader = 'org.springframework.test.context.support.DelegatingSmartContextLoader', parent = [null]]]
15:20:53 DEBUG DefaultContextCache  Spring test ApplicationContext cache statistics: [DefaultContextCache@12f8b1d8 size = 1, maxSize = 32, parentContextCount = 0, hitCount = 41, missCount = 1]
15:20:53 DEBUG ategoryServiceImplIT Execute IT test CreateEqualsCategory()
15:20:53 DEBUG CategoryServiceImpl  create(com.epam.brest.model.Category@7c6189d5)
15:20:53 DEBUG CategoryDaoJDBCImpl  Start: create(com.epam.brest.model.Category@7c6189d5)
15:20:53 DEBUG CategoryDaoJDBCImpl  Check categoryName : Restaurant on unique
15:20:53 DEBUG JdbcTemplate         Executing prepared SQL query
15:20:53 DEBUG JdbcTemplate         Executing prepared SQL statement [SELECT count(c.category_name) FROM category c WHERE lower(c.category_name) = lower(?)]
15:20:53 DEBUG JdbcTemplate         Executing SQL update and returning generated keys
15:20:53 DEBUG JdbcTemplate         Executing prepared SQL statement [INSERT INTO category(category_name) VALUES (?)]
15:20:53 DEBUG CategoryServiceImpl  create(com.epam.brest.model.Category@7c6189d5)
15:20:53 DEBUG CategoryDaoJDBCImpl  Start: create(com.epam.brest.model.Category@7c6189d5)
15:20:53 DEBUG CategoryDaoJDBCImpl  Check categoryName : Restaurant on unique
15:20:53 DEBUG JdbcTemplate         Executing prepared SQL query
15:20:53 DEBUG JdbcTemplate         Executing prepared SQL statement [SELECT count(c.category_name) FROM category c WHERE lower(c.category_name) = lower(?)]
15:20:53 WARN  CategoryDaoJDBCImpl  Category with the same name Restaurant already exists
15:20:53 DEBUG ontextLoaderDelegate Retrieved ApplicationContext [1800649922] from cache with key [[MergedContextConfiguration@1023150a testClass = CategoryServiceImplIT, locations = '{classpath*:test-db.xml, classpath*:service-context-test.xml}', classes = '{}', contextInitializerClasses = '[]', activeProfiles = '{}', propertySourceLocations = '{}', propertySourceProperties = '{}', contextCustomizers = set[[empty]], contextLoader = 'org.springframework.test.context.support.DelegatingSmartContextLoader', parent = [null]]]
15:20:53 DEBUG DefaultContextCache  Spring test ApplicationContext cache statistics: [DefaultContextCache@12f8b1d8 size = 1, maxSize = 32, parentContextCount = 0, hitCount = 42, missCount = 1]
15:20:53 DEBUG ontextLoaderDelegate Retrieved ApplicationContext [1800649922] from cache with key [[MergedContextConfiguration@1023150a testClass = CategoryServiceImplIT, locations = '{classpath*:test-db.xml, classpath*:service-context-test.xml}', classes = '{}', contextInitializerClasses = '[]', activeProfiles = '{}', propertySourceLocations = '{}', propertySourceProperties = '{}', contextCustomizers = set[[empty]], contextLoader = 'org.springframework.test.context.support.DelegatingSmartContextLoader', parent = [null]]]
15:20:53 DEBUG DefaultContextCache  Spring test ApplicationContext cache statistics: [DefaultContextCache@12f8b1d8 size = 1, maxSize = 32, parentContextCount = 0, hitCount = 43, missCount = 1]
15:20:53 DEBUG rmTransactionManager Initiating transaction rollback
15:20:53 DEBUG ceTransactionManager Rolling back JDBC transaction on Connection [conn6: url=jdbc:h2:mem:test-db user=SA]
15:20:53 DEBUG ceTransactionManager Releasing JDBC Connection [conn6: url=jdbc:h2:mem:test-db user=SA] after transaction
15:20:53 INFO  TransactionContext   Rolled back transaction for test: [DefaultTestContext@69e49a81 testClass = CategoryServiceImplIT, testInstance = com.epam.brest.service.impl.CategoryServiceImplIT@15d0849, testMethod = testCreateEqualsCategory@CategoryServiceImplIT, testException = [null], mergedContextConfiguration = [MergedContextConfiguration@1023150a testClass = CategoryServiceImplIT, locations = '{classpath*:test-db.xml, classpath*:service-context-test.xml}', classes = '{}', contextInitializerClasses = '[]', activeProfiles = '{}', propertySourceLocations = '{}', propertySourceProperties = '{}', contextCustomizers = set[[empty]], contextLoader = 'org.springframework.test.context.support.DelegatingSmartContextLoader', parent = [null]], attributes = map['org.springframework.test.context.event.ApplicationEventsTestExecutionListener.recordApplicationEvents' -> false]]
15:20:53 DEBUG estExecutionListener After test method: context [DefaultTestContext@69e49a81 testClass = CategoryServiceImplIT, testInstance = com.epam.brest.service.impl.CategoryServiceImplIT@15d0849, testMethod = testCreateEqualsCategory@CategoryServiceImplIT, testException = [null], mergedContextConfiguration = [MergedContextConfiguration@1023150a testClass = CategoryServiceImplIT, locations = '{classpath*:test-db.xml, classpath*:service-context-test.xml}', classes = '{}', contextInitializerClasses = '[]', activeProfiles = '{}', propertySourceLocations = '{}', propertySourceProperties = '{}', contextCustomizers = set[[empty]], contextLoader = 'org.springframework.test.context.support.DelegatingSmartContextLoader', parent = [null]], attributes = map['org.springframework.test.context.event.ApplicationEventsTestExecutionListener.recordApplicationEvents' -> false]], class annotated with @DirtiesContext [false] with mode [null], method annotated with @DirtiesContext [false] with mode [null].
]]></system-out>
  </testcase>
  <testcase name="testUpdate" classname="com.epam.brest.service.impl.CategoryServiceImplIT" time="0.017">
    <system-out><![CDATA[15:20:53 DEBUG estExecutionListener Performing dependency injection for test context [[DefaultTestContext@69e49a81 testClass = CategoryServiceImplIT, testInstance = com.epam.brest.service.impl.CategoryServiceImplIT@66ad7bf0, testMethod = [null], testException = [null], mergedContextConfiguration = [MergedContextConfiguration@1023150a testClass = CategoryServiceImplIT, locations = '{classpath*:test-db.xml, classpath*:service-context-test.xml}', classes = '{}', contextInitializerClasses = '[]', activeProfiles = '{}', propertySourceLocations = '{}', propertySourceProperties = '{}', contextCustomizers = set[[empty]], contextLoader = 'org.springframework.test.context.support.DelegatingSmartContextLoader', parent = [null]], attributes = map['org.springframework.test.context.event.ApplicationEventsTestExecutionListener.recordApplicationEvents' -> false]]].
15:20:53 DEBUG ontextLoaderDelegate Retrieved ApplicationContext [1800649922] from cache with key [[MergedContextConfiguration@1023150a testClass = CategoryServiceImplIT, locations = '{classpath*:test-db.xml, classpath*:service-context-test.xml}', classes = '{}', contextInitializerClasses = '[]', activeProfiles = '{}', propertySourceLocations = '{}', propertySourceProperties = '{}', contextCustomizers = set[[empty]], contextLoader = 'org.springframework.test.context.support.DelegatingSmartContextLoader', parent = [null]]]
15:20:53 DEBUG DefaultContextCache  Spring test ApplicationContext cache statistics: [DefaultContextCache@12f8b1d8 size = 1, maxSize = 32, parentContextCount = 0, hitCount = 44, missCount = 1]
15:20:53 DEBUG ontextLoaderDelegate Retrieved ApplicationContext [1800649922] from cache with key [[MergedContextConfiguration@1023150a testClass = CategoryServiceImplIT, locations = '{classpath*:test-db.xml, classpath*:service-context-test.xml}', classes = '{}', contextInitializerClasses = '[]', activeProfiles = '{}', propertySourceLocations = '{}', propertySourceProperties = '{}', contextCustomizers = set[[empty]], contextLoader = 'org.springframework.test.context.support.DelegatingSmartContextLoader', parent = [null]]]
15:20:53 DEBUG DefaultContextCache  Spring test ApplicationContext cache statistics: [DefaultContextCache@12f8b1d8 size = 1, maxSize = 32, parentContextCount = 0, hitCount = 45, missCount = 1]
15:20:53 DEBUG estExecutionListener Before test method: context [DefaultTestContext@69e49a81 testClass = CategoryServiceImplIT, testInstance = com.epam.brest.service.impl.CategoryServiceImplIT@66ad7bf0, testMethod = testUpdate@CategoryServiceImplIT, testException = [null], mergedContextConfiguration = [MergedContextConfiguration@1023150a testClass = CategoryServiceImplIT, locations = '{classpath*:test-db.xml, classpath*:service-context-test.xml}', classes = '{}', contextInitializerClasses = '[]', activeProfiles = '{}', propertySourceLocations = '{}', propertySourceProperties = '{}', contextCustomizers = set[[empty]], contextLoader = 'org.springframework.test.context.support.DelegatingSmartContextLoader', parent = [null]], attributes = map['org.springframework.test.context.event.ApplicationEventsTestExecutionListener.recordApplicationEvents' -> false]], class annotated with @DirtiesContext [false] with mode [null], method annotated with @DirtiesContext [false] with mode [null].
15:20:53 DEBUG estExecutionListener Explicit transaction definition [PROPAGATION_REQUIRED,ISOLATION_DEFAULT] found for test context [DefaultTestContext@69e49a81 testClass = CategoryServiceImplIT, testInstance = com.epam.brest.service.impl.CategoryServiceImplIT@66ad7bf0, testMethod = testUpdate@CategoryServiceImplIT, testException = [null], mergedContextConfiguration = [MergedContextConfiguration@1023150a testClass = CategoryServiceImplIT, locations = '{classpath*:test-db.xml, classpath*:service-context-test.xml}', classes = '{}', contextInitializerClasses = '[]', activeProfiles = '{}', propertySourceLocations = '{}', propertySourceProperties = '{}', contextCustomizers = set[[empty]], contextLoader = 'org.springframework.test.context.support.DelegatingSmartContextLoader', parent = [null]], attributes = map['org.springframework.test.context.event.ApplicationEventsTestExecutionListener.recordApplicationEvents' -> false]]
15:20:53 DEBUG ontextLoaderDelegate Retrieved ApplicationContext [1800649922] from cache with key [[MergedContextConfiguration@1023150a testClass = CategoryServiceImplIT, locations = '{classpath*:test-db.xml, classpath*:service-context-test.xml}', classes = '{}', contextInitializerClasses = '[]', activeProfiles = '{}', propertySourceLocations = '{}', propertySourceProperties = '{}', contextCustomizers = set[[empty]], contextLoader = 'org.springframework.test.context.support.DelegatingSmartContextLoader', parent = [null]]]
15:20:53 DEBUG DefaultContextCache  Spring test ApplicationContext cache statistics: [DefaultContextCache@12f8b1d8 size = 1, maxSize = 32, parentContextCount = 0, hitCount = 46, missCount = 1]
15:20:53 DEBUG estExecutionListener No method-level @Rollback override: using default rollback [true] for test context [DefaultTestContext@69e49a81 testClass = CategoryServiceImplIT, testInstance = com.epam.brest.service.impl.CategoryServiceImplIT@66ad7bf0, testMethod = testUpdate@CategoryServiceImplIT, testException = [null], mergedContextConfiguration = [MergedContextConfiguration@1023150a testClass = CategoryServiceImplIT, locations = '{classpath*:test-db.xml, classpath*:service-context-test.xml}', classes = '{}', contextInitializerClasses = '[]', activeProfiles = '{}', propertySourceLocations = '{}', propertySourceProperties = '{}', contextCustomizers = set[[empty]], contextLoader = 'org.springframework.test.context.support.DelegatingSmartContextLoader', parent = [null]], attributes = map['org.springframework.test.context.event.ApplicationEventsTestExecutionListener.recordApplicationEvents' -> false]].
15:20:53 DEBUG rmTransactionManager Creating new transaction with name [com.epam.brest.service.impl.CategoryServiceImplIT.testUpdate]: PROPAGATION_REQUIRED,ISOLATION_DEFAULT
15:20:53 DEBUG verManagerDataSource Creating new JDBC DriverManager Connection to [jdbc:h2:mem:test-db;MODE=MySQL;DB_CLOSE_DELAY=-1]
15:20:53 DEBUG ceTransactionManager Acquired Connection [conn7: url=jdbc:h2:mem:test-db user=SA] for JDBC transaction
15:20:53 DEBUG ceTransactionManager Switching JDBC Connection [conn7: url=jdbc:h2:mem:test-db user=SA] to manual commit
15:20:53 INFO  TransactionContext   Began transaction (1) for test context [DefaultTestContext@69e49a81 testClass = CategoryServiceImplIT, testInstance = com.epam.brest.service.impl.CategoryServiceImplIT@66ad7bf0, testMethod = testUpdate@CategoryServiceImplIT, testException = [null], mergedContextConfiguration = [MergedContextConfiguration@1023150a testClass = CategoryServiceImplIT, locations = '{classpath*:test-db.xml, classpath*:service-context-test.xml}', classes = '{}', contextInitializerClasses = '[]', activeProfiles = '{}', propertySourceLocations = '{}', propertySourceProperties = '{}', contextCustomizers = set[[empty]], contextLoader = 'org.springframework.test.context.support.DelegatingSmartContextLoader', parent = [null]], attributes = map['org.springframework.test.context.event.ApplicationEventsTestExecutionListener.recordApplicationEvents' -> false]]; transaction manager [org.springframework.jdbc.datasource.DataSourceTransactionManager@2679311f]; rollback [true]
15:20:53 DEBUG ontextLoaderDelegate Retrieved ApplicationContext [1800649922] from cache with key [[MergedContextConfiguration@1023150a testClass = CategoryServiceImplIT, locations = '{classpath*:test-db.xml, classpath*:service-context-test.xml}', classes = '{}', contextInitializerClasses = '[]', activeProfiles = '{}', propertySourceLocations = '{}', propertySourceProperties = '{}', contextCustomizers = set[[empty]], contextLoader = 'org.springframework.test.context.support.DelegatingSmartContextLoader', parent = [null]]]
15:20:53 DEBUG DefaultContextCache  Spring test ApplicationContext cache statistics: [DefaultContextCache@12f8b1d8 size = 1, maxSize = 32, parentContextCount = 0, hitCount = 47, missCount = 1]
15:20:53 DEBUG ontextLoaderDelegate Retrieved ApplicationContext [1800649922] from cache with key [[MergedContextConfiguration@1023150a testClass = CategoryServiceImplIT, locations = '{classpath*:test-db.xml, classpath*:service-context-test.xml}', classes = '{}', contextInitializerClasses = '[]', activeProfiles = '{}', propertySourceLocations = '{}', propertySourceProperties = '{}', contextCustomizers = set[[empty]], contextLoader = 'org.springframework.test.context.support.DelegatingSmartContextLoader', parent = [null]]]
15:20:53 DEBUG DefaultContextCache  Spring test ApplicationContext cache statistics: [DefaultContextCache@12f8b1d8 size = 1, maxSize = 32, parentContextCount = 0, hitCount = 48, missCount = 1]
15:20:53 DEBUG ategoryServiceImplIT Execute IT test update()
15:20:53 DEBUG CategoryServiceImpl  find all categories
15:20:53 DEBUG CategoryDaoJDBCImpl  Start: findAllCategories()
15:20:53 DEBUG JdbcTemplate         Executing prepared SQL query
15:20:53 DEBUG JdbcTemplate         Executing prepared SQL statement [SELECT c.category_id, c.category_name FROM category c ORDER BY c.category_id]
15:20:53 DEBUG CategoryServiceImpl  update category com.epam.brest.model.Category@9a6fbc0
15:20:53 DEBUG CategoryDaoJDBCImpl  Update category com.epam.brest.model.Category@9a6fbc0
15:20:53 DEBUG JdbcTemplate         Executing prepared SQL update
15:20:53 DEBUG JdbcTemplate         Executing prepared SQL statement [UPDATE category SET category_name = ? WHERE category_id = ?]
15:20:53 DEBUG CategoryServiceImpl  get Category By Id 1
15:20:53 DEBUG CategoryDaoJDBCImpl  Get category by id = 1
15:20:53 DEBUG JdbcTemplate         Executing prepared SQL query
15:20:53 DEBUG JdbcTemplate         Executing prepared SQL statement [SELECT c.category_id, c.category_name FROM category c WHERE c.category_id = ?]
15:20:53 DEBUG ontextLoaderDelegate Retrieved ApplicationContext [1800649922] from cache with key [[MergedContextConfiguration@1023150a testClass = CategoryServiceImplIT, locations = '{classpath*:test-db.xml, classpath*:service-context-test.xml}', classes = '{}', contextInitializerClasses = '[]', activeProfiles = '{}', propertySourceLocations = '{}', propertySourceProperties = '{}', contextCustomizers = set[[empty]], contextLoader = 'org.springframework.test.context.support.DelegatingSmartContextLoader', parent = [null]]]
15:20:53 DEBUG DefaultContextCache  Spring test ApplicationContext cache statistics: [DefaultContextCache@12f8b1d8 size = 1, maxSize = 32, parentContextCount = 0, hitCount = 49, missCount = 1]
15:20:53 DEBUG ontextLoaderDelegate Retrieved ApplicationContext [1800649922] from cache with key [[MergedContextConfiguration@1023150a testClass = CategoryServiceImplIT, locations = '{classpath*:test-db.xml, classpath*:service-context-test.xml}', classes = '{}', contextInitializerClasses = '[]', activeProfiles = '{}', propertySourceLocations = '{}', propertySourceProperties = '{}', contextCustomizers = set[[empty]], contextLoader = 'org.springframework.test.context.support.DelegatingSmartContextLoader', parent = [null]]]
15:20:53 DEBUG DefaultContextCache  Spring test ApplicationContext cache statistics: [DefaultContextCache@12f8b1d8 size = 1, maxSize = 32, parentContextCount = 0, hitCount = 50, missCount = 1]
15:20:53 DEBUG rmTransactionManager Initiating transaction rollback
15:20:53 DEBUG ceTransactionManager Rolling back JDBC transaction on Connection [conn7: url=jdbc:h2:mem:test-db user=SA]
15:20:53 DEBUG ceTransactionManager Releasing JDBC Connection [conn7: url=jdbc:h2:mem:test-db user=SA] after transaction
15:20:53 INFO  TransactionContext   Rolled back transaction for test: [DefaultTestContext@69e49a81 testClass = CategoryServiceImplIT, testInstance = com.epam.brest.service.impl.CategoryServiceImplIT@66ad7bf0, testMethod = testUpdate@CategoryServiceImplIT, testException = [null], mergedContextConfiguration = [MergedContextConfiguration@1023150a testClass = CategoryServiceImplIT, locations = '{classpath*:test-db.xml, classpath*:service-context-test.xml}', classes = '{}', contextInitializerClasses = '[]', activeProfiles = '{}', propertySourceLocations = '{}', propertySourceProperties = '{}', contextCustomizers = set[[empty]], contextLoader = 'org.springframework.test.context.support.DelegatingSmartContextLoader', parent = [null]], attributes = map['org.springframework.test.context.event.ApplicationEventsTestExecutionListener.recordApplicationEvents' -> false]]
15:20:53 DEBUG estExecutionListener After test method: context [DefaultTestContext@69e49a81 testClass = CategoryServiceImplIT, testInstance = com.epam.brest.service.impl.CategoryServiceImplIT@66ad7bf0, testMethod = testUpdate@CategoryServiceImplIT, testException = [null], mergedContextConfiguration = [MergedContextConfiguration@1023150a testClass = CategoryServiceImplIT, locations = '{classpath*:test-db.xml, classpath*:service-context-test.xml}', classes = '{}', contextInitializerClasses = '[]', activeProfiles = '{}', propertySourceLocations = '{}', propertySourceProperties = '{}', contextCustomizers = set[[empty]], contextLoader = 'org.springframework.test.context.support.DelegatingSmartContextLoader', parent = [null]], attributes = map['org.springframework.test.context.event.ApplicationEventsTestExecutionListener.recordApplicationEvents' -> false]], class annotated with @DirtiesContext [false] with mode [null], method annotated with @DirtiesContext [false] with mode [null].
]]></system-out>
  </testcase>
  <testcase name="testGetCategoryByID" classname="com.epam.brest.service.impl.CategoryServiceImplIT" time="0.009">
    <system-out><![CDATA[15:20:53 DEBUG estExecutionListener Performing dependency injection for test context [[DefaultTestContext@69e49a81 testClass = CategoryServiceImplIT, testInstance = com.epam.brest.service.impl.CategoryServiceImplIT@7a93b263, testMethod = [null], testException = [null], mergedContextConfiguration = [MergedContextConfiguration@1023150a testClass = CategoryServiceImplIT, locations = '{classpath*:test-db.xml, classpath*:service-context-test.xml}', classes = '{}', contextInitializerClasses = '[]', activeProfiles = '{}', propertySourceLocations = '{}', propertySourceProperties = '{}', contextCustomizers = set[[empty]], contextLoader = 'org.springframework.test.context.support.DelegatingSmartContextLoader', parent = [null]], attributes = map['org.springframework.test.context.event.ApplicationEventsTestExecutionListener.recordApplicationEvents' -> false]]].
15:20:53 DEBUG ontextLoaderDelegate Retrieved ApplicationContext [1800649922] from cache with key [[MergedContextConfiguration@1023150a testClass = CategoryServiceImplIT, locations = '{classpath*:test-db.xml, classpath*:service-context-test.xml}', classes = '{}', contextInitializerClasses = '[]', activeProfiles = '{}', propertySourceLocations = '{}', propertySourceProperties = '{}', contextCustomizers = set[[empty]], contextLoader = 'org.springframework.test.context.support.DelegatingSmartContextLoader', parent = [null]]]
15:20:53 DEBUG DefaultContextCache  Spring test ApplicationContext cache statistics: [DefaultContextCache@12f8b1d8 size = 1, maxSize = 32, parentContextCount = 0, hitCount = 51, missCount = 1]
15:20:53 DEBUG ontextLoaderDelegate Retrieved ApplicationContext [1800649922] from cache with key [[MergedContextConfiguration@1023150a testClass = CategoryServiceImplIT, locations = '{classpath*:test-db.xml, classpath*:service-context-test.xml}', classes = '{}', contextInitializerClasses = '[]', activeProfiles = '{}', propertySourceLocations = '{}', propertySourceProperties = '{}', contextCustomizers = set[[empty]], contextLoader = 'org.springframework.test.context.support.DelegatingSmartContextLoader', parent = [null]]]
15:20:53 DEBUG DefaultContextCache  Spring test ApplicationContext cache statistics: [DefaultContextCache@12f8b1d8 size = 1, maxSize = 32, parentContextCount = 0, hitCount = 52, missCount = 1]
15:20:53 DEBUG estExecutionListener Before test method: context [DefaultTestContext@69e49a81 testClass = CategoryServiceImplIT, testInstance = com.epam.brest.service.impl.CategoryServiceImplIT@7a93b263, testMethod = testGetCategoryByID@CategoryServiceImplIT, testException = [null], mergedContextConfiguration = [MergedContextConfiguration@1023150a testClass = CategoryServiceImplIT, locations = '{classpath*:test-db.xml, classpath*:service-context-test.xml}', classes = '{}', contextInitializerClasses = '[]', activeProfiles = '{}', propertySourceLocations = '{}', propertySourceProperties = '{}', contextCustomizers = set[[empty]], contextLoader = 'org.springframework.test.context.support.DelegatingSmartContextLoader', parent = [null]], attributes = map['org.springframework.test.context.event.ApplicationEventsTestExecutionListener.recordApplicationEvents' -> false]], class annotated with @DirtiesContext [false] with mode [null], method annotated with @DirtiesContext [false] with mode [null].
15:20:53 DEBUG estExecutionListener Explicit transaction definition [PROPAGATION_REQUIRED,ISOLATION_DEFAULT] found for test context [DefaultTestContext@69e49a81 testClass = CategoryServiceImplIT, testInstance = com.epam.brest.service.impl.CategoryServiceImplIT@7a93b263, testMethod = testGetCategoryByID@CategoryServiceImplIT, testException = [null], mergedContextConfiguration = [MergedContextConfiguration@1023150a testClass = CategoryServiceImplIT, locations = '{classpath*:test-db.xml, classpath*:service-context-test.xml}', classes = '{}', contextInitializerClasses = '[]', activeProfiles = '{}', propertySourceLocations = '{}', propertySourceProperties = '{}', contextCustomizers = set[[empty]], contextLoader = 'org.springframework.test.context.support.DelegatingSmartContextLoader', parent = [null]], attributes = map['org.springframework.test.context.event.ApplicationEventsTestExecutionListener.recordApplicationEvents' -> false]]
15:20:53 DEBUG ontextLoaderDelegate Retrieved ApplicationContext [1800649922] from cache with key [[MergedContextConfiguration@1023150a testClass = CategoryServiceImplIT, locations = '{classpath*:test-db.xml, classpath*:service-context-test.xml}', classes = '{}', contextInitializerClasses = '[]', activeProfiles = '{}', propertySourceLocations = '{}', propertySourceProperties = '{}', contextCustomizers = set[[empty]], contextLoader = 'org.springframework.test.context.support.DelegatingSmartContextLoader', parent = [null]]]
15:20:53 DEBUG DefaultContextCache  Spring test ApplicationContext cache statistics: [DefaultContextCache@12f8b1d8 size = 1, maxSize = 32, parentContextCount = 0, hitCount = 53, missCount = 1]
15:20:53 DEBUG estExecutionListener No method-level @Rollback override: using default rollback [true] for test context [DefaultTestContext@69e49a81 testClass = CategoryServiceImplIT, testInstance = com.epam.brest.service.impl.CategoryServiceImplIT@7a93b263, testMethod = testGetCategoryByID@CategoryServiceImplIT, testException = [null], mergedContextConfiguration = [MergedContextConfiguration@1023150a testClass = CategoryServiceImplIT, locations = '{classpath*:test-db.xml, classpath*:service-context-test.xml}', classes = '{}', contextInitializerClasses = '[]', activeProfiles = '{}', propertySourceLocations = '{}', propertySourceProperties = '{}', contextCustomizers = set[[empty]], contextLoader = 'org.springframework.test.context.support.DelegatingSmartContextLoader', parent = [null]], attributes = map['org.springframework.test.context.event.ApplicationEventsTestExecutionListener.recordApplicationEvents' -> false]].
15:20:53 DEBUG rmTransactionManager Creating new transaction with name [com.epam.brest.service.impl.CategoryServiceImplIT.testGetCategoryByID]: PROPAGATION_REQUIRED,ISOLATION_DEFAULT
15:20:53 DEBUG verManagerDataSource Creating new JDBC DriverManager Connection to [jdbc:h2:mem:test-db;MODE=MySQL;DB_CLOSE_DELAY=-1]
15:20:53 DEBUG ceTransactionManager Acquired Connection [conn8: url=jdbc:h2:mem:test-db user=SA] for JDBC transaction
15:20:53 DEBUG ceTransactionManager Switching JDBC Connection [conn8: url=jdbc:h2:mem:test-db user=SA] to manual commit
15:20:53 INFO  TransactionContext   Began transaction (1) for test context [DefaultTestContext@69e49a81 testClass = CategoryServiceImplIT, testInstance = com.epam.brest.service.impl.CategoryServiceImplIT@7a93b263, testMethod = testGetCategoryByID@CategoryServiceImplIT, testException = [null], mergedContextConfiguration = [MergedContextConfiguration@1023150a testClass = CategoryServiceImplIT, locations = '{classpath*:test-db.xml, classpath*:service-context-test.xml}', classes = '{}', contextInitializerClasses = '[]', activeProfiles = '{}', propertySourceLocations = '{}', propertySourceProperties = '{}', contextCustomizers = set[[empty]], contextLoader = 'org.springframework.test.context.support.DelegatingSmartContextLoader', parent = [null]], attributes = map['org.springframework.test.context.event.ApplicationEventsTestExecutionListener.recordApplicationEvents' -> false]]; transaction manager [org.springframework.jdbc.datasource.DataSourceTransactionManager@2679311f]; rollback [true]
15:20:53 DEBUG ontextLoaderDelegate Retrieved ApplicationContext [1800649922] from cache with key [[MergedContextConfiguration@1023150a testClass = CategoryServiceImplIT, locations = '{classpath*:test-db.xml, classpath*:service-context-test.xml}', classes = '{}', contextInitializerClasses = '[]', activeProfiles = '{}', propertySourceLocations = '{}', propertySourceProperties = '{}', contextCustomizers = set[[empty]], contextLoader = 'org.springframework.test.context.support.DelegatingSmartContextLoader', parent = [null]]]
15:20:53 DEBUG DefaultContextCache  Spring test ApplicationContext cache statistics: [DefaultContextCache@12f8b1d8 size = 1, maxSize = 32, parentContextCount = 0, hitCount = 54, missCount = 1]
15:20:53 DEBUG ontextLoaderDelegate Retrieved ApplicationContext [1800649922] from cache with key [[MergedContextConfiguration@1023150a testClass = CategoryServiceImplIT, locations = '{classpath*:test-db.xml, classpath*:service-context-test.xml}', classes = '{}', contextInitializerClasses = '[]', activeProfiles = '{}', propertySourceLocations = '{}', propertySourceProperties = '{}', contextCustomizers = set[[empty]], contextLoader = 'org.springframework.test.context.support.DelegatingSmartContextLoader', parent = [null]]]
15:20:53 DEBUG DefaultContextCache  Spring test ApplicationContext cache statistics: [DefaultContextCache@12f8b1d8 size = 1, maxSize = 32, parentContextCount = 0, hitCount = 55, missCount = 1]
15:20:53 DEBUG ategoryServiceImplIT Execute IT test getCategoryById()
15:20:53 DEBUG CategoryServiceImpl  find all categories
15:20:53 DEBUG CategoryDaoJDBCImpl  Start: findAllCategories()
15:20:53 DEBUG JdbcTemplate         Executing prepared SQL query
15:20:53 DEBUG JdbcTemplate         Executing prepared SQL statement [SELECT c.category_id, c.category_name FROM category c ORDER BY c.category_id]
15:20:53 DEBUG CategoryServiceImpl  get Category By Id 1
15:20:53 DEBUG CategoryDaoJDBCImpl  Get category by id = 1
15:20:53 DEBUG JdbcTemplate         Executing prepared SQL query
15:20:53 DEBUG JdbcTemplate         Executing prepared SQL statement [SELECT c.category_id, c.category_name FROM category c WHERE c.category_id = ?]
15:20:53 DEBUG ontextLoaderDelegate Retrieved ApplicationContext [1800649922] from cache with key [[MergedContextConfiguration@1023150a testClass = CategoryServiceImplIT, locations = '{classpath*:test-db.xml, classpath*:service-context-test.xml}', classes = '{}', contextInitializerClasses = '[]', activeProfiles = '{}', propertySourceLocations = '{}', propertySourceProperties = '{}', contextCustomizers = set[[empty]], contextLoader = 'org.springframework.test.context.support.DelegatingSmartContextLoader', parent = [null]]]
15:20:53 DEBUG DefaultContextCache  Spring test ApplicationContext cache statistics: [DefaultContextCache@12f8b1d8 size = 1, maxSize = 32, parentContextCount = 0, hitCount = 56, missCount = 1]
15:20:53 DEBUG ontextLoaderDelegate Retrieved ApplicationContext [1800649922] from cache with key [[MergedContextConfiguration@1023150a testClass = CategoryServiceImplIT, locations = '{classpath*:test-db.xml, classpath*:service-context-test.xml}', classes = '{}', contextInitializerClasses = '[]', activeProfiles = '{}', propertySourceLocations = '{}', propertySourceProperties = '{}', contextCustomizers = set[[empty]], contextLoader = 'org.springframework.test.context.support.DelegatingSmartContextLoader', parent = [null]]]
15:20:53 DEBUG DefaultContextCache  Spring test ApplicationContext cache statistics: [DefaultContextCache@12f8b1d8 size = 1, maxSize = 32, parentContextCount = 0, hitCount = 57, missCount = 1]
15:20:53 DEBUG rmTransactionManager Initiating transaction rollback
15:20:53 DEBUG ceTransactionManager Rolling back JDBC transaction on Connection [conn8: url=jdbc:h2:mem:test-db user=SA]
15:20:53 DEBUG ceTransactionManager Releasing JDBC Connection [conn8: url=jdbc:h2:mem:test-db user=SA] after transaction
15:20:53 INFO  TransactionContext   Rolled back transaction for test: [DefaultTestContext@69e49a81 testClass = CategoryServiceImplIT, testInstance = com.epam.brest.service.impl.CategoryServiceImplIT@7a93b263, testMethod = testGetCategoryByID@CategoryServiceImplIT, testException = [null], mergedContextConfiguration = [MergedContextConfiguration@1023150a testClass = CategoryServiceImplIT, locations = '{classpath*:test-db.xml, classpath*:service-context-test.xml}', classes = '{}', contextInitializerClasses = '[]', activeProfiles = '{}', propertySourceLocations = '{}', propertySourceProperties = '{}', contextCustomizers = set[[empty]], contextLoader = 'org.springframework.test.context.support.DelegatingSmartContextLoader', parent = [null]], attributes = map['org.springframework.test.context.event.ApplicationEventsTestExecutionListener.recordApplicationEvents' -> false]]
15:20:53 DEBUG estExecutionListener After test method: context [DefaultTestContext@69e49a81 testClass = CategoryServiceImplIT, testInstance = com.epam.brest.service.impl.CategoryServiceImplIT@7a93b263, testMethod = testGetCategoryByID@CategoryServiceImplIT, testException = [null], mergedContextConfiguration = [MergedContextConfiguration@1023150a testClass = CategoryServiceImplIT, locations = '{classpath*:test-db.xml, classpath*:service-context-test.xml}', classes = '{}', contextInitializerClasses = '[]', activeProfiles = '{}', propertySourceLocations = '{}', propertySourceProperties = '{}', contextCustomizers = set[[empty]], contextLoader = 'org.springframework.test.context.support.DelegatingSmartContextLoader', parent = [null]], attributes = map['org.springframework.test.context.event.ApplicationEventsTestExecutionListener.recordApplicationEvents' -> false]], class annotated with @DirtiesContext [false] with mode [null], method annotated with @DirtiesContext [false] with mode [null].
]]></system-out>
  </testcase>
</testsuite>